2016-05-25_13:21:58 EnO_switch_FEFBFE03 buttons: released
2016-05-25_13:21:58 EnO_switch_FEFBFE03 buttons: released
2016-05-25_13:22:01 EnO_switch_FEFBFE03 buttons: pressed
2016-05-25_13:22:01 EnO_switch_FEFBFE03 channelB: B0
2016-05-25_13:22:01 EnO_switch_FEFBFE03 A0,B0
2016-05-25_13:22:02 EnO_switch_FEFBFE03 buttons: released
2016-05-25_13:22:02 EnO_switch_FEFBFE03 buttons: A0 released
2016-05-25_13:22:04 EnO_switch_FEFBFE03 buttons: pressed
2016-05-25_13:22:04 EnO_switch_FEFBFE03 channelB: B0
2016-05-25_13:22:04 EnO_switch_FEFBFE03 AI,B0
2016-05-25_13:22:06 EnO_switch_FEFBFE03 buttons: released
2016-05-25_13:22:06 EnO_switch_FEFBFE03 buttons: AI released
2016-05-25_13:22:12 EnO_switch_FEFBFE03 buttons: pressed
2016-05-25_13:22:12 EnO_switch_FEFBFE03 channelB: BI
2016-05-25_13:22:12 EnO_switch_FEFBFE03 BI
2016-05-25_13:22:13 EnO_switch_FEFBFE03 buttons: released
2016-05-25_13:22:13 EnO_switch_FEFBFE03 buttons: released
2016-05-25_13:22:17 EnO_switch_FEFBFE03 buttons: pressed
2016-05-25_13:22:17 EnO_switch_FEFBFE03 channelA: A0
2016-05-25_13:22:17 EnO_switch_FEFBFE03 A0
2016-05-25_13:22:18 EnO_switch_FEFBFE03 buttons: released
2016-05-25_13:22:18 EnO_switch_FEFBFE03 buttons: A0 released
2016-05-25_13:22:20 EnO_switch_FEFBFE03 buttons: pressed
2016-05-25_13:22:20 EnO_switch_FEFBFE03 channelA: AI
2016-05-25_13:22:20 EnO_switch_FEFBFE03 AI
2016-05-25_13:22:21 EnO_switch_FEFBFE03 buttons: released
2016-05-25_13:22:21 EnO_switch_FEFBFE03 buttons: AI released
2016-05-25_13:22:28 EnO_switch_FEFBFE03 buttons: pressed
2016-05-25_13:22:28 EnO_switch_FEFBFE03 channelA: A0
2016-05-25_13:22:28 EnO_switch_FEFBFE03 A0
2016-05-25_13:22:29 EnO_switch_FEFBFE03 buttons: released
2016-05-25_13:22:29 EnO_switch_FEFBFE03 buttons: A0 released
2016-05-25_13:22:30 EnO_switch_FEFBFE03 buttons: pressed
2016-05-25_13:22:30 EnO_switch_FEFBFE03 channelB: B0
2016-05-25_13:22:30 EnO_switch_FEFBFE03 A0,B0
2016-05-25_13:22:31 EnO_switch_FEFBFE03 buttons: released
2016-05-25_13:22:31 EnO_switch_FEFBFE03 buttons: A0 released
2016-05-25_13:22:31 EnO_switch_FEFBFE03 buttons: pressed
2016-05-25_13:22:31 EnO_switch_FEFBFE03 channelB: B0
2016-05-25_13:22:31 EnO_switch_FEFBFE03 B0
2016-05-25_13:22:32 EnO_switch_FEFBFE03 buttons: released
2016-05-25_13:22:32 EnO_switch_FEFBFE03 buttons: released
2016-05-25_13:22:34 EnO_switch_FEFBFE03 buttons: pressed
2016-05-25_13:22:34 EnO_switch_FEFBFE03 channelB: BI
2016-05-25_13:22:34 EnO_switch_FEFBFE03 AI,BI
2016-05-25_13:22:36 EnO_switch_FEFBFE03 buttons: pressed
2016-05-25_13:22:36 EnO_switch_FEFBFE03 channelA: AI
2016-05-25_13:22:36 EnO_switch_FEFBFE03 AI
2016-05-25_13:22:37 EnO_switch_FEFBFE03 buttons: released
2016-05-25_13:22:37 EnO_switch_FEFBFE03 buttons: AI released
2016-05-25_13:22:40 EnO_switch_FEFBFE03 buttons: pressed
2016-05-25_13:22:40 EnO_switch_FEFBFE03 channelB: BI
2016-05-25_13:22:40 EnO_switch_FEFBFE03 BI
2016-05-25_13:22:40 EnO_switch_FEFBFE03 buttons: released
2016-05-25_13:22:40 EnO_switch_FEFBFE03 buttons: released
2016-05-25_13:22:41 EnO_switch_FEFBFE03 buttons: pressed
2016-05-25_13:22:41 EnO_switch_FEFBFE03 channelB: B0
2016-05-25_13:22:41 EnO_switch_FEFBFE03 B0
2016-05-25_13:22:41 EnO_switch_FEFBFE03 buttons: released
2016-05-25_13:22:41 EnO_switch_FEFBFE03 buttons: released
2016-05-25_13:22:43 EnO_switch_FEFBFE03 buttons: pressed
2016-05-25_13:22:43 EnO_switch_FEFBFE03 channelA: A0
2016-05-25_13:22:43 EnO_switch_FEFBFE03 A0
2016-05-25_13:22:43 EnO_switch_FEFBFE03 buttons: released
2016-05-25_13:22:43 EnO_switch_FEFBFE03 buttons: A0 released
2016-05-25_13:22:45 EnO_switch_FEFBFE03 buttons: pressed
2016-05-25_13:22:45 EnO_switch_FEFBFE03 pressed
2016-05-25_13:22:45 EnO_switch_FEFBFE03 buttons: released
2016-05-25_13:22:45 EnO_switch_FEFBFE03 buttons: released
2016-05-25_13:22:58 EnO_switch_FEFBFE03 buttons: pressed
2016-05-25_13:22:58 EnO_switch_FEFBFE03 pressed
2016-05-25_13:22:59 EnO_switch_FEFBFE03 buttons: released
2016-05-25_13:22:59 EnO_switch_FEFBFE03 buttons: released
2016-05-25_13:22:59 EnO_switch_FEFBFE03 buttons: pressed
2016-05-25_13:22:59 EnO_switch_FEFBFE03 pressed
2016-05-25_13:22:59 EnO_switch_FEFBFE03 buttons: released
2016-05-25_13:22:59 EnO_switch_FEFBFE03 buttons: released
2016-05-25_13:23:02 EnO_switch_FEFBFE03 buttons: pressed
2016-05-25_13:23:02 EnO_switch_FEFBFE03 channelA: A0
2016-05-25_13:23:02 EnO_switch_FEFBFE03 A0
2016-05-25_13:23:02 EnO_switch_FEFBFE03 buttons: released
2016-05-25_13:23:02 EnO_switch_FEFBFE03 buttons: A0 released
2016-05-25_13:23:13 EnO_switch_FEFBFE03 buttons: pressed
2016-05-25_13:23:13 EnO_switch_FEFBFE03 pressed
2016-05-25_13:23:14 EnO_switch_FEFBFE03 buttons: released
2016-05-25_13:23:14 EnO_switch_FEFBFE03 buttons: released
2016-05-25_13:23:14 EnO_switch_FEFBFE03 buttons: pressed
2016-05-25_13:23:14 EnO_switch_FEFBFE03 pressed
2016-05-25_13:23:14 EnO_switch_FEFBFE03 buttons: released
2016-05-25_13:23:14 EnO_switch_FEFBFE03 buttons: released
2016-05-25_13:23:14 EnO_switch_FEFBFE03 buttons: pressed
2016-05-25_13:23:14 EnO_switch_FEFBFE03 pressed
2016-05-25_13:23:14 EnO_switch_FEFBFE03 buttons: released
2016-05-25_13:23:14 EnO_switch_FEFBFE03 buttons: released
2016-05-25_13:23:14 EnO_switch_FEFBFE03 buttons: pressed
2016-05-25_13:23:14 EnO_switch_FEFBFE03 pressed
2016-05-25_13:23:15 EnO_switch_FEFBFE03 buttons: released
2016-05-25_13:23:15 EnO_switch_FEFBFE03 buttons: released
2016-05-25_13:23:15 EnO_switch_FEFBFE03 buttons: pressed
2016-05-25_13:23:15 EnO_switch_FEFBFE03 pressed
2016-05-25_13:23:15 EnO_switch_FEFBFE03 buttons: released
2016-05-25_13:23:15 EnO_switch_FEFBFE03 buttons: released
2016-05-25_13:23:17 EnO_switch_FEFBFE03 buttons: pressed
2016-05-25_13:23:17 EnO_switch_FEFBFE03 channelA: A0
2016-05-25_13:23:17 EnO_switch_FEFBFE03 A0
2016-05-25_13:23:17 EnO_switch_FEFBFE03 buttons: released
2016-05-25_13:23:17 EnO_switch_FEFBFE03 buttons: A0 released
2016-05-25_13:23:17 EnO_switch_FEFBFE03 buttons: pressed
2016-05-25_13:23:17 EnO_switch_FEFBFE03 channelA: A0
2016-05-25_13:23:17 EnO_switch_FEFBFE03 A0
2016-05-25_13:23:17 EnO_switch_FEFBFE03 buttons: released
2016-05-25_13:23:17 EnO_switch_FEFBFE03 buttons: A0 released
2016-05-25_13:23:19 EnO_switch_FEFBFE03 buttons: pressed
2016-05-25_13:23:19 EnO_switch_FEFBFE03 channelA: AI
2016-05-25_13:23:19 EnO_switch_FEFBFE03 AI
2016-05-25_13:23:19 EnO_switch_FEFBFE03 buttons: released
2016-05-25_13:23:19 EnO_switch_FEFBFE03 buttons: AI released
2016-05-25_13:23:19 EnO_switch_FEFBFE03 buttons: pressed
2016-05-25_13:23:19 EnO_switch_FEFBFE03 channelA: AI
2016-05-25_13:23:19 EnO_switch_FEFBFE03 AI
2016-05-25_13:23:19 EnO_switch_FEFBFE03 buttons: released
2016-05-25_13:23:19 EnO_switch_FEFBFE03 buttons: AI released
2016-05-25_13:26:11 EnO_switch_FEFBFE03 buttons: pressed
2016-05-25_13:26:11 EnO_switch_FEFBFE03 channelB: B0
2016-05-25_13:26:11 EnO_switch_FEFBFE03 B0
2016-05-25_13:26:12 EnO_switch_FEFBFE03 buttons: released
2016-05-25_13:26:12 EnO_switch_FEFBFE03 buttons: released
2016-05-25_13:27:46 EnO_switch_FEFBFE03 buttons: pressed
2016-05-25_13:27:46 EnO_switch_FEFBFE03 channelB: BI
2016-05-25_13:27:46 EnO_switch_FEFBFE03 BI
2016-05-25_13:27:46 EnO_switch_FEFBFE03 buttons: released
2016-05-25_13:27:46 EnO_switch_FEFBFE03 buttons: released
2016-05-25_13:27:49 EnO_switch_FEFBFE03 buttons: pressed
2016-05-25_13:27:49 EnO_switch_FEFBFE03 channelB: B0
2016-05-25_13:27:49 EnO_switch_FEFBFE03 B0
2016-05-25_13:27:49 EnO_switch_FEFBFE03 buttons: released
2016-05-25_13:27:49 EnO_switch_FEFBFE03 buttons: released
2016-05-25_13:27:49 EnO_switch_FEFBFE03 buttons: pressed
2016-05-25_13:27:49 EnO_switch_FEFBFE03 channelB: BI
2016-05-25_13:27:49 EnO_switch_FEFBFE03 BI
2016-05-25_13:27:50 EnO_switch_FEFBFE03 buttons: released
2016-05-25_13:27:50 EnO_switch_FEFBFE03 buttons: released
2016-05-25_13:27:53 EnO_switch_FEFBFE03 buttons: pressed
2016-05-25_13:27:53 EnO_switch_FEFBFE03 channelA: AI
2016-05-25_13:27:53 EnO_switch_FEFBFE03 AI
2016-05-25_13:27:53 EnO_switch_FEFBFE03 buttons: released
2016-05-25_13:27:53 EnO_switch_FEFBFE03 buttons: AI released
2016-05-25_13:27:54 EnO_switch_FEFBFE03 buttons: pressed
2016-05-25_13:27:54 EnO_switch_FEFBFE03 channelA: A0
2016-05-25_13:27:54 EnO_switch_FEFBFE03 A0
2016-05-25_13:27:55 EnO_switch_FEFBFE03 buttons: released
2016-05-25_13:27:55 EnO_switch_FEFBFE03 buttons: A0 released
2016-05-25_13:27:56 EnO_switch_FEFBFE03 buttons: pressed
2016-05-25_13:27:56 EnO_switch_FEFBFE03 channelA: AI
2016-05-25_13:27:56 EnO_switch_FEFBFE03 AI
2016-05-25_13:27:57 EnO_switch_FEFBFE03 buttons: released
2016-05-25_13:27:57 EnO_switch_FEFBFE03 buttons: AI released
2016-05-25_13:27:57 EnO_switch_FEFBFE03 buttons: pressed
2016-05-25_13:27:57 EnO_switch_FEFBFE03 channelB: B0
2016-05-25_13:27:57 EnO_switch_FEFBFE03 B0
2016-05-25_13:27:57 EnO_switch_FEFBFE03 buttons: released
2016-05-25_13:27:57 EnO_switch_FEFBFE03 buttons: released
2016-05-25_13:27:59 EnO_switch_FEFBFE03 buttons: pressed
2016-05-25_13:27:59 EnO_switch_FEFBFE03 channelB: BI
2016-05-25_13:27:59 EnO_switch_FEFBFE03 A0,BI
2016-05-25_13:27:59 EnO_switch_FEFBFE03 buttons: released
2016-05-25_13:27:59 EnO_switch_FEFBFE03 buttons: A0 released
2016-05-25_13:28:02 EnO_switch_FEFBFE03 buttons: pressed
2016-05-25_13:28:02 EnO_switch_FEFBFE03 channelB: B0
2016-05-25_13:28:02 EnO_switch_FEFBFE03 AI,B0
2016-05-25_13:28:02 EnO_switch_FEFBFE03 buttons: released
2016-05-25_13:28:02 EnO_switch_FEFBFE03 buttons: AI released
2016-05-25_13:28:08 EnO_switch_FEFBFE03 buttons: pressed
2016-05-25_13:28:08 EnO_switch_FEFBFE03 channelB: B0
2016-05-25_13:28:08 EnO_switch_FEFBFE03 AI,B0
2016-05-25_13:28:08 EnO_switch_FEFBFE03 buttons: released
2016-05-25_13:28:08 EnO_switch_FEFBFE03 buttons: AI released
2016-05-25_13:28:12 EnO_switch_FEFBFE03 buttons: pressed
2016-05-25_13:28:12 EnO_switch_FEFBFE03 channelA: AI
2016-05-25_13:28:12 EnO_switch_FEFBFE03 AI
2016-05-25_13:28:12 EnO_switch_FEFBFE03 buttons: released
2016-05-25_13:28:12 EnO_switch_FEFBFE03 buttons: AI released
2016-05-25_13:28:13 EnO_switch_FEFBFE03 buttons: pressed
2016-05-25_13:28:13 EnO_switch_FEFBFE03 channelA: AI
2016-05-25_13:28:13 EnO_switch_FEFBFE03 AI
2016-05-25_13:28:14 EnO_switch_FEFBFE03 buttons: released
2016-05-25_13:28:14 EnO_switch_FEFBFE03 buttons: AI released
2016-05-25_13:28:14 EnO_switch_FEFBFE03 buttons: pressed
2016-05-25_13:28:14 EnO_switch_FEFBFE03 channelA: A0
2016-05-25_13:28:14 EnO_switch_FEFBFE03 A0
2016-05-25_13:28:15 EnO_switch_FEFBFE03 buttons: released
2016-05-25_13:28:15 EnO_switch_FEFBFE03 buttons: A0 released
2016-05-25_13:28:15 EnO_switch_FEFBFE03 buttons: pressed
2016-05-25_13:28:15 EnO_switch_FEFBFE03 channelB: B0
2016-05-25_13:28:15 EnO_switch_FEFBFE03 B0
2016-05-25_13:28:16 EnO_switch_FEFBFE03 buttons: released
2016-05-25_13:28:16 EnO_switch_FEFBFE03 buttons: released
2016-05-25_13:28:16 EnO_switch_FEFBFE03 buttons: pressed
2016-05-25_13:28:16 EnO_switch_FEFBFE03 channelB: BI
2016-05-25_13:28:16 EnO_switch_FEFBFE03 BI
2016-05-25_13:28:16 EnO_switch_FEFBFE03 buttons: released
2016-05-25_13:28:16 EnO_switch_FEFBFE03 buttons: released
2016-05-25_13:28:23 EnO_switch_FEFBFE03 buttons: pressed
2016-05-25_13:28:23 EnO_switch_FEFBFE03 channelB: B0
2016-05-25_13:28:23 EnO_switch_FEFBFE03 AI,B0
2016-05-25_13:28:23 EnO_switch_FEFBFE03 buttons: released
2016-05-25_13:28:23 EnO_switch_FEFBFE03 buttons: AI released
2016-05-25_13:28:25 EnO_switch_FEFBFE03 buttons: pressed
2016-05-25_13:28:25 EnO_switch_FEFBFE03 channelB: BI
2016-05-25_13:28:25 EnO_switch_FEFBFE03 A0,BI
2016-05-25_13:28:28 EnO_switch_FEFBFE03 buttons: released
2016-05-25_13:28:28 EnO_switch_FEFBFE03 buttons: A0 released
2016-05-25_13:28:38 EnO_switch_FEFBFE03 buttons: pressed
2016-05-25_13:28:38 EnO_switch_FEFBFE03 channelB: BI
2016-05-25_13:28:38 EnO_switch_FEFBFE03 BI
2016-05-25_13:28:38 EnO_switch_FEFBFE03 buttons: released
2016-05-25_13:28:38 EnO_switch_FEFBFE03 buttons: released
2016-05-25_13:28:42 EnO_switch_FEFBFE03 buttons: pressed
2016-05-25_13:28:42 EnO_switch_FEFBFE03 channelA: AI
2016-05-25_13:28:42 EnO_switch_FEFBFE03 AI
2016-05-25_13:28:42 EnO_switch_FEFBFE03 buttons: released
2016-05-25_13:28:42 EnO_switch_FEFBFE03 buttons: AI released
2016-05-25_13:30:46 EnO_switch_FEFBFE03 buttons: pressed
2016-05-25_13:30:46 EnO_switch_FEFBFE03 channelB: BI
2016-05-25_13:30:46 EnO_switch_FEFBFE03 BI
2016-05-25_13:30:46 EnO_switch_FEFBFE03 buttons: released
2016-05-25_13:30:46 EnO_switch_FEFBFE03 buttons: released
2016-05-25_13:30:46 EnO_switch_FEFBFE03 buttons: pressed
2016-05-25_13:30:46 EnO_switch_FEFBFE03 channelB: BI
2016-05-25_13:30:46 EnO_switch_FEFBFE03 BI
2016-05-25_13:30:47 EnO_switch_FEFBFE03 buttons: released
2016-05-25_13:30:47 EnO_switch_FEFBFE03 buttons: released
2016-05-25_13:30:47 EnO_switch_FEFBFE03 buttons: pressed
2016-05-25_13:30:47 EnO_switch_FEFBFE03 channelB: BI
2016-05-25_13:30:47 EnO_switch_FEFBFE03 BI
2016-05-25_13:30:47 EnO_switch_FEFBFE03 buttons: released
2016-05-25_13:30:47 EnO_switch_FEFBFE03 buttons: released
2016-05-25_13:30:56 EnO_switch_FEFBFE03 buttons: pressed
2016-05-25_13:30:56 EnO_switch_FEFBFE03 channelB: B0
2016-05-25_13:30:56 EnO_switch_FEFBFE03 B0
2016-05-25_13:30:56 EnO_switch_FEFBFE03 buttons: released
2016-05-25_13:30:56 EnO_switch_FEFBFE03 buttons: released
2016-05-25_13:30:57 EnO_switch_FEFBFE03 buttons: pressed
2016-05-25_13:30:57 EnO_switch_FEFBFE03 channelB: BI
2016-05-25_13:30:57 EnO_switch_FEFBFE03 BI
2016-05-25_13:30:58 EnO_switch_FEFBFE03 buttons: released
2016-05-25_13:30:58 EnO_switch_FEFBFE03 buttons: released
2016-05-25_13:31:03 EnO_switch_FEFBFE03 buttons: pressed
2016-05-25_13:31:03 EnO_switch_FEFBFE03 channelB: BI
2016-05-25_13:31:03 EnO_switch_FEFBFE03 BI
2016-05-25_13:31:03 EnO_switch_FEFBFE03 buttons: released
2016-05-25_13:31:03 EnO_switch_FEFBFE03 buttons: released
2016-05-25_13:31:31 EnO_switch_FEFBFE03 buttons: pressed
2016-05-25_13:31:31 EnO_switch_FEFBFE03 channelB: BI
2016-05-25_13:31:31 EnO_switch_FEFBFE03 BI
2016-05-25_13:31:31 EnO_switch_FEFBFE03 buttons: released
2016-05-25_13:31:31 EnO_switch_FEFBFE03 buttons: released
2016-05-25_13:31:34 EnO_switch_FEFBFE03 buttons: pressed
2016-05-25_13:31:34 EnO_switch_FEFBFE03 channelB: BI
2016-05-25_13:31:34 EnO_switch_FEFBFE03 BI
2016-05-25_13:31:34 EnO_switch_FEFBFE03 buttons: released
2016-05-25_13:31:34 EnO_switch_FEFBFE03 buttons: released
2016-05-25_13:31:50 EnO_switch_FEFBFE03 buttons: pressed
2016-05-25_13:31:50 EnO_switch_FEFBFE03 channelB: B0
2016-05-25_13:31:50 EnO_switch_FEFBFE03 B0
2016-05-25_13:31:50 EnO_switch_FEFBFE03 buttons: released
2016-05-25_13:31:50 EnO_switch_FEFBFE03 buttons: released
2016-05-25_13:31:51 EnO_switch_FEFBFE03 buttons: pressed
2016-05-25_13:31:51 EnO_switch_FEFBFE03 channelB: BI
2016-05-25_13:31:51 EnO_switch_FEFBFE03 BI
2016-05-25_13:31:52 EnO_switch_FEFBFE03 buttons: released
2016-05-25_13:31:52 EnO_switch_FEFBFE03 buttons: released
2016-05-25_13:31:55 EnO_switch_FEFBFE03 buttons: pressed
2016-05-25_13:31:55 EnO_switch_FEFBFE03 channelB: B0
2016-05-25_13:31:55 EnO_switch_FEFBFE03 B0
2016-05-25_13:31:56 EnO_switch_FEFBFE03 buttons: released
2016-05-25_13:31:56 EnO_switch_FEFBFE03 buttons: released
2016-05-25_13:31:56 EnO_switch_FEFBFE03 buttons: pressed
2016-05-25_13:31:56 EnO_switch_FEFBFE03 channelB: BI
2016-05-25_13:31:56 EnO_switch_FEFBFE03 BI
2016-05-25_13:31:57 EnO_switch_FEFBFE03 buttons: released
2016-05-25_13:31:57 EnO_switch_FEFBFE03 buttons: released
2016-05-25_13:31:57 EnO_switch_FEFBFE03 buttons: pressed
2016-05-25_13:31:57 EnO_switch_FEFBFE03 channelB: B0
2016-05-25_13:31:57 EnO_switch_FEFBFE03 B0
2016-05-25_13:31:57 EnO_switch_FEFBFE03 buttons: released
2016-05-25_13:31:57 EnO_switch_FEFBFE03 buttons: released
2016-05-25_13:32:07 EnO_switch_FEFBFE03 buttons: pressed
2016-05-25_13:32:07 EnO_switch_FEFBFE03 channelB: BI
2016-05-25_13:32:07 EnO_switch_FEFBFE03 BI
2016-05-25_13:32:07 EnO_switch_FEFBFE03 buttons: released
2016-05-25_13:32:07 EnO_switch_FEFBFE03 buttons: released
2016-05-25_13:32:08 EnO_switch_FEFBFE03 buttons: pressed
2016-05-25_13:32:08 EnO_switch_FEFBFE03 channelB: B0
2016-05-25_13:32:08 EnO_switch_FEFBFE03 B0
2016-05-25_13:32:08 EnO_switch_FEFBFE03 buttons: released
2016-05-25_13:32:08 EnO_switch_FEFBFE03 buttons: released
2016-05-25_13:32:08 EnO_switch_FEFBFE03 buttons: pressed
2016-05-25_13:32:08 EnO_switch_FEFBFE03 channelB: B0
2016-05-25_13:32:08 EnO_switch_FEFBFE03 B0
2016-05-25_13:32:11 EnO_switch_FEFBFE03 buttons: released
2016-05-25_13:32:11 EnO_switch_FEFBFE03 buttons: released
2016-05-25_13:32:12 EnO_switch_FEFBFE03 buttons: pressed
2016-05-25_13:32:12 EnO_switch_FEFBFE03 channelB: B0
2016-05-25_13:32:12 EnO_switch_FEFBFE03 B0
2016-05-25_13:32:12 EnO_switch_FEFBFE03 buttons: released
2016-05-25_13:32:12 EnO_switch_FEFBFE03 buttons: released
2016-05-25_13:35:22 EnO_switch_FEFBFE03 buttons: pressed
2016-05-25_13:35:22 EnO_switch_FEFBFE03 channelB: B0
2016-05-25_13:35:22 EnO_switch_FEFBFE03 B0
2016-05-25_13:35:22 EnO_switch_FEFBFE03 buttons: released
2016-05-25_13:35:22 EnO_switch_FEFBFE03 buttons: released
2016-05-25_13:35:22 EnO_switch_FEFBFE03 buttons: pressed
2016-05-25_13:35:22 EnO_switch_FEFBFE03 channelB: BI
2016-05-25_13:35:22 EnO_switch_FEFBFE03 BI
2016-05-25_13:35:22 EnO_switch_FEFBFE03 buttons: released
2016-05-25_13:35:22 EnO_switch_FEFBFE03 buttons: released
2016-05-25_13:35:22 EnO_switch_FEFBFE03 buttons: pressed
2016-05-25_13:35:22 EnO_switch_FEFBFE03 channelB: B0
2016-05-25_13:35:22 EnO_switch_FEFBFE03 B0
2016-05-25_13:35:23 EnO_switch_FEFBFE03 buttons: released
2016-05-25_13:35:23 EnO_switch_FEFBFE03 buttons: released
2016-05-25_13:35:26 EnO_switch_FEFBFE03 buttons: pressed
2016-05-25_13:35:26 EnO_switch_FEFBFE03 channelB: B0
2016-05-25_13:35:26 EnO_switch_FEFBFE03 B0
2016-05-25_13:35:26 EnO_switch_FEFBFE03 buttons: released
2016-05-25_13:35:26 EnO_switch_FEFBFE03 buttons: released
2016-05-25_13:49:37 EnO_switch_FEFBFE03 buttons: pressed
2016-05-25_13:49:37 EnO_switch_FEFBFE03 channelB: B0
2016-05-25_13:49:37 EnO_switch_FEFBFE03 B0
2016-05-25_13:49:37 EnO_switch_FEFBFE03 buttons: released
2016-05-25_13:49:37 EnO_switch_FEFBFE03 buttons: released
2016-05-25_13:49:38 EnO_switch_FEFBFE03 buttons: pressed
2016-05-25_13:49:38 EnO_switch_FEFBFE03 channelB: BI
2016-05-25_13:49:38 EnO_switch_FEFBFE03 BI
2016-05-25_13:49:39 EnO_switch_FEFBFE03 buttons: released
2016-05-25_13:49:39 EnO_switch_FEFBFE03 buttons: released
2016-05-25_14:10:56 EnO_switch_FEFBFE03 buttons: pressed
2016-05-25_14:10:56 EnO_switch_FEFBFE03 channelB: B0
2016-05-25_14:10:56 EnO_switch_FEFBFE03 B0
2016-05-25_14:10:56 EnO_switch_FEFBFE03 buttons: released
2016-05-25_14:10:56 EnO_switch_FEFBFE03 buttons: released
2016-05-25_14:10:56 EnO_switch_FEFBFE03 buttons: pressed
2016-05-25_14:10:56 EnO_switch_FEFBFE03 channelB: B0
2016-05-25_14:10:56 EnO_switch_FEFBFE03 B0
2016-05-25_14:10:57 EnO_switch_FEFBFE03 buttons: released
2016-05-25_14:10:57 EnO_switch_FEFBFE03 buttons: released
2016-05-25_14:10:57 EnO_switch_FEFBFE03 buttons: pressed
2016-05-25_14:10:57 EnO_switch_FEFBFE03 channelB: BI
2016-05-25_14:10:57 EnO_switch_FEFBFE03 BI
2016-05-25_14:10:57 EnO_switch_FEFBFE03 buttons: released
2016-05-25_14:10:57 EnO_switch_FEFBFE03 buttons: released
2016-05-25_14:10:58 EnO_switch_FEFBFE03 buttons: pressed
2016-05-25_14:10:58 EnO_switch_FEFBFE03 channelB: BI
2016-05-25_14:10:58 EnO_switch_FEFBFE03 BI
2016-05-25_14:10:58 EnO_switch_FEFBFE03 buttons: released
2016-05-25_14:10:58 EnO_switch_FEFBFE03 buttons: released
2016-05-25_14:11:01 EnO_switch_FEFBFE03 buttons: pressed
2016-05-25_14:11:01 EnO_switch_FEFBFE03 channelB: BI
2016-05-25_14:11:01 EnO_switch_FEFBFE03 BI
2016-05-25_14:11:01 EnO_switch_FEFBFE03 buttons: released
2016-05-25_14:11:01 EnO_switch_FEFBFE03 buttons: released
2016-05-25_14:11:01 EnO_switch_FEFBFE03 buttons: pressed
2016-05-25_14:11:01 EnO_switch_FEFBFE03 channelB: B0
2016-05-25_14:11:01 EnO_switch_FEFBFE03 B0
2016-05-25_14:11:02 EnO_switch_FEFBFE03 buttons: released
2016-05-25_14:11:02 EnO_switch_FEFBFE03 buttons: released
2016-05-25_14:11:04 EnO_switch_FEFBFE03 buttons: pressed
2016-05-25_14:11:04 EnO_switch_FEFBFE03 channelB: BI
2016-05-25_14:11:04 EnO_switch_FEFBFE03 BI
2016-05-25_14:11:04 EnO_switch_FEFBFE03 buttons: released
2016-05-25_14:11:04 EnO_switch_FEFBFE03 buttons: released
2016-05-25_14:11:07 EnO_switch_FEFBFE03 buttons: pressed
2016-05-25_14:11:07 EnO_switch_FEFBFE03 pressed
2016-05-25_14:11:10 EnO_switch_FEFBFE03 buttons: released
2016-05-25_14:11:10 EnO_switch_FEFBFE03 buttons: released
2016-05-25_14:11:10 EnO_switch_FEFBFE03 buttons: pressed
2016-05-25_14:11:10 EnO_switch_FEFBFE03 channelA: AI
2016-05-25_14:11:10 EnO_switch_FEFBFE03 AI
2016-05-25_14:11:11 EnO_switch_FEFBFE03 buttons: released
2016-05-25_14:11:11 EnO_switch_FEFBFE03 buttons: AI released
2016-05-25_14:11:48 EnO_switch_FEFBFE03 buttons: pressed
2016-05-25_14:11:48 EnO_switch_FEFBFE03 channelA: AI
2016-05-25_14:11:48 EnO_switch_FEFBFE03 AI
2016-05-25_14:11:50 EnO_switch_FEFBFE03 buttons: released
2016-05-25_14:11:50 EnO_switch_FEFBFE03 buttons: released
2016-05-25_14:11:53 EnO_switch_FEFBFE03 buttons: pressed
2016-05-25_14:11:53 EnO_switch_FEFBFE03 channelA: AI
2016-05-25_14:11:53 EnO_switch_FEFBFE03 AI
2016-05-25_14:11:53 EnO_switch_FEFBFE03 buttons: released
2016-05-25_14:11:53 EnO_switch_FEFBFE03 buttons: released
2016-05-26_13:33:51 EnO_switch_FEFBFE03 buttons: pressed
2016-05-26_13:33:51 EnO_switch_FEFBFE03 channelA: A0
2016-05-26_13:33:51 EnO_switch_FEFBFE03 A0
2016-05-26_13:33:51 EnO_switch_FEFBFE03 buttons: released
2016-05-26_13:33:51 EnO_switch_FEFBFE03 buttons: released
2016-05-26_13:33:51 EnO_switch_FEFBFE03 buttons: pressed
2016-05-26_13:33:51 EnO_switch_FEFBFE03 channelA: A0
2016-05-26_13:33:51 EnO_switch_FEFBFE03 A0
2016-05-26_13:33:51 EnO_switch_FEFBFE03 buttons: released
2016-05-26_13:33:51 EnO_switch_FEFBFE03 buttons: released
2016-05-26_13:33:57 EnO_switch_FEFBFE03 buttons: pressed
2016-05-26_13:33:57 EnO_switch_FEFBFE03 channelA: AI
2016-05-26_13:33:57 EnO_switch_FEFBFE03 AI
2016-05-26_13:33:57 EnO_switch_FEFBFE03 buttons: released
2016-05-26_13:33:57 EnO_switch_FEFBFE03 buttons: released
2016-05-26_13:33:58 EnO_switch_FEFBFE03 buttons: pressed
2016-05-26_13:33:58 EnO_switch_FEFBFE03 channelA: AI
2016-05-26_13:33:58 EnO_switch_FEFBFE03 AI
2016-05-26_13:33:59 EnO_switch_FEFBFE03 buttons: released
2016-05-26_13:33:59 EnO_switch_FEFBFE03 buttons: released
2016-05-26_13:34:01 EnO_switch_FEFBFE03 buttons: pressed
2016-05-26_13:34:01 EnO_switch_FEFBFE03 channelA: A0
2016-05-26_13:34:01 EnO_switch_FEFBFE03 A0
2016-05-26_13:34:02 EnO_switch_FEFBFE03 buttons: released
2016-05-26_13:34:02 EnO_switch_FEFBFE03 buttons: released
2016-05-26_13:34:02 EnO_switch_FEFBFE03 buttons: pressed
2016-05-26_13:34:02 EnO_switch_FEFBFE03 channelA: A0
2016-05-26_13:34:02 EnO_switch_FEFBFE03 A0
2016-05-26_13:34:02 EnO_switch_FEFBFE03 buttons: released
2016-05-26_13:34:02 EnO_switch_FEFBFE03 buttons: released
2016-05-26_13:34:03 EnO_switch_FEFBFE03 buttons: pressed
2016-05-26_13:34:03 EnO_switch_FEFBFE03 channelA: AI
2016-05-26_13:34:03 EnO_switch_FEFBFE03 AI
2016-05-26_13:34:03 EnO_switch_FEFBFE03 buttons: released
2016-05-26_13:34:03 EnO_switch_FEFBFE03 buttons: released
2016-05-26_13:34:08 EnO_switch_FEFBFE03 buttons: pressed
2016-05-26_13:34:08 EnO_switch_FEFBFE03 channelB: B0
2016-05-26_13:34:08 EnO_switch_FEFBFE03 B0
2016-05-26_13:34:08 EnO_switch_FEFBFE03 buttons: released
2016-05-26_13:34:08 EnO_switch_FEFBFE03 buttons: B0 released
2016-05-26_13:34:09 EnO_switch_FEFBFE03 buttons: pressed
2016-05-26_13:34:09 EnO_switch_FEFBFE03 channelB: B0
2016-05-26_13:34:09 EnO_switch_FEFBFE03 B0
2016-05-26_13:34:09 EnO_switch_FEFBFE03 buttons: released
2016-05-26_13:34:09 EnO_switch_FEFBFE03 buttons: B0 released
2016-05-26_13:34:10 EnO_switch_FEFBFE03 buttons: pressed
2016-05-26_13:34:10 EnO_switch_FEFBFE03 channelB: B0
2016-05-26_13:34:10 EnO_switch_FEFBFE03 B0
2016-05-26_13:34:10 EnO_switch_FEFBFE03 buttons: released
2016-05-26_13:34:10 EnO_switch_FEFBFE03 buttons: B0 released
2016-05-26_13:34:12 EnO_switch_FEFBFE03 buttons: pressed
2016-05-26_13:34:12 EnO_switch_FEFBFE03 channelB: BI
2016-05-26_13:34:12 EnO_switch_FEFBFE03 BI
2016-05-26_13:34:13 EnO_switch_FEFBFE03 buttons: released
2016-05-26_13:34:13 EnO_switch_FEFBFE03 buttons: BI released
2016-05-26_13:34:13 EnO_switch_FEFBFE03 buttons: pressed
2016-05-26_13:34:13 EnO_switch_FEFBFE03 channelB: BI
2016-05-26_13:34:13 EnO_switch_FEFBFE03 BI
2016-05-26_13:34:14 EnO_switch_FEFBFE03 buttons: released
2016-05-26_13:34:14 EnO_switch_FEFBFE03 buttons: BI released
2016-05-26_14:06:07 EnO_switch_FEFBFE03 buttons: pressed
2016-05-26_14:06:07 EnO_switch_FEFBFE03 channelA: A0
2016-05-26_14:06:07 EnO_switch_FEFBFE03 A0
2016-05-26_14:06:07 EnO_switch_FEFBFE03 buttons: released
2016-05-26_14:06:07 EnO_switch_FEFBFE03 buttons: released
2016-05-26_14:06:11 EnO_switch_FEFBFE03 buttons: pressed
2016-05-26_14:06:11 EnO_switch_FEFBFE03 channelA: AI
2016-05-26_14:06:11 EnO_switch_FEFBFE03 AI
2016-05-26_14:06:11 EnO_switch_FEFBFE03 buttons: released
2016-05-26_14:06:11 EnO_switch_FEFBFE03 buttons: released
2016-05-26_14:36:19 EnO_switch_FEFBFE03 buttons: pressed
2016-05-26_14:36:19 EnO_switch_FEFBFE03 channelA: A0
2016-05-26_14:36:19 EnO_switch_FEFBFE03 A0
2016-05-26_14:36:19 EnO_switch_FEFBFE03 buttons: released
2016-05-26_14:36:19 EnO_switch_FEFBFE03 buttons: released
2016-05-26_14:36:20 EnO_switch_FEFBFE03 buttons: pressed
2016-05-26_14:36:20 EnO_switch_FEFBFE03 channelA: AI
2016-05-26_14:36:20 EnO_switch_FEFBFE03 AI
2016-05-26_14:36:20 EnO_switch_FEFBFE03 buttons: released
2016-05-26_14:36:20 EnO_switch_FEFBFE03 buttons: released
2016-05-26_14:36:21 EnO_switch_FEFBFE03 buttons: pressed
2016-05-26_14:36:21 EnO_switch_FEFBFE03 channelA: AI
2016-05-26_14:36:21 EnO_switch_FEFBFE03 AI
2016-05-26_14:36:22 EnO_switch_FEFBFE03 buttons: released
2016-05-26_14:36:22 EnO_switch_FEFBFE03 buttons: released
2016-05-26_14:36:31 EnO_switch_FEFBFE03 buttons: pressed
2016-05-26_14:36:31 EnO_switch_FEFBFE03 channelA: A0
2016-05-26_14:36:31 EnO_switch_FEFBFE03 A0
2016-05-26_14:36:31 EnO_switch_FEFBFE03 buttons: released
2016-05-26_14:36:31 EnO_switch_FEFBFE03 buttons: released
2016-05-26_14:36:31 EnO_switch_FEFBFE03 buttons: pressed
2016-05-26_14:36:31 EnO_switch_FEFBFE03 channelA: A0
2016-05-26_14:36:31 EnO_switch_FEFBFE03 A0
2016-05-26_14:36:32 EnO_switch_FEFBFE03 buttons: released
2016-05-26_14:36:32 EnO_switch_FEFBFE03 buttons: released
2016-05-26_14:36:32 EnO_switch_FEFBFE03 buttons: pressed
2016-05-26_14:36:32 EnO_switch_FEFBFE03 channelA: A0
2016-05-26_14:36:32 EnO_switch_FEFBFE03 A0
2016-05-26_14:36:34 EnO_switch_FEFBFE03 buttons: released
2016-05-26_14:36:34 EnO_switch_FEFBFE03 buttons: released
2016-05-26_14:36:36 EnO_switch_FEFBFE03 buttons: pressed
2016-05-26_14:36:36 EnO_switch_FEFBFE03 channelA: AI
2016-05-26_14:36:36 EnO_switch_FEFBFE03 AI
2016-05-26_14:36:36 EnO_switch_FEFBFE03 buttons: released
2016-05-26_14:36:36 EnO_switch_FEFBFE03 buttons: released
2016-05-26_14:36:40 EnO_switch_FEFBFE03 buttons: pressed
2016-05-26_14:36:40 EnO_switch_FEFBFE03 channelA: AI
2016-05-26_14:36:40 EnO_switch_FEFBFE03 AI
2016-05-26_14:36:41 EnO_switch_FEFBFE03 buttons: released
2016-05-26_14:36:41 EnO_switch_FEFBFE03 buttons: released
2016-05-26_14:36:42 EnO_switch_FEFBFE03 buttons: pressed
2016-05-26_14:36:42 EnO_switch_FEFBFE03 channelB: B0
2016-05-26_14:36:42 EnO_switch_FEFBFE03 B0
2016-05-26_14:36:43 EnO_switch_FEFBFE03 buttons: released
2016-05-26_14:36:43 EnO_switch_FEFBFE03 buttons: released
2016-05-26_14:36:45 EnO_switch_FEFBFE03 buttons: pressed
2016-05-26_14:36:45 EnO_switch_FEFBFE03 channelB: BI
2016-05-26_14:36:45 EnO_switch_FEFBFE03 A0,BI
2016-05-26_14:36:46 EnO_switch_FEFBFE03 buttons: released
2016-05-26_14:36:46 EnO_switch_FEFBFE03 buttons: released
2016-05-26_14:36:47 EnO_switch_FEFBFE03 buttons: pressed
2016-05-26_14:36:47 EnO_switch_FEFBFE03 channelB: BI
2016-05-26_14:36:47 EnO_switch_FEFBFE03 BI
2016-05-26_14:36:47 EnO_switch_FEFBFE03 buttons: released
2016-05-26_14:36:47 EnO_switch_FEFBFE03 buttons: BI released
2016-05-26_14:37:07 EnO_switch_FEFBFE03 buttons: pressed
2016-05-26_14:37:07 EnO_switch_FEFBFE03 channelA: A0
2016-05-26_14:37:07 EnO_switch_FEFBFE03 A0
2016-05-26_14:37:08 EnO_switch_FEFBFE03 buttons: released
2016-05-26_14:37:08 EnO_switch_FEFBFE03 buttons: released
2016-05-26_14:37:09 EnO_switch_FEFBFE03 buttons: pressed
2016-05-26_14:37:09 EnO_switch_FEFBFE03 channelA: AI
2016-05-26_14:37:09 EnO_switch_FEFBFE03 AI
2016-05-26_14:37:09 EnO_switch_FEFBFE03 buttons: released
2016-05-26_14:37:09 EnO_switch_FEFBFE03 buttons: released
2016-05-26_16:41:38 EnO_switch_FEFBFE03 buttons: pressed
2016-05-26_16:41:38 EnO_switch_FEFBFE03 channelA: A0
2016-05-26_16:41:38 EnO_switch_FEFBFE03 A0
2016-05-26_16:41:38 EnO_switch_FEFBFE03 buttons: released
2016-05-26_16:41:38 EnO_switch_FEFBFE03 buttons: released
2016-05-26_16:41:41 EnO_switch_FEFBFE03 buttons: pressed
2016-05-26_16:41:41 EnO_switch_FEFBFE03 channelA: AI
2016-05-26_16:41:41 EnO_switch_FEFBFE03 AI
2016-05-26_16:41:41 EnO_switch_FEFBFE03 buttons: released
2016-05-26_16:41:41 EnO_switch_FEFBFE03 buttons: released
2016-05-26_16:41:49 EnO_switch_FEFBFE03 buttons: pressed
2016-05-26_16:41:49 EnO_switch_FEFBFE03 channelA: AI
2016-05-26_16:41:49 EnO_switch_FEFBFE03 AI
2016-05-26_16:41:50 EnO_switch_FEFBFE03 buttons: released
2016-05-26_16:41:50 EnO_switch_FEFBFE03 buttons: released
2016-05-26_16:41:50 EnO_switch_FEFBFE03 buttons: pressed
2016-05-26_16:41:50 EnO_switch_FEFBFE03 channelA: A0
2016-05-26_16:41:50 EnO_switch_FEFBFE03 A0
2016-05-26_16:41:51 EnO_switch_FEFBFE03 buttons: released
2016-05-26_16:41:51 EnO_switch_FEFBFE03 buttons: released
2016-05-26_16:41:52 EnO_switch_FEFBFE03 buttons: pressed
2016-05-26_16:41:52 EnO_switch_FEFBFE03 channelA: A0
2016-05-26_16:41:52 EnO_switch_FEFBFE03 A0
2016-05-26_16:41:52 EnO_switch_FEFBFE03 buttons: released
2016-05-26_16:41:52 EnO_switch_FEFBFE03 buttons: released
2016-05-26_16:41:53 EnO_switch_FEFBFE03 buttons: pressed
2016-05-26_16:41:53 EnO_switch_FEFBFE03 channelA: AI
2016-05-26_16:41:53 EnO_switch_FEFBFE03 AI
2016-05-26_16:41:53 EnO_switch_FEFBFE03 buttons: released
2016-05-26_16:41:53 EnO_switch_FEFBFE03 buttons: released
2016-05-26_16:41:53 EnO_switch_FEFBFE03 buttons: pressed
2016-05-26_16:41:53 EnO_switch_FEFBFE03 channelA: AI
2016-05-26_16:41:53 EnO_switch_FEFBFE03 AI
2016-05-26_16:41:53 EnO_switch_FEFBFE03 buttons: released
2016-05-26_16:41:53 EnO_switch_FEFBFE03 buttons: released
2016-05-26_16:41:54 EnO_switch_FEFBFE03 buttons: pressed
2016-05-26_16:41:54 EnO_switch_FEFBFE03 channelA: AI
2016-05-26_16:41:54 EnO_switch_FEFBFE03 AI
2016-05-26_16:41:54 EnO_switch_FEFBFE03 buttons: released
2016-05-26_16:41:54 EnO_switch_FEFBFE03 buttons: released
2016-05-26_16:41:55 EnO_switch_FEFBFE03 buttons: pressed
2016-05-26_16:41:55 EnO_switch_FEFBFE03 channelA: A0
2016-05-26_16:41:55 EnO_switch_FEFBFE03 A0
2016-05-26_16:41:55 EnO_switch_FEFBFE03 buttons: released
2016-05-26_16:41:55 EnO_switch_FEFBFE03 buttons: released
2016-05-26_16:41:56 EnO_switch_FEFBFE03 buttons: pressed
2016-05-26_16:41:56 EnO_switch_FEFBFE03 channelA: AI
2016-05-26_16:41:56 EnO_switch_FEFBFE03 AI
2016-05-26_16:41:56 EnO_switch_FEFBFE03 buttons: released
2016-05-26_16:41:56 EnO_switch_FEFBFE03 buttons: released
2016-05-26_16:41:57 EnO_switch_FEFBFE03 buttons: pressed
2016-05-26_16:41:57 EnO_switch_FEFBFE03 channelA: A0
2016-05-26_16:41:57 EnO_switch_FEFBFE03 A0
2016-05-26_16:41:57 EnO_switch_FEFBFE03 buttons: released
2016-05-26_16:41:57 EnO_switch_FEFBFE03 buttons: released
2016-05-27_14:15:02 EnO_switch_FEFBFE03 buttons: pressed
2016-05-27_14:15:02 EnO_switch_FEFBFE03 channelA: A0
2016-05-27_14:15:02 EnO_switch_FEFBFE03 A0
2016-05-27_14:15:03 EnO_switch_FEFBFE03 buttons: released
2016-05-27_14:15:03 EnO_switch_FEFBFE03 buttons: released
2016-05-27_14:15:04 EnO_switch_FEFBFE03 buttons: pressed
2016-05-27_14:15:04 EnO_switch_FEFBFE03 channelA: AI
2016-05-27_14:15:04 EnO_switch_FEFBFE03 AI
2016-05-27_14:15:04 EnO_switch_FEFBFE03 buttons: released
2016-05-27_14:15:04 EnO_switch_FEFBFE03 buttons: released
2016-05-27_14:15:04 EnO_switch_FEFBFE03 buttons: pressed
2016-05-27_14:15:04 EnO_switch_FEFBFE03 channelA: AI
2016-05-27_14:15:04 EnO_switch_FEFBFE03 AI
2016-05-27_14:15:05 EnO_switch_FEFBFE03 buttons: released
2016-05-27_14:15:05 EnO_switch_FEFBFE03 buttons: released
2016-05-27_14:15:05 EnO_switch_FEFBFE03 buttons: pressed
2016-05-27_14:15:05 EnO_switch_FEFBFE03 channelA: AI
2016-05-27_14:15:05 EnO_switch_FEFBFE03 AI
2016-05-27_14:15:05 EnO_switch_FEFBFE03 buttons: released
2016-05-27_14:15:05 EnO_switch_FEFBFE03 buttons: released
2016-05-27_14:15:05 EnO_switch_FEFBFE03 buttons: pressed
2016-05-27_14:15:05 EnO_switch_FEFBFE03 channelA: AI
2016-05-27_14:15:05 EnO_switch_FEFBFE03 AI
2016-05-27_14:15:06 EnO_switch_FEFBFE03 buttons: released
2016-05-27_14:15:06 EnO_switch_FEFBFE03 buttons: released
2016-05-27_14:15:06 EnO_switch_FEFBFE03 buttons: pressed
2016-05-27_14:15:06 EnO_switch_FEFBFE03 channelA: A0
2016-05-27_14:15:06 EnO_switch_FEFBFE03 A0
2016-05-27_14:15:07 EnO_switch_FEFBFE03 buttons: released
2016-05-27_14:15:07 EnO_switch_FEFBFE03 buttons: released
2016-05-27_14:15:07 EnO_switch_FEFBFE03 buttons: pressed
2016-05-27_14:15:07 EnO_switch_FEFBFE03 channelA: A0
2016-05-27_14:15:07 EnO_switch_FEFBFE03 A0
2016-05-27_14:15:07 EnO_switch_FEFBFE03 buttons: released
2016-05-27_14:15:07 EnO_switch_FEFBFE03 buttons: released
2016-05-27_14:15:07 EnO_switch_FEFBFE03 buttons: pressed
2016-05-27_14:15:07 EnO_switch_FEFBFE03 channelA: A0
2016-05-27_14:15:07 EnO_switch_FEFBFE03 A0
2016-05-27_14:15:07 EnO_switch_FEFBFE03 buttons: released
2016-05-27_14:15:07 EnO_switch_FEFBFE03 buttons: released
2016-05-27_14:20:14 EnO_switch_FEFBFE03 buttons: pressed
2016-05-27_14:20:14 EnO_switch_FEFBFE03 channelA: A0
2016-05-27_14:20:14 EnO_switch_FEFBFE03 A0
2016-05-27_14:20:14 EnO_switch_FEFBFE03 buttons: released
2016-05-27_14:20:14 EnO_switch_FEFBFE03 buttons: released
2016-05-27_14:20:45 EnO_switch_FEFBFE03 buttons: pressed
2016-05-27_14:20:45 EnO_switch_FEFBFE03 channelA: AI
2016-05-27_14:20:45 EnO_switch_FEFBFE03 AI
2016-05-27_14:20:45 EnO_switch_FEFBFE03 buttons: released
2016-05-27_14:20:45 EnO_switch_FEFBFE03 buttons: released
2016-05-27_14:20:47 EnO_switch_FEFBFE03 buttons: pressed
2016-05-27_14:20:47 EnO_switch_FEFBFE03 channelA: A0
2016-05-27_14:20:47 EnO_switch_FEFBFE03 A0
2016-05-27_14:20:47 EnO_switch_FEFBFE03 buttons: released
2016-05-27_14:20:47 EnO_switch_FEFBFE03 buttons: released
2016-05-27_15:00:01 EnO_switch_FEFBFE03 buttons: pressed
2016-05-27_15:00:01 EnO_switch_FEFBFE03 channelA: A0
2016-05-27_15:00:01 EnO_switch_FEFBFE03 A0
2016-05-27_15:00:02 EnO_switch_FEFBFE03 buttons: released
2016-05-27_15:00:02 EnO_switch_FEFBFE03 buttons: released
2016-05-27_15:00:03 EnO_switch_FEFBFE03 buttons: pressed
2016-05-27_15:00:03 EnO_switch_FEFBFE03 channelA: AI
2016-05-27_15:00:03 EnO_switch_FEFBFE03 AI
2016-05-27_15:00:03 EnO_switch_FEFBFE03 buttons: released
2016-05-27_15:00:03 EnO_switch_FEFBFE03 buttons: released
2016-05-27_15:00:04 EnO_switch_FEFBFE03 buttons: pressed
2016-05-27_15:00:04 EnO_switch_FEFBFE03 channelA: A0
2016-05-27_15:00:04 EnO_switch_FEFBFE03 A0
2016-05-27_15:00:04 EnO_switch_FEFBFE03 buttons: released
2016-05-27_15:00:04 EnO_switch_FEFBFE03 buttons: released
2016-05-27_15:01:13 EnO_switch_FEFBFE03 buttons: pressed
2016-05-27_15:01:13 EnO_switch_FEFBFE03 channelA: A0
2016-05-27_15:01:13 EnO_switch_FEFBFE03 A0
2016-05-27_15:01:13 EnO_switch_FEFBFE03 buttons: released
2016-05-27_15:01:13 EnO_switch_FEFBFE03 buttons: released
2016-05-27_15:01:14 EnO_switch_FEFBFE03 buttons: pressed
2016-05-27_15:01:14 EnO_switch_FEFBFE03 channelA: AI
2016-05-27_15:01:14 EnO_switch_FEFBFE03 AI
2016-05-27_15:01:15 EnO_switch_FEFBFE03 buttons: released
2016-05-27_15:01:15 EnO_switch_FEFBFE03 buttons: released
2016-05-27_15:01:16 EnO_switch_FEFBFE03 buttons: pressed
2016-05-27_15:01:16 EnO_switch_FEFBFE03 channelA: A0
2016-05-27_15:01:16 EnO_switch_FEFBFE03 A0
2016-05-27_15:01:16 EnO_switch_FEFBFE03 buttons: released
2016-05-27_15:01:16 EnO_switch_FEFBFE03 buttons: released
2016-05-27_15:04:13 EnO_switch_FEFBFE03 buttons: pressed
2016-05-27_15:04:13 EnO_switch_FEFBFE03 channelA: AI
2016-05-27_15:04:13 EnO_switch_FEFBFE03 AI
2016-05-27_15:04:13 EnO_switch_FEFBFE03 buttons: released
2016-05-27_15:04:13 EnO_switch_FEFBFE03 buttons: released
2016-05-27_15:04:14 EnO_switch_FEFBFE03 buttons: pressed
2016-05-27_15:04:14 EnO_switch_FEFBFE03 channelA: A0
2016-05-27_15:04:14 EnO_switch_FEFBFE03 A0
2016-05-27_15:04:15 EnO_switch_FEFBFE03 buttons: released
2016-05-27_15:04:15 EnO_switch_FEFBFE03 buttons: released
2016-05-27_15:04:15 EnO_switch_FEFBFE03 buttons: pressed
2016-05-27_15:04:15 EnO_switch_FEFBFE03 channelA: A0
2016-05-27_15:04:15 EnO_switch_FEFBFE03 A0
2016-05-27_15:04:16 EnO_switch_FEFBFE03 buttons: released
2016-05-27_15:04:16 EnO_switch_FEFBFE03 buttons: released
2016-05-27_15:04:16 EnO_switch_FEFBFE03 buttons: pressed
2016-05-27_15:04:16 EnO_switch_FEFBFE03 channelA: A0
2016-05-27_15:04:16 EnO_switch_FEFBFE03 A0
2016-05-27_15:04:17 EnO_switch_FEFBFE03 buttons: released
2016-05-27_15:04:17 EnO_switch_FEFBFE03 buttons: released
2016-05-27_15:06:26 EnO_switch_FEFBFE03 buttons: pressed
2016-05-27_15:06:26 EnO_switch_FEFBFE03 channelA: A0
2016-05-27_15:06:26 EnO_switch_FEFBFE03 A0
2016-05-27_15:06:26 EnO_switch_FEFBFE03 buttons: released
2016-05-27_15:06:26 EnO_switch_FEFBFE03 buttons: released
2016-05-27_15:06:28 EnO_switch_FEFBFE03 buttons: pressed
2016-05-27_15:06:28 EnO_switch_FEFBFE03 channelA: AI
2016-05-27_15:06:28 EnO_switch_FEFBFE03 AI
2016-05-27_15:06:28 EnO_switch_FEFBFE03 buttons: released
2016-05-27_15:06:28 EnO_switch_FEFBFE03 buttons: released
2016-05-27_15:06:29 EnO_switch_FEFBFE03 buttons: pressed
2016-05-27_15:06:29 EnO_switch_FEFBFE03 channelA: AI
2016-05-27_15:06:29 EnO_switch_FEFBFE03 AI
2016-05-27_15:06:29 EnO_switch_FEFBFE03 buttons: released
2016-05-27_15:06:29 EnO_switch_FEFBFE03 buttons: released
2016-05-27_15:06:29 EnO_switch_FEFBFE03 buttons: pressed
2016-05-27_15:06:29 EnO_switch_FEFBFE03 channelA: A0
2016-05-27_15:06:29 EnO_switch_FEFBFE03 A0
2016-05-27_15:06:30 EnO_switch_FEFBFE03 buttons: released
2016-05-27_15:06:30 EnO_switch_FEFBFE03 buttons: released
2016-05-27_15:06:30 EnO_switch_FEFBFE03 buttons: pressed
2016-05-27_15:06:30 EnO_switch_FEFBFE03 channelA: A0
2016-05-27_15:06:30 EnO_switch_FEFBFE03 A0
2016-05-27_15:06:30 EnO_switch_FEFBFE03 buttons: released
2016-05-27_15:06:30 EnO_switch_FEFBFE03 buttons: released
2016-05-27_15:06:33 EnO_switch_FEFBFE03 buttons: pressed
2016-05-27_15:06:33 EnO_switch_FEFBFE03 channelB: B0
2016-05-27_15:06:33 EnO_switch_FEFBFE03 A0,B0
2016-05-27_15:06:34 EnO_switch_FEFBFE03 buttons: released
2016-05-27_15:06:34 EnO_switch_FEFBFE03 buttons: released
2016-05-27_15:10:01 EnO_switch_FEFBFE03 buttons: pressed
2016-05-27_15:10:01 EnO_switch_FEFBFE03 channelA: AI
2016-05-27_15:10:01 EnO_switch_FEFBFE03 AI
2016-05-27_15:10:02 EnO_switch_FEFBFE03 buttons: released
2016-05-27_15:10:02 EnO_switch_FEFBFE03 buttons: released
2016-05-27_15:10:02 EnO_switch_FEFBFE03 buttons: pressed
2016-05-27_15:10:02 EnO_switch_FEFBFE03 channelA: A0
2016-05-27_15:10:02 EnO_switch_FEFBFE03 A0
2016-05-27_15:10:03 EnO_switch_FEFBFE03 buttons: released
2016-05-27_15:10:03 EnO_switch_FEFBFE03 buttons: released
2016-05-27_15:10:03 EnO_switch_FEFBFE03 buttons: pressed
2016-05-27_15:10:03 EnO_switch_FEFBFE03 channelA: A0
2016-05-27_15:10:03 EnO_switch_FEFBFE03 A0
2016-05-27_15:10:04 EnO_switch_FEFBFE03 buttons: released
2016-05-27_15:10:04 EnO_switch_FEFBFE03 buttons: released
2016-05-27_15:10:04 EnO_switch_FEFBFE03 buttons: pressed
2016-05-27_15:10:04 EnO_switch_FEFBFE03 channelA: AI
2016-05-27_15:10:04 EnO_switch_FEFBFE03 AI
2016-05-27_15:10:05 EnO_switch_FEFBFE03 buttons: released
2016-05-27_15:10:05 EnO_switch_FEFBFE03 buttons: released
2016-05-27_15:10:05 EnO_switch_FEFBFE03 buttons: pressed
2016-05-27_15:10:05 EnO_switch_FEFBFE03 channelA: AI
2016-05-27_15:10:05 EnO_switch_FEFBFE03 AI
2016-05-27_15:10:05 EnO_switch_FEFBFE03 buttons: released
2016-05-27_15:10:05 EnO_switch_FEFBFE03 buttons: released
2016-05-27_15:10:06 EnO_switch_FEFBFE03 buttons: pressed
2016-05-27_15:10:06 EnO_switch_FEFBFE03 channelA: A0
2016-05-27_15:10:06 EnO_switch_FEFBFE03 A0
2016-05-27_15:10:07 EnO_switch_FEFBFE03 buttons: released
2016-05-27_15:10:07 EnO_switch_FEFBFE03 buttons: released
2016-05-27_15:10:10 EnO_switch_FEFBFE03 buttons: pressed
2016-05-27_15:10:10 EnO_switch_FEFBFE03 channelA: AI
2016-05-27_15:10:10 EnO_switch_FEFBFE03 AI
2016-05-27_15:10:10 EnO_switch_FEFBFE03 buttons: released
2016-05-27_15:10:10 EnO_switch_FEFBFE03 buttons: released
2016-05-27_15:10:27 EnO_switch_FEFBFE03 buttons: pressed
2016-05-27_15:10:27 EnO_switch_FEFBFE03 channelA: AI
2016-05-27_15:10:27 EnO_switch_FEFBFE03 AI
2016-05-27_15:10:27 EnO_switch_FEFBFE03 buttons: released
2016-05-27_15:10:27 EnO_switch_FEFBFE03 buttons: released
2016-05-27_15:11:14 EnO_switch_FEFBFE03 buttons: pressed
2016-05-27_15:11:14 EnO_switch_FEFBFE03 channelA: AI
2016-05-27_15:11:14 EnO_switch_FEFBFE03 AI
2016-05-27_15:11:15 EnO_switch_FEFBFE03 buttons: released
2016-05-27_15:11:15 EnO_switch_FEFBFE03 buttons: released
2016-05-27_15:11:17 EnO_switch_FEFBFE03 buttons: pressed
2016-05-27_15:11:17 EnO_switch_FEFBFE03 channelA: A0
2016-05-27_15:11:17 EnO_switch_FEFBFE03 A0
2016-05-27_15:11:17 EnO_switch_FEFBFE03 buttons: released
2016-05-27_15:11:17 EnO_switch_FEFBFE03 buttons: released
2016-05-27_15:11:19 EnO_switch_FEFBFE03 buttons: pressed
2016-05-27_15:11:19 EnO_switch_FEFBFE03 channelA: A0
2016-05-27_15:11:19 EnO_switch_FEFBFE03 A0
2016-05-27_15:11:20 EnO_switch_FEFBFE03 buttons: released
2016-05-27_15:11:20 EnO_switch_FEFBFE03 buttons: released
2016-05-27_15:11:20 EnO_switch_FEFBFE03 buttons: pressed
2016-05-27_15:11:20 EnO_switch_FEFBFE03 channelA: A0
2016-05-27_15:11:20 EnO_switch_FEFBFE03 A0
2016-05-27_15:11:21 EnO_switch_FEFBFE03 buttons: released
2016-05-27_15:11:21 EnO_switch_FEFBFE03 buttons: released
2016-05-27_15:15:37 EnO_switch_FEFBFE03 buttons: pressed
2016-05-27_15:15:37 EnO_switch_FEFBFE03 channelA: AI
2016-05-27_15:15:37 EnO_switch_FEFBFE03 AI
2016-05-27_15:15:38 EnO_switch_FEFBFE03 buttons: released
2016-05-27_15:15:38 EnO_switch_FEFBFE03 buttons: released
2016-05-27_15:17:08 EnO_switch_FEFBFE03 buttons: pressed
2016-05-27_15:17:08 EnO_switch_FEFBFE03 channelA: AI
2016-05-27_15:17:08 EnO_switch_FEFBFE03 AI
2016-05-27_15:17:09 EnO_switch_FEFBFE03 buttons: released
2016-05-27_15:17:09 EnO_switch_FEFBFE03 buttons: released
2016-05-27_15:17:10 EnO_switch_FEFBFE03 buttons: pressed
2016-05-27_15:17:10 EnO_switch_FEFBFE03 channelA: AI
2016-05-27_15:17:10 EnO_switch_FEFBFE03 AI
2016-05-27_15:17:10 EnO_switch_FEFBFE03 buttons: released
2016-05-27_15:17:10 EnO_switch_FEFBFE03 buttons: released
2016-05-27_15:30:07 EnO_switch_FEFBFE03 buttons: pressed
2016-05-27_15:30:07 EnO_switch_FEFBFE03 channelA: AI
2016-05-27_15:30:07 EnO_switch_FEFBFE03 AI
2016-05-27_15:30:07 EnO_switch_FEFBFE03 buttons: released
2016-05-27_15:30:07 EnO_switch_FEFBFE03 buttons: released
2016-05-27_15:30:08 EnO_switch_FEFBFE03 buttons: pressed
2016-05-27_15:30:08 EnO_switch_FEFBFE03 channelA: A0
2016-05-27_15:30:08 EnO_switch_FEFBFE03 A0
2016-05-27_15:30:08 EnO_switch_FEFBFE03 buttons: released
2016-05-27_15:30:08 EnO_switch_FEFBFE03 buttons: released
2016-05-27_15:30:10 EnO_switch_FEFBFE03 buttons: pressed
2016-05-27_15:30:10 EnO_switch_FEFBFE03 channelA: AI
2016-05-27_15:30:10 EnO_switch_FEFBFE03 AI
2016-05-27_15:30:10 EnO_switch_FEFBFE03 buttons: released
2016-05-27_15:30:10 EnO_switch_FEFBFE03 buttons: released
2016-05-27_15:30:10 EnO_switch_FEFBFE03 buttons: pressed
2016-05-27_15:30:10 EnO_switch_FEFBFE03 channelA: AI
2016-05-27_15:30:10 EnO_switch_FEFBFE03 AI
2016-05-27_15:30:11 EnO_switch_FEFBFE03 buttons: released
2016-05-27_15:30:11 EnO_switch_FEFBFE03 buttons: released
2016-05-27_15:30:11 EnO_switch_FEFBFE03 buttons: pressed
2016-05-27_15:30:11 EnO_switch_FEFBFE03 channelA: AI
2016-05-27_15:30:11 EnO_switch_FEFBFE03 AI
2016-05-27_15:30:11 EnO_switch_FEFBFE03 buttons: released
2016-05-27_15:30:11 EnO_switch_FEFBFE03 buttons: released
2016-05-27_15:30:12 EnO_switch_FEFBFE03 buttons: pressed
2016-05-27_15:30:12 EnO_switch_FEFBFE03 channelA: AI
2016-05-27_15:30:12 EnO_switch_FEFBFE03 AI
2016-05-27_15:30:13 EnO_switch_FEFBFE03 buttons: released
2016-05-27_15:30:13 EnO_switch_FEFBFE03 buttons: released
2016-05-27_15:30:13 EnO_switch_FEFBFE03 buttons: pressed
2016-05-27_15:30:13 EnO_switch_FEFBFE03 channelA: AI
2016-05-27_15:30:13 EnO_switch_FEFBFE03 AI
2016-05-27_15:30:13 EnO_switch_FEFBFE03 buttons: released
2016-05-27_15:30:13 EnO_switch_FEFBFE03 buttons: released
2016-05-27_15:30:13 EnO_switch_FEFBFE03 buttons: pressed
2016-05-27_15:30:13 EnO_switch_FEFBFE03 channelA: AI
2016-05-27_15:30:13 EnO_switch_FEFBFE03 AI
2016-05-27_15:30:14 EnO_switch_FEFBFE03 buttons: released
2016-05-27_15:30:14 EnO_switch_FEFBFE03 buttons: released
2016-05-27_15:30:14 EnO_switch_FEFBFE03 buttons: pressed
2016-05-27_15:30:14 EnO_switch_FEFBFE03 channelA: AI
2016-05-27_15:30:14 EnO_switch_FEFBFE03 AI
2016-05-27_15:30:14 EnO_switch_FEFBFE03 buttons: released
2016-05-27_15:30:14 EnO_switch_FEFBFE03 buttons: released
2016-05-27_15:30:15 EnO_switch_FEFBFE03 buttons: pressed
2016-05-27_15:30:15 EnO_switch_FEFBFE03 channelA: AI
2016-05-27_15:30:15 EnO_switch_FEFBFE03 AI
2016-05-27_15:30:15 EnO_switch_FEFBFE03 buttons: released
2016-05-27_15:30:15 EnO_switch_FEFBFE03 buttons: released
2016-05-27_15:30:16 EnO_switch_FEFBFE03 buttons: pressed
2016-05-27_15:30:16 EnO_switch_FEFBFE03 channelA: AI
2016-05-27_15:30:16 EnO_switch_FEFBFE03 AI
2016-05-27_15:30:17 EnO_switch_FEFBFE03 buttons: released
2016-05-27_15:30:17 EnO_switch_FEFBFE03 buttons: released
2016-05-27_15:30:17 EnO_switch_FEFBFE03 buttons: pressed
2016-05-27_15:30:17 EnO_switch_FEFBFE03 channelA: AI
2016-05-27_15:30:17 EnO_switch_FEFBFE03 AI
2016-05-27_15:30:17 EnO_switch_FEFBFE03 buttons: released
2016-05-27_15:30:17 EnO_switch_FEFBFE03 buttons: released
2016-05-27_15:30:47 EnO_switch_FEFBFE03 buttons: pressed
2016-05-27_15:30:47 EnO_switch_FEFBFE03 channelA: AI
2016-05-27_15:30:47 EnO_switch_FEFBFE03 AI
2016-05-27_15:30:47 EnO_switch_FEFBFE03 buttons: released
2016-05-27_15:30:47 EnO_switch_FEFBFE03 buttons: released
2016-05-27_15:30:48 EnO_switch_FEFBFE03 buttons: pressed
2016-05-27_15:30:48 EnO_switch_FEFBFE03 channelA: AI
2016-05-27_15:30:48 EnO_switch_FEFBFE03 AI
2016-05-27_15:30:48 EnO_switch_FEFBFE03 buttons: released
2016-05-27_15:30:48 EnO_switch_FEFBFE03 buttons: released
2016-05-27_15:30:49 EnO_switch_FEFBFE03 buttons: pressed
2016-05-27_15:30:49 EnO_switch_FEFBFE03 channelA: A0
2016-05-27_15:30:49 EnO_switch_FEFBFE03 A0
2016-05-27_15:30:49 EnO_switch_FEFBFE03 buttons: released
2016-05-27_15:30:49 EnO_switch_FEFBFE03 buttons: released
2016-05-27_15:31:16 EnO_switch_FEFBFE03 buttons: pressed
2016-05-27_15:31:16 EnO_switch_FEFBFE03 channelA: AI
2016-05-27_15:31:16 EnO_switch_FEFBFE03 AI
2016-05-27_15:31:17 EnO_switch_FEFBFE03 buttons: released
2016-05-27_15:31:17 EnO_switch_FEFBFE03 buttons: released
2016-05-27_15:31:17 EnO_switch_FEFBFE03 buttons: pressed
2016-05-27_15:31:17 EnO_switch_FEFBFE03 channelA: AI
2016-05-27_15:31:17 EnO_switch_FEFBFE03 AI
2016-05-27_15:31:17 EnO_switch_FEFBFE03 buttons: released
2016-05-27_15:31:17 EnO_switch_FEFBFE03 buttons: released
2016-05-27_15:31:18 EnO_switch_FEFBFE03 buttons: pressed
2016-05-27_15:31:18 EnO_switch_FEFBFE03 channelA: A0
2016-05-27_15:31:18 EnO_switch_FEFBFE03 A0
2016-05-27_15:31:19 EnO_switch_FEFBFE03 buttons: released
2016-05-27_15:31:19 EnO_switch_FEFBFE03 buttons: released
2016-05-27_15:31:19 EnO_switch_FEFBFE03 buttons: pressed
2016-05-27_15:31:19 EnO_switch_FEFBFE03 channelA: A0
2016-05-27_15:31:19 EnO_switch_FEFBFE03 A0
2016-05-27_15:31:19 EnO_switch_FEFBFE03 buttons: released
2016-05-27_15:31:19 EnO_switch_FEFBFE03 buttons: released
2016-05-27_15:31:19 EnO_switch_FEFBFE03 buttons: pressed
2016-05-27_15:31:19 EnO_switch_FEFBFE03 channelA: A0
2016-05-27_15:31:19 EnO_switch_FEFBFE03 A0
2016-05-27_15:31:20 EnO_switch_FEFBFE03 buttons: released
2016-05-27_15:31:20 EnO_switch_FEFBFE03 buttons: released
2016-05-27_15:32:11 EnO_switch_FEFBFE03 buttons: pressed
2016-05-27_15:32:11 EnO_switch_FEFBFE03 channelA: A0
2016-05-27_15:32:11 EnO_switch_FEFBFE03 A0
2016-05-27_15:32:11 EnO_switch_FEFBFE03 buttons: released
2016-05-27_15:32:11 EnO_switch_FEFBFE03 buttons: released
2016-05-27_15:32:11 EnO_switch_FEFBFE03 buttons: pressed
2016-05-27_15:32:11 EnO_switch_FEFBFE03 channelA: A0
2016-05-27_15:32:11 EnO_switch_FEFBFE03 A0
2016-05-27_15:32:12 EnO_switch_FEFBFE03 buttons: released
2016-05-27_15:32:12 EnO_switch_FEFBFE03 buttons: released
2016-05-27_15:32:13 EnO_switch_FEFBFE03 buttons: pressed
2016-05-27_15:32:13 EnO_switch_FEFBFE03 channelA: AI
2016-05-27_15:32:13 EnO_switch_FEFBFE03 AI
2016-05-27_15:32:13 EnO_switch_FEFBFE03 buttons: released
2016-05-27_15:32:13 EnO_switch_FEFBFE03 buttons: released
2016-05-27_15:32:13 EnO_switch_FEFBFE03 buttons: pressed
2016-05-27_15:32:13 EnO_switch_FEFBFE03 channelA: AI
2016-05-27_15:32:13 EnO_switch_FEFBFE03 AI
2016-05-27_15:32:14 EnO_switch_FEFBFE03 buttons: released
2016-05-27_15:32:14 EnO_switch_FEFBFE03 buttons: released
2016-05-27_15:32:14 EnO_switch_FEFBFE03 buttons: pressed
2016-05-27_15:32:14 EnO_switch_FEFBFE03 channelA: AI
2016-05-27_15:32:14 EnO_switch_FEFBFE03 AI
2016-05-27_15:32:14 EnO_switch_FEFBFE03 buttons: released
2016-05-27_15:32:14 EnO_switch_FEFBFE03 buttons: released
2016-05-27_15:32:14 EnO_switch_FEFBFE03 buttons: pressed
2016-05-27_15:32:14 EnO_switch_FEFBFE03 channelA: AI
2016-05-27_15:32:14 EnO_switch_FEFBFE03 AI
2016-05-27_15:32:14 EnO_switch_FEFBFE03 buttons: released
2016-05-27_15:32:14 EnO_switch_FEFBFE03 buttons: released
2016-05-27_15:32:14 EnO_switch_FEFBFE03 buttons: pressed
2016-05-27_15:32:14 EnO_switch_FEFBFE03 channelA: AI
2016-05-27_15:32:14 EnO_switch_FEFBFE03 AI
2016-05-27_15:32:14 EnO_switch_FEFBFE03 buttons: released
2016-05-27_15:32:14 EnO_switch_FEFBFE03 buttons: released
2016-05-27_15:32:15 EnO_switch_FEFBFE03 buttons: pressed
2016-05-27_15:32:15 EnO_switch_FEFBFE03 channelA: AI
2016-05-27_15:32:15 EnO_switch_FEFBFE03 AI
2016-05-27_15:32:15 EnO_switch_FEFBFE03 buttons: released
2016-05-27_15:32:15 EnO_switch_FEFBFE03 buttons: released
2016-05-27_15:32:39 EnO_switch_FEFBFE03 buttons: pressed
2016-05-27_15:32:39 EnO_switch_FEFBFE03 channelA: AI
2016-05-27_15:32:39 EnO_switch_FEFBFE03 AI
2016-05-27_15:32:39 EnO_switch_FEFBFE03 buttons: released
2016-05-27_15:32:39 EnO_switch_FEFBFE03 buttons: released
2016-05-27_15:32:39 EnO_switch_FEFBFE03 buttons: pressed
2016-05-27_15:32:39 EnO_switch_FEFBFE03 channelA: AI
2016-05-27_15:32:39 EnO_switch_FEFBFE03 AI
2016-05-27_15:32:39 EnO_switch_FEFBFE03 buttons: released
2016-05-27_15:32:39 EnO_switch_FEFBFE03 buttons: released
2016-05-27_15:32:39 EnO_switch_FEFBFE03 buttons: pressed
2016-05-27_15:32:39 EnO_switch_FEFBFE03 channelA: AI
2016-05-27_15:32:39 EnO_switch_FEFBFE03 AI
2016-05-27_15:32:39 EnO_switch_FEFBFE03 buttons: released
2016-05-27_15:32:39 EnO_switch_FEFBFE03 buttons: released
2016-05-27_15:32:40 EnO_switch_FEFBFE03 buttons: pressed
2016-05-27_15:32:40 EnO_switch_FEFBFE03 channelA: A0
2016-05-27_15:32:40 EnO_switch_FEFBFE03 A0
2016-05-27_15:32:40 EnO_switch_FEFBFE03 buttons: released
2016-05-27_15:32:40 EnO_switch_FEFBFE03 buttons: released
2016-05-27_15:34:25 EnO_switch_FEFBFE03 buttons: pressed
2016-05-27_15:34:25 EnO_switch_FEFBFE03 channelA: A0
2016-05-27_15:34:25 EnO_switch_FEFBFE03 A0
2016-05-27_15:34:25 EnO_switch_FEFBFE03 buttons: released
2016-05-27_15:34:25 EnO_switch_FEFBFE03 buttons: released
2016-05-27_15:34:26 EnO_switch_FEFBFE03 buttons: pressed
2016-05-27_15:34:26 EnO_switch_FEFBFE03 channelA: AI
2016-05-27_15:34:26 EnO_switch_FEFBFE03 AI
2016-05-27_15:34:27 EnO_switch_FEFBFE03 buttons: released
2016-05-27_15:34:27 EnO_switch_FEFBFE03 buttons: released
2016-05-27_15:34:28 EnO_switch_FEFBFE03 buttons: pressed
2016-05-27_15:34:28 EnO_switch_FEFBFE03 channelA: AI
2016-05-27_15:34:28 EnO_switch_FEFBFE03 AI
2016-05-27_15:34:29 EnO_switch_FEFBFE03 buttons: released
2016-05-27_15:34:29 EnO_switch_FEFBFE03 buttons: released
2016-05-27_15:34:30 EnO_switch_FEFBFE03 buttons: pressed
2016-05-27_15:34:30 EnO_switch_FEFBFE03 channelA: A0
2016-05-27_15:34:30 EnO_switch_FEFBFE03 A0
2016-05-27_15:34:30 EnO_switch_FEFBFE03 buttons: released
2016-05-27_15:34:30 EnO_switch_FEFBFE03 buttons: released
2016-05-27_15:34:31 EnO_switch_FEFBFE03 buttons: pressed
2016-05-27_15:34:31 EnO_switch_FEFBFE03 channelA: AI
2016-05-27_15:34:31 EnO_switch_FEFBFE03 AI
2016-05-27_15:34:33 EnO_switch_FEFBFE03 buttons: released
2016-05-27_15:34:33 EnO_switch_FEFBFE03 buttons: released
2016-05-27_15:34:33 EnO_switch_FEFBFE03 buttons: pressed
2016-05-27_15:34:33 EnO_switch_FEFBFE03 channelA: A0
2016-05-27_15:34:33 EnO_switch_FEFBFE03 A0
2016-05-27_15:34:33 EnO_switch_FEFBFE03 buttons: released
2016-05-27_15:34:33 EnO_switch_FEFBFE03 buttons: released
2016-05-27_15:36:42 EnO_switch_FEFBFE03 buttons: pressed
2016-05-27_15:36:42 EnO_switch_FEFBFE03 channelA: A0
2016-05-27_15:36:42 EnO_switch_FEFBFE03 A0
2016-05-27_15:36:42 EnO_switch_FEFBFE03 buttons: released
2016-05-27_15:36:42 EnO_switch_FEFBFE03 buttons: released
2016-05-27_15:36:44 EnO_switch_FEFBFE03 buttons: pressed
2016-05-27_15:36:44 EnO_switch_FEFBFE03 channelA: AI
2016-05-27_15:36:44 EnO_switch_FEFBFE03 AI
2016-05-27_15:36:44 EnO_switch_FEFBFE03 buttons: released
2016-05-27_15:36:44 EnO_switch_FEFBFE03 buttons: released
2016-05-27_15:36:44 EnO_switch_FEFBFE03 buttons: pressed
2016-05-27_15:36:44 EnO_switch_FEFBFE03 channelA: AI
2016-05-27_15:36:44 EnO_switch_FEFBFE03 AI
2016-05-27_15:36:44 EnO_switch_FEFBFE03 buttons: released
2016-05-27_15:36:44 EnO_switch_FEFBFE03 buttons: released
2016-05-27_15:36:45 EnO_switch_FEFBFE03 buttons: pressed
2016-05-27_15:36:45 EnO_switch_FEFBFE03 channelA: A0
2016-05-27_15:36:45 EnO_switch_FEFBFE03 A0
2016-05-27_15:36:46 EnO_switch_FEFBFE03 buttons: released
2016-05-27_15:36:46 EnO_switch_FEFBFE03 buttons: released
2016-05-27_15:36:46 EnO_switch_FEFBFE03 buttons: pressed
2016-05-27_15:36:46 EnO_switch_FEFBFE03 channelA: A0
2016-05-27_15:36:46 EnO_switch_FEFBFE03 A0
2016-05-27_15:36:46 EnO_switch_FEFBFE03 buttons: released
2016-05-27_15:36:46 EnO_switch_FEFBFE03 buttons: released
2016-05-27_15:36:47 EnO_switch_FEFBFE03 buttons: pressed
2016-05-27_15:36:47 EnO_switch_FEFBFE03 channelA: A0
2016-05-27_15:36:47 EnO_switch_FEFBFE03 A0
2016-05-27_15:36:47 EnO_switch_FEFBFE03 buttons: released
2016-05-27_15:36:47 EnO_switch_FEFBFE03 buttons: released
2016-05-27_15:36:55 EnO_switch_FEFBFE03 buttons: pressed
2016-05-27_15:36:55 EnO_switch_FEFBFE03 channelA: A0
2016-05-27_15:36:55 EnO_switch_FEFBFE03 A0
2016-05-27_15:36:56 EnO_switch_FEFBFE03 buttons: released
2016-05-27_15:36:56 EnO_switch_FEFBFE03 buttons: released
2016-05-27_15:36:56 EnO_switch_FEFBFE03 buttons: pressed
2016-05-27_15:36:56 EnO_switch_FEFBFE03 channelA: A0
2016-05-27_15:36:56 EnO_switch_FEFBFE03 A0
2016-05-27_15:36:56 EnO_switch_FEFBFE03 buttons: released
2016-05-27_15:36:56 EnO_switch_FEFBFE03 buttons: released
2016-05-27_15:36:57 EnO_switch_FEFBFE03 buttons: pressed
2016-05-27_15:36:57 EnO_switch_FEFBFE03 channelA: AI
2016-05-27_15:36:57 EnO_switch_FEFBFE03 AI
2016-05-27_15:36:57 EnO_switch_FEFBFE03 buttons: released
2016-05-27_15:36:57 EnO_switch_FEFBFE03 buttons: released
2016-05-27_15:36:58 EnO_switch_FEFBFE03 buttons: pressed
2016-05-27_15:36:58 EnO_switch_FEFBFE03 channelA: AI
2016-05-27_15:36:58 EnO_switch_FEFBFE03 AI
2016-05-27_15:36:58 EnO_switch_FEFBFE03 buttons: released
2016-05-27_15:36:58 EnO_switch_FEFBFE03 buttons: released
2016-05-31_14:10:55 EnO_switch_FEFBFE03 buttons: pressed
2016-05-31_14:10:55 EnO_switch_FEFBFE03 channelB: BI
2016-05-31_14:10:55 EnO_switch_FEFBFE03 BI
2016-05-31_14:10:55 EnO_switch_FEFBFE03 buttons: released
2016-05-31_14:10:55 EnO_switch_FEFBFE03 buttons: released
2016-05-31_14:11:10 EnO_switch_FEFBFE03 buttons: pressed
2016-05-31_14:11:10 EnO_switch_FEFBFE03 channelB: BI
2016-05-31_14:11:10 EnO_switch_FEFBFE03 BI
2016-05-31_14:11:10 EnO_switch_FEFBFE03 buttons: released
2016-05-31_14:11:10 EnO_switch_FEFBFE03 buttons: released
2016-05-31_14:14:06 EnO_switch_FEFBFE03 buttons: pressed
2016-05-31_14:14:06 EnO_switch_FEFBFE03 pressed
2016-05-31_14:14:07 EnO_switch_FEFBFE03 buttons: released
2016-05-31_14:14:07 EnO_switch_FEFBFE03 buttons: released
2016-05-31_14:14:11 EnO_switch_FEFBFE03 buttons: pressed
2016-05-31_14:14:11 EnO_switch_FEFBFE03 pressed
2016-05-31_14:14:11 EnO_switch_FEFBFE03 buttons: released
2016-05-31_14:14:11 EnO_switch_FEFBFE03 buttons: released
2016-05-31_14:14:12 EnO_switch_FEFBFE03 buttons: pressed
2016-05-31_14:14:12 EnO_switch_FEFBFE03 channelB: B0
2016-05-31_14:14:12 EnO_switch_FEFBFE03 B0
2016-05-31_14:14:13 EnO_switch_FEFBFE03 buttons: released
2016-05-31_14:14:13 EnO_switch_FEFBFE03 buttons: released
2016-05-31_14:14:15 EnO_switch_FEFBFE03 buttons: pressed
2016-05-31_14:14:15 EnO_switch_FEFBFE03 pressed
2016-05-31_14:14:15 EnO_switch_FEFBFE03 buttons: released
2016-05-31_14:14:15 EnO_switch_FEFBFE03 buttons: released
2016-05-31_14:14:18 EnO_switch_FEFBFE03 buttons: pressed
2016-05-31_14:14:18 EnO_switch_FEFBFE03 pressed
2016-05-31_14:14:19 EnO_switch_FEFBFE03 buttons: released
2016-05-31_14:14:19 EnO_switch_FEFBFE03 buttons: released
2016-05-31_14:14:20 EnO_switch_FEFBFE03 buttons: pressed
2016-05-31_14:14:20 EnO_switch_FEFBFE03 pressed
2016-05-31_14:14:21 EnO_switch_FEFBFE03 buttons: released
2016-05-31_14:14:21 EnO_switch_FEFBFE03 buttons: released
2016-05-31_14:14:21 EnO_switch_FEFBFE03 buttons: pressed
2016-05-31_14:14:21 EnO_switch_FEFBFE03 pressed
2016-05-31_14:14:22 EnO_switch_FEFBFE03 buttons: released
2016-05-31_14:14:22 EnO_switch_FEFBFE03 buttons: released
2016-05-31_14:14:22 EnO_switch_FEFBFE03 buttons: pressed
2016-05-31_14:14:22 EnO_switch_FEFBFE03 pressed
2016-05-31_14:14:23 EnO_switch_FEFBFE03 buttons: released
2016-05-31_14:14:23 EnO_switch_FEFBFE03 buttons: released
2016-05-31_15:45:10 EnO_switch_FEFBFE03 buttons: pressed
2016-05-31_15:45:10 EnO_switch_FEFBFE03 channelB: B0
2016-05-31_15:45:10 EnO_switch_FEFBFE03 B0
2016-05-31_15:45:11 EnO_switch_FEFBFE03 buttons: released
2016-05-31_15:45:11 EnO_switch_FEFBFE03 buttons: released
2016-05-31_15:45:12 EnO_switch_FEFBFE03 buttons: pressed
2016-05-31_15:45:12 EnO_switch_FEFBFE03 channelB: BI
2016-05-31_15:45:12 EnO_switch_FEFBFE03 BI
2016-05-31_15:45:13 EnO_switch_FEFBFE03 buttons: released
2016-05-31_15:45:13 EnO_switch_FEFBFE03 buttons: released
2016-05-31_15:45:15 EnO_switch_FEFBFE03 buttons: pressed
2016-05-31_15:45:15 EnO_switch_FEFBFE03 channelB: B0
2016-05-31_15:45:15 EnO_switch_FEFBFE03 B0
2016-05-31_15:45:15 EnO_switch_FEFBFE03 buttons: released
2016-05-31_15:45:15 EnO_switch_FEFBFE03 buttons: released
2016-05-31_15:45:19 EnO_switch_FEFBFE03 buttons: pressed
2016-05-31_15:45:19 EnO_switch_FEFBFE03 channelB: B0
2016-05-31_15:45:19 EnO_switch_FEFBFE03 B0
2016-05-31_15:45:20 EnO_switch_FEFBFE03 buttons: released
2016-05-31_15:45:20 EnO_switch_FEFBFE03 buttons: released
2016-05-31_15:45:25 EnO_switch_FEFBFE03 buttons: pressed
2016-05-31_15:45:25 EnO_switch_FEFBFE03 channelB: BI
2016-05-31_15:45:25 EnO_switch_FEFBFE03 BI
2016-05-31_15:45:25 EnO_switch_FEFBFE03 buttons: released
2016-05-31_15:45:25 EnO_switch_FEFBFE03 buttons: released
2016-05-31_15:45:26 EnO_switch_FEFBFE03 buttons: pressed
2016-05-31_15:45:26 EnO_switch_FEFBFE03 channelB: BI
2016-05-31_15:45:26 EnO_switch_FEFBFE03 BI
2016-05-31_15:45:26 EnO_switch_FEFBFE03 buttons: released
2016-05-31_15:45:26 EnO_switch_FEFBFE03 buttons: released
2016-05-31_15:45:27 EnO_switch_FEFBFE03 buttons: pressed
2016-05-31_15:45:27 EnO_switch_FEFBFE03 channelB: BI
2016-05-31_15:45:27 EnO_switch_FEFBFE03 BI
2016-05-31_15:45:27 EnO_switch_FEFBFE03 buttons: released
2016-05-31_15:45:27 EnO_switch_FEFBFE03 buttons: released
2016-05-31_15:45:28 EnO_switch_FEFBFE03 buttons: pressed
2016-05-31_15:45:28 EnO_switch_FEFBFE03 channelB: B0
2016-05-31_15:45:28 EnO_switch_FEFBFE03 B0
2016-05-31_15:45:29 EnO_switch_FEFBFE03 buttons: released
2016-05-31_15:45:29 EnO_switch_FEFBFE03 buttons: released
2016-05-31_15:45:36 EnO_switch_FEFBFE03 buttons: pressed
2016-05-31_15:45:36 EnO_switch_FEFBFE03 channelB: BI
2016-05-31_15:45:36 EnO_switch_FEFBFE03 BI
2016-05-31_15:45:36 EnO_switch_FEFBFE03 buttons: released
2016-05-31_15:45:36 EnO_switch_FEFBFE03 buttons: released
2016-05-31_15:45:38 EnO_switch_FEFBFE03 buttons: pressed
2016-05-31_15:45:38 EnO_switch_FEFBFE03 channelB: BI
2016-05-31_15:45:38 EnO_switch_FEFBFE03 BI
2016-05-31_15:45:38 EnO_switch_FEFBFE03 buttons: released
2016-05-31_15:45:38 EnO_switch_FEFBFE03 buttons: released
2016-05-31_15:45:41 EnO_switch_FEFBFE03 buttons: pressed
2016-05-31_15:45:41 EnO_switch_FEFBFE03 channelB: BI
2016-05-31_15:45:41 EnO_switch_FEFBFE03 AI,BI
2016-05-31_15:45:42 EnO_switch_FEFBFE03 buttons: released
2016-05-31_15:45:42 EnO_switch_FEFBFE03 buttons: released
2016-05-31_15:45:46 EnO_switch_FEFBFE03 buttons: pressed
2016-05-31_15:45:46 EnO_switch_FEFBFE03 channelB: B0
2016-05-31_15:45:46 EnO_switch_FEFBFE03 AI,B0
2016-05-31_15:45:46 EnO_switch_FEFBFE03 buttons: released
2016-05-31_15:45:46 EnO_switch_FEFBFE03 buttons: AI released
2016-05-31_15:45:48 EnO_switch_FEFBFE03 buttons: pressed
2016-05-31_15:45:48 EnO_switch_FEFBFE03 channelA: A0
2016-05-31_15:45:48 EnO_switch_FEFBFE03 A0
2016-05-31_15:45:48 EnO_switch_FEFBFE03 buttons: released
2016-05-31_15:45:48 EnO_switch_FEFBFE03 buttons: A0 released
2016-05-31_15:45:51 EnO_switch_FEFBFE03 buttons: pressed
2016-05-31_15:45:51 EnO_switch_FEFBFE03 channelB: BI
2016-05-31_15:45:51 EnO_switch_FEFBFE03 BI
2016-05-31_15:45:52 EnO_switch_FEFBFE03 buttons: released
2016-05-31_15:45:52 EnO_switch_FEFBFE03 buttons: released
2016-05-31_15:45:53 EnO_switch_FEFBFE03 buttons: pressed
2016-05-31_15:45:53 EnO_switch_FEFBFE03 channelB: B0
2016-05-31_15:45:53 EnO_switch_FEFBFE03 B0
2016-05-31_15:45:53 EnO_switch_FEFBFE03 buttons: released
2016-05-31_15:45:53 EnO_switch_FEFBFE03 buttons: released
2016-05-31_15:46:28 EnO_switch_FEFBFE03 buttons: pressed
2016-05-31_15:46:28 EnO_switch_FEFBFE03 channelB: BI
2016-05-31_15:46:28 EnO_switch_FEFBFE03 BI
2016-05-31_15:46:28 EnO_switch_FEFBFE03 buttons: released
2016-05-31_15:46:28 EnO_switch_FEFBFE03 buttons: released
2016-05-31_15:47:48 EnO_switch_FEFBFE03 buttons: pressed
2016-05-31_15:47:48 EnO_switch_FEFBFE03 channelB: BI
2016-05-31_15:47:48 EnO_switch_FEFBFE03 BI
2016-05-31_15:47:48 EnO_switch_FEFBFE03 buttons: released
2016-05-31_15:47:48 EnO_switch_FEFBFE03 buttons: released
2016-05-31_15:47:50 EnO_switch_FEFBFE03 buttons: pressed
2016-05-31_15:47:50 EnO_switch_FEFBFE03 channelB: B0
2016-05-31_15:47:50 EnO_switch_FEFBFE03 B0
2016-05-31_15:47:50 EnO_switch_FEFBFE03 buttons: released
2016-05-31_15:47:50 EnO_switch_FEFBFE03 buttons: released
2016-05-31_15:48:05 EnO_switch_FEFBFE03 buttons: pressed
2016-05-31_15:48:05 EnO_switch_FEFBFE03 channelB: BI
2016-05-31_15:48:05 EnO_switch_FEFBFE03 AI,BI
2016-05-31_15:48:05 EnO_switch_FEFBFE03 buttons: released
2016-05-31_15:48:05 EnO_switch_FEFBFE03 buttons: released
2016-05-31_15:48:09 EnO_switch_FEFBFE03 buttons: pressed
2016-05-31_15:48:09 EnO_switch_FEFBFE03 channelB: BI
2016-05-31_15:48:09 EnO_switch_FEFBFE03 AI,BI
2016-05-31_15:48:10 EnO_switch_FEFBFE03 buttons: released
2016-05-31_15:48:10 EnO_switch_FEFBFE03 buttons: AI released
2016-05-31_15:48:11 EnO_switch_FEFBFE03 buttons: pressed
2016-05-31_15:48:11 EnO_switch_FEFBFE03 channelA: AI
2016-05-31_15:48:11 EnO_switch_FEFBFE03 AI
2016-05-31_15:48:11 EnO_switch_FEFBFE03 buttons: released
2016-05-31_15:48:11 EnO_switch_FEFBFE03 buttons: AI released
2016-05-31_15:48:14 EnO_switch_FEFBFE03 buttons: pressed
2016-05-31_15:48:14 EnO_switch_FEFBFE03 channelA: AI
2016-05-31_15:48:14 EnO_switch_FEFBFE03 AI
2016-05-31_15:48:16 EnO_switch_FEFBFE03 buttons: released
2016-05-31_15:48:16 EnO_switch_FEFBFE03 buttons: released
2016-05-31_15:48:37 EnO_switch_FEFBFE03 buttons: pressed
2016-05-31_15:48:37 EnO_switch_FEFBFE03 channelA: A0
2016-05-31_15:48:37 EnO_switch_FEFBFE03 A0
2016-05-31_15:48:38 EnO_switch_FEFBFE03 buttons: released
2016-05-31_15:48:38 EnO_switch_FEFBFE03 buttons: A0 released
2016-05-31_15:48:40 EnO_switch_FEFBFE03 buttons: pressed
2016-05-31_15:48:40 EnO_switch_FEFBFE03 channelA: A0
2016-05-31_15:48:40 EnO_switch_FEFBFE03 A0
2016-05-31_15:48:40 EnO_switch_FEFBFE03 buttons: released
2016-05-31_15:48:40 EnO_switch_FEFBFE03 buttons: A0 released
2016-05-31_15:48:42 EnO_switch_FEFBFE03 buttons: pressed
2016-05-31_15:48:42 EnO_switch_FEFBFE03 channelA: A0
2016-05-31_15:48:42 EnO_switch_FEFBFE03 A0
2016-05-31_15:48:42 EnO_switch_FEFBFE03 buttons: released
2016-05-31_15:48:42 EnO_switch_FEFBFE03 buttons: A0 released
2016-05-31_15:48:45 EnO_switch_FEFBFE03 buttons: pressed
2016-05-31_15:48:45 EnO_switch_FEFBFE03 channelA: A0
2016-05-31_15:48:45 EnO_switch_FEFBFE03 A0
2016-05-31_15:48:45 EnO_switch_FEFBFE03 buttons: released
2016-05-31_15:48:45 EnO_switch_FEFBFE03 buttons: released
2016-05-31_15:50:23 EnO_switch_FEFBFE03 buttons: pressed
2016-05-31_15:50:23 EnO_switch_FEFBFE03 channelB: B0
2016-05-31_15:50:23 EnO_switch_FEFBFE03 B0
2016-05-31_15:50:23 EnO_switch_FEFBFE03 buttons: released
2016-05-31_15:50:23 EnO_switch_FEFBFE03 buttons: released
2016-05-31_15:50:57 EnO_switch_FEFBFE03 buttons: pressed
2016-05-31_15:50:57 EnO_switch_FEFBFE03 channelB: BI
2016-05-31_15:50:57 EnO_switch_FEFBFE03 BI
2016-05-31_15:50:58 EnO_switch_FEFBFE03 buttons: released
2016-05-31_15:50:58 EnO_switch_FEFBFE03 buttons: released
2016-05-31_15:50:58 EnO_switch_FEFBFE03 buttons: pressed
2016-05-31_15:50:58 EnO_switch_FEFBFE03 channelB: BI
2016-05-31_15:50:58 EnO_switch_FEFBFE03 BI
2016-05-31_15:50:58 EnO_switch_FEFBFE03 buttons: released
2016-05-31_15:50:58 EnO_switch_FEFBFE03 buttons: released
2016-05-31_15:50:59 EnO_switch_FEFBFE03 buttons: pressed
2016-05-31_15:50:59 EnO_switch_FEFBFE03 channelB: B0
2016-05-31_15:50:59 EnO_switch_FEFBFE03 B0
2016-05-31_15:50:59 EnO_switch_FEFBFE03 buttons: released
2016-05-31_15:50:59 EnO_switch_FEFBFE03 buttons: released
2016-05-31_15:51:00 EnO_switch_FEFBFE03 buttons: pressed
2016-05-31_15:51:00 EnO_switch_FEFBFE03 channelB: BI
2016-05-31_15:51:00 EnO_switch_FEFBFE03 BI
2016-05-31_15:51:00 EnO_switch_FEFBFE03 buttons: released
2016-05-31_15:51:00 EnO_switch_FEFBFE03 buttons: released
2016-05-31_15:51:00 EnO_switch_FEFBFE03 buttons: pressed
2016-05-31_15:51:00 EnO_switch_FEFBFE03 channelB: B0
2016-05-31_15:51:00 EnO_switch_FEFBFE03 B0
2016-05-31_15:51:01 EnO_switch_FEFBFE03 buttons: released
2016-05-31_15:51:01 EnO_switch_FEFBFE03 buttons: released
2016-05-31_15:51:01 EnO_switch_FEFBFE03 buttons: pressed
2016-05-31_15:51:01 EnO_switch_FEFBFE03 channelB: BI
2016-05-31_15:51:01 EnO_switch_FEFBFE03 BI
2016-05-31_15:51:01 EnO_switch_FEFBFE03 buttons: released
2016-05-31_15:51:01 EnO_switch_FEFBFE03 buttons: released
2016-05-31_15:51:02 EnO_switch_FEFBFE03 buttons: pressed
2016-05-31_15:51:02 EnO_switch_FEFBFE03 channelB: B0
2016-05-31_15:51:02 EnO_switch_FEFBFE03 B0
2016-05-31_15:51:02 EnO_switch_FEFBFE03 buttons: released
2016-05-31_15:51:02 EnO_switch_FEFBFE03 buttons: released
2016-05-31_15:51:05 EnO_switch_FEFBFE03 buttons: pressed
2016-05-31_15:51:05 EnO_switch_FEFBFE03 channelB: BI
2016-05-31_15:51:05 EnO_switch_FEFBFE03 BI
2016-05-31_15:51:06 EnO_switch_FEFBFE03 buttons: released
2016-05-31_15:51:06 EnO_switch_FEFBFE03 buttons: released
2016-05-31_15:51:07 EnO_switch_FEFBFE03 buttons: pressed
2016-05-31_15:51:07 EnO_switch_FEFBFE03 channelB: B0
2016-05-31_15:51:07 EnO_switch_FEFBFE03 B0
2016-05-31_15:51:07 EnO_switch_FEFBFE03 buttons: released
2016-05-31_15:51:07 EnO_switch_FEFBFE03 buttons: released
2016-05-31_15:51:08 EnO_switch_FEFBFE03 buttons: pressed
2016-05-31_15:51:08 EnO_switch_FEFBFE03 channelB: B0
2016-05-31_15:51:08 EnO_switch_FEFBFE03 B0
2016-05-31_15:51:08 EnO_switch_FEFBFE03 buttons: released
2016-05-31_15:51:08 EnO_switch_FEFBFE03 buttons: released
2016-05-31_15:51:49 EnO_switch_FEFBFE03 buttons: pressed
2016-05-31_15:51:49 EnO_switch_FEFBFE03 channelB: B0
2016-05-31_15:51:49 EnO_switch_FEFBFE03 B0
2016-05-31_15:51:49 EnO_switch_FEFBFE03 buttons: released
2016-05-31_15:51:49 EnO_switch_FEFBFE03 buttons: released
2016-05-31_15:51:50 EnO_switch_FEFBFE03 buttons: pressed
2016-05-31_15:51:50 EnO_switch_FEFBFE03 channelB: BI
2016-05-31_15:51:50 EnO_switch_FEFBFE03 BI
2016-05-31_15:51:50 EnO_switch_FEFBFE03 buttons: released
2016-05-31_15:51:50 EnO_switch_FEFBFE03 buttons: released
2016-05-31_15:51:53 EnO_switch_FEFBFE03 buttons: pressed
2016-05-31_15:51:53 EnO_switch_FEFBFE03 channelB: B0
2016-05-31_15:51:53 EnO_switch_FEFBFE03 B0
2016-05-31_15:51:53 EnO_switch_FEFBFE03 buttons: released
2016-05-31_15:51:53 EnO_switch_FEFBFE03 buttons: released
2016-05-31_15:51:55 EnO_switch_FEFBFE03 buttons: pressed
2016-05-31_15:51:55 EnO_switch_FEFBFE03 channelB: BI
2016-05-31_15:51:55 EnO_switch_FEFBFE03 A0,BI
2016-05-31_15:51:56 EnO_switch_FEFBFE03 buttons: released
2016-05-31_15:51:56 EnO_switch_FEFBFE03 buttons: A0 released
2016-05-31_15:51:59 EnO_switch_FEFBFE03 buttons: pressed
2016-05-31_15:51:59 EnO_switch_FEFBFE03 channelB: BI
2016-05-31_15:51:59 EnO_switch_FEFBFE03 AI,BI
2016-05-31_15:51:59 EnO_switch_FEFBFE03 buttons: released
2016-05-31_15:51:59 EnO_switch_FEFBFE03 buttons: AI released
2016-05-31_16:44:18 EnO_switch_FEFBFE03 buttons: pressed
2016-05-31_16:44:18 EnO_switch_FEFBFE03 channelB: B0
2016-05-31_16:44:18 EnO_switch_FEFBFE03 B0
2016-05-31_16:44:18 EnO_switch_FEFBFE03 buttons: released
2016-05-31_16:44:18 EnO_switch_FEFBFE03 buttons: released
2016-05-31_16:45:35 EnO_switch_FEFBFE03 buttons: pressed
2016-05-31_16:45:35 EnO_switch_FEFBFE03 channelB: BI
2016-05-31_16:45:35 EnO_switch_FEFBFE03 BI
2016-05-31_16:45:36 EnO_switch_FEFBFE03 buttons: released
2016-05-31_16:45:36 EnO_switch_FEFBFE03 buttons: released
2016-05-31_16:48:53 EnO_switch_FEFBFE03 buttons: pressed
2016-05-31_16:48:53 EnO_switch_FEFBFE03 channelB: B0
2016-05-31_16:48:53 EnO_switch_FEFBFE03 B0
2016-05-31_16:48:54 EnO_switch_FEFBFE03 buttons: released
2016-05-31_16:48:54 EnO_switch_FEFBFE03 buttons: released
2016-06-02_15:34:08 EnO_switch_FEFBFE03 buttons: pressed
2016-06-02_15:34:08 EnO_switch_FEFBFE03 channelB: BI
2016-06-02_15:34:08 EnO_switch_FEFBFE03 BI
2016-06-02_15:34:08 EnO_switch_FEFBFE03 buttons: released
2016-06-02_15:34:08 EnO_switch_FEFBFE03 buttons: released
2016-06-02_15:55:54 EnO_switch_FEFBFE03 buttons: pressed
2016-06-02_15:55:54 EnO_switch_FEFBFE03 channelB: B0
2016-06-02_15:55:54 EnO_switch_FEFBFE03 B0
2016-06-02_15:55:55 EnO_switch_FEFBFE03 buttons: released
2016-06-02_15:55:55 EnO_switch_FEFBFE03 buttons: released
2016-06-02_16:26:04 EnO_switch_FEFBFE03 buttons: pressed
2016-06-02_16:26:04 EnO_switch_FEFBFE03 channelB: BI
2016-06-02_16:26:04 EnO_switch_FEFBFE03 BI
2016-06-02_16:26:04 EnO_switch_FEFBFE03 buttons: released
2016-06-02_16:26:04 EnO_switch_FEFBFE03 buttons: released
