2016-05-31_15:57:42 EnO_VLD_019FEE73 08280B80019B9ACD2D
2016-05-31_15:57:45 EnO_VLD_019FEE73 08280B80019B9ACD2E
2016-05-31_15:57:46 EnO_VLD_019FEE73 08280B80019B9ACD2E
2016-05-31_15:57:48 EnO_VLD_019FEE73 08280B80019B9ACD2D
2016-05-31_15:59:33 EnO_VLD_019FEE73 00006008019B9ACD29
2016-05-31_16:07:54 EnO_VLD_019FEE73 00005308019B9ACD2D
2016-05-31_16:07:54 EnO_VLD_019FEE73 00005308019B9ACD2D
2016-05-31_16:09:40 EnO_VLD_019FEE73 00004F08019B9ACD2D
2016-05-31_16:11:25 EnO_VLD_019FEE73 00005808019B9ACD2D
2016-05-31_16:13:11 EnO_VLD_019FEE73 00005D08019B9ACD2D
2016-05-31_16:25:10 EnO_VLD_019FEE73 08280B80019B9ACD29
2016-05-31_16:34:50 EnO_VLD_019FEE73 00005608019B9ACD29
2016-05-31_16:35:31 EnO_VLD_019FEE73 00005708019B9ACD29
2016-05-31_16:36:02 EnO_VLD_019FEE73 00005708019B9ACD29
2016-05-31_16:36:32 EnO_VLD_019FEE73 00005708019B9ACD29
2016-05-31_16:37:10 EnO_VLD_019FEE73 00005808019B9ACD29
2016-05-31_16:37:32 EnO_VLD_019FEE73 00005908019B9ACD29
2016-05-31_16:38:06 EnO_VLD_019FEE73 00005808019B9ACD29
2016-05-31_16:38:50 EnO_VLD_019FEE73 00005908019B9ACD29
2016-05-31_16:39:13 EnO_VLD_019FEE73 00005A08019B9ACD29
2016-05-31_16:39:46 EnO_VLD_019FEE73 00005908019B9ACD29
2016-05-31_16:40:14 EnO_VLD_019FEE73 00005908019B9ACD29
2016-05-31_16:40:36 EnO_VLD_019FEE73 00005A08019B9ACD29
2016-05-31_16:41:09 EnO_VLD_019FEE73 00005908019B9ACD29
2016-05-31_16:41:34 EnO_VLD_019FEE73 00005A08019B9ACD29
2016-05-31_16:42:39 EnO_VLD_019FEE73 00005A08019B9ACD29
2016-05-31_16:43:23 EnO_VLD_019FEE73 00005A08019B9ACD29
2016-05-31_16:43:55 EnO_VLD_019FEE73 00005B08019B9ACD29
2016-05-31_16:44:18 EnO_VLD_019FEE73 70FFFFFFFEFBFE032D
2016-05-31_16:44:18 EnO_VLD_019FEE73 00FFFFFFFEFBFE032D
2016-05-31_16:44:29 EnO_VLD_019FEE73 00005A08019B9ACD29
2016-05-31_16:45:14 EnO_VLD_019FEE73 00005A08019B9ACD29
2016-05-31_16:45:35 EnO_VLD_019FEE73 50FFFFFFFEFBFE032D
2016-05-31_16:45:36 EnO_VLD_019FEE73 00FFFFFFFEFBFE032D
2016-05-31_16:45:48 EnO_VLD_019FEE73 00005B08019B9ACD29
2016-05-31_16:46:23 EnO_VLD_019FEE73 00005B08019B9ACD29
2016-05-31_16:46:48 EnO_VLD_019FEE73 00005B08019B9ACD29
2016-05-31_16:47:26 EnO_VLD_019FEE73 00005B08019B9ACD29
2016-05-31_16:47:59 EnO_VLD_019FEE73 00005B08019B9ACD29
2016-05-31_16:48:43 EnO_VLD_019FEE73 00005B08019B9ACD29
2016-05-31_16:48:53 EnO_VLD_019FEE73 70FFFFFFFEFBFE032D
2016-05-31_16:48:54 EnO_VLD_019FEE73 00FFFFFFFEFBFE032D
2016-06-01_13:03:14 EnO_VLD_019FEE73 00006A08019B9ACD2D
2016-06-01_13:03:27 EnO_VLD_019FEE73 00006708019B9ACD29
2016-06-01_13:05:34 EnO_VLD_019FEE73 00006508019B9ACD29
2016-06-01_13:06:15 EnO_VLD_019FEE73 00006508019B9ACD29
2016-06-01_13:06:55 EnO_VLD_019FEE73 00006408019B9ACD29
2016-06-01_13:07:17 EnO_VLD_019FEE73 00006508019B9ACD29
2016-06-01_13:07:39 EnO_VLD_019FEE73 00006508019B9ACD29
2016-06-01_13:08:01 EnO_VLD_019FEE73 00006508019B9ACD29
2016-06-01_13:08:27 EnO_VLD_019FEE73 00006508019B9ACD29
2016-06-01_13:09:04 EnO_VLD_019FEE73 00006508019B9ACD29
2016-06-01_13:09:36 EnO_VLD_019FEE73 00006508019B9ACD29
2016-06-01_13:10:11 EnO_VLD_019FEE73 00006608019B9ACD29
2016-06-01_13:10:55 EnO_VLD_019FEE73 00006608019B9ACD29
2016-06-01_13:11:29 EnO_VLD_019FEE73 00006708019B9ACD29
2016-06-01_13:12:01 EnO_VLD_019FEE73 00006708019B9ACD29
2016-06-01_13:12:33 EnO_VLD_019FEE73 00006708019B9ACD29
2016-06-01_13:12:55 EnO_VLD_019FEE73 00006708019B9ACD29
2016-06-01_13:13:22 EnO_VLD_019FEE73 00006608019B9ACD29
2016-06-01_13:13:48 EnO_VLD_019FEE73 00006608019B9ACD29
2016-06-01_13:14:32 EnO_VLD_019FEE73 00006608019B9ACD29
2016-06-01_13:14:57 EnO_VLD_019FEE73 00006608019B9ACD29
2016-06-01_13:15:35 EnO_VLD_019FEE73 00006608019B9ACD29
2016-06-01_13:16:10 EnO_VLD_019FEE73 00005F08019B9ACD2D
2016-06-01_13:16:50 EnO_VLD_019FEE73 00005408019B9ACD29
2016-06-01_13:17:00 EnO_VLD_019FEE73 00005708019B9ACD29
2016-06-01_13:17:15 EnO_VLD_019FEE73 00005A08019B9ACD29
2016-06-01_13:18:06 EnO_VLD_019FEE73 00005A08019B9ACD2D
2016-06-01_13:18:22 EnO_VLD_019FEE73 00005608019B9ACD40
2016-06-01_13:20:59 EnO_VLD_019FEE73 00006308019B9ACD31
2016-06-01_13:21:18 EnO_VLD_019FEE73 00006408019B9ACD4F
2016-06-01_13:31:00 EnO_VLD_019FEE73 00008608019B9ACD32
2016-06-01_13:31:32 EnO_VLD_019FEE73 00008308019B9ACD41
2016-06-01_13:32:12 EnO_VLD_019FEE73 00008208019B9ACD35
2016-06-01_13:32:47 EnO_VLD_019FEE73 00008108019B9ACD31
2016-06-01_13:33:15 EnO_VLD_019FEE73 00008108019B9ACD2E
2016-06-01_13:33:40 EnO_VLD_019FEE73 00008108019B9ACD2D
2016-06-01_13:34:12 EnO_VLD_019FEE73 00008008019B9ACD2D
2016-06-01_13:34:35 EnO_VLD_019FEE73 00007F08019B9ACD2E
2016-06-01_13:35:03 EnO_VLD_019FEE73 00007F08019B9ACD2E
2016-06-01_13:35:31 EnO_VLD_019FEE73 00007F08019B9ACD31
2016-06-01_13:36:06 EnO_VLD_019FEE73 00007F08019B9ACD2E
2016-06-01_13:36:15 EnO_VLD_019FEE73 00007B08019B9ACD2D
2016-06-01_13:36:18 EnO_VLD_019FEE73 00007608019B9ACD29
2016-06-01_13:38:40 EnO_VLD_019FEE73 00006008019B9ACD2D
2016-06-01_13:39:12 EnO_VLD_019FEE73 00006308019B9ACD2D
2016-06-01_13:39:49 EnO_VLD_019FEE73 00006408019B9ACD2E
2016-06-01_13:40:34 EnO_VLD_019FEE73 00006408019B9ACD2D
2016-06-01_13:41:02 EnO_VLD_019FEE73 00006408019B9ACD2D
2016-06-01_13:41:37 EnO_VLD_019FEE73 00006408019B9ACD2D
2016-06-01_13:42:02 EnO_VLD_019FEE73 00006508019B9ACD2D
2016-06-01_13:42:43 EnO_VLD_019FEE73 00006508019B9ACD2E
2016-06-01_13:43:15 EnO_VLD_019FEE73 00006508019B9ACD2D
2016-06-01_13:43:50 EnO_VLD_019FEE73 00006408019B9ACD2D
2016-06-01_13:44:15 EnO_VLD_019FEE73 00006608019B9ACD2A
2016-06-01_13:44:41 EnO_VLD_019FEE73 00006508019B9ACD2D
2016-06-01_13:44:49 EnO_VLD_019FEE73 00006408019B9ACD29
2016-06-01_13:47:22 EnO_VLD_019FEE73 00002608019B9ACD35
2016-06-01_13:47:25 EnO_VLD_019FEE73 00002A08019B9ACD3C
2016-06-01_13:47:55 EnO_VLD_019FEE73 00003B08019B9ACD2D
2016-06-01_13:48:04 EnO_VLD_019FEE73 00003F08019B9ACD2D
2016-06-01_13:48:11 EnO_VLD_019FEE73 00004208019B9ACD2D
2016-06-01_13:48:37 EnO_VLD_019FEE73 00004908019B9ACD2D
2016-06-01_13:48:53 EnO_VLD_019FEE73 00004D08019B9ACD2D
2016-06-01_13:49:06 EnO_VLD_019FEE73 00005008019B9ACD2D
2016-06-01_13:49:34 EnO_VLD_019FEE73 00005408019B9ACD2D
2016-06-01_13:49:59 EnO_VLD_019FEE73 00005708019B9ACD2D
2016-06-01_13:50:28 EnO_VLD_019FEE73 00005A08019B9ACD2D
2016-06-01_13:50:56 EnO_VLD_019FEE73 00005B08019B9ACD2D
2016-06-01_13:51:27 EnO_VLD_019FEE73 00005D08019B9ACD2D
2016-06-01_13:51:56 EnO_VLD_019FEE73 00005F08019B9ACD2D
2016-06-01_13:52:40 EnO_VLD_019FEE73 00006008019B9ACD2D
2016-06-01_13:53:12 EnO_VLD_019FEE73 00006008019B9ACD2D
2016-06-01_13:53:44 EnO_VLD_019FEE73 00006208019B9ACD2D
2016-06-01_13:54:15 EnO_VLD_019FEE73 00006208019B9ACD2D
2016-06-01_13:54:44 EnO_VLD_019FEE73 00006208019B9ACD2D
2016-06-01_13:55:04 EnO_VLD_019FEE73 00006108019B9ACD29
2016-06-01_13:55:42 EnO_VLD_019FEE73 00005F08019B9ACD29
2016-06-01_13:56:07 EnO_VLD_019FEE73 00006208019B9ACD29
2016-06-01_13:56:48 EnO_VLD_019FEE73 00006408019B9ACD2D
2016-06-01_13:57:26 EnO_VLD_019FEE73 00006608019B9ACD2D
2016-06-01_13:57:55 EnO_VLD_019FEE73 00006708019B9ACD2D
2016-06-01_13:58:23 EnO_VLD_019FEE73 00006708019B9ACD2D
2016-06-01_13:58:50 EnO_VLD_019FEE73 00006708019B9ACD2D
2016-06-01_13:59:31 EnO_VLD_019FEE73 00006808019B9ACD2D
2016-06-01_13:59:53 EnO_VLD_019FEE73 00006908019B9ACD2D
2016-06-01_14:00:34 EnO_VLD_019FEE73 00006908019B9ACD2D
2016-06-01_14:01:12 EnO_VLD_019FEE73 00006A08019B9ACD2D
2016-06-01_14:01:34 EnO_VLD_019FEE73 00006908019B9ACD2D
2016-06-01_14:01:59 EnO_VLD_019FEE73 00006908019B9ACD2D
2016-06-01_14:02:26 EnO_VLD_019FEE73 00006908019B9ACD2D
2016-06-01_14:02:57 EnO_VLD_019FEE73 00006A08019B9ACD2D
2016-06-01_14:03:38 EnO_VLD_019FEE73 00006A08019B9ACD2D
2016-06-01_14:04:22 EnO_VLD_019FEE73 00006A08019B9ACD2D
2016-06-01_14:05:07 EnO_VLD_019FEE73 00006908019B9ACD2D
2016-06-01_14:05:32 EnO_VLD_019FEE73 00006A08019B9ACD2D
2016-06-01_14:06:16 EnO_VLD_019FEE73 00006A08019B9ACD2D
2016-06-01_14:06:38 EnO_VLD_019FEE73 00006A08019B9ACD2D
2016-06-01_14:07:16 EnO_VLD_019FEE73 00006A08019B9ACD2D
2016-06-01_14:07:50 EnO_VLD_019FEE73 00006A08019B9ACD2D
2016-06-01_14:08:22 EnO_VLD_019FEE73 00006A08019B9ACD2D
2016-06-01_14:09:00 EnO_VLD_019FEE73 00006A08019B9ACD2D
2016-06-01_14:09:41 EnO_VLD_019FEE73 00006A08019B9ACD2D
2016-06-01_14:10:15 EnO_VLD_019FEE73 00006A08019B9ACD2D
2016-06-01_14:10:53 EnO_VLD_019FEE73 00006A08019B9ACD2D
2016-06-01_14:11:11 EnO_VLD_019FEE73 00006908019B9ACD2D
2016-06-01_14:11:59 EnO_VLD_019FEE73 00006908019B9ACD29
2016-06-01_14:12:37 EnO_VLD_019FEE73 00006908019B9ACD29
2016-06-01_14:12:43 EnO_VLD_019FEE73 00006508019B9ACD2D
2016-06-01_14:14:07 EnO_VLD_019FEE73 00005F08019B9ACD29
2016-06-01_14:14:45 EnO_VLD_019FEE73 00006008019B9ACD29
2016-06-01_14:15:07 EnO_VLD_019FEE73 00006108019B9ACD29
2016-06-01_14:15:48 EnO_VLD_019FEE73 00006208019B9ACD29
2016-06-01_14:16:23 EnO_VLD_019FEE73 00006208019B9ACD29
2016-06-01_14:16:52 EnO_VLD_019FEE73 00006208019B9ACD29
2016-06-01_14:17:20 EnO_VLD_019FEE73 00006308019B9ACD29
2016-06-01_14:17:52 EnO_VLD_019FEE73 00006308019B9ACD29
2016-06-01_14:19:42 EnO_VLD_019FEE73 00006408019B9ACD2D
2016-06-01_14:21:28 EnO_VLD_019FEE73 00006408019B9ACD29
2016-06-01_14:21:41 EnO_VLD_019FEE73 00006108019B9ACD29
2016-06-01_14:22:39 EnO_VLD_019FEE73 00006408019B9ACD29
2016-06-01_14:23:23 EnO_VLD_019FEE73 00006408019B9ACD29
2016-06-01_14:24:04 EnO_VLD_019FEE73 00006508019B9ACD29
2016-06-01_14:24:45 EnO_VLD_019FEE73 00006508019B9ACD29
2016-06-01_14:25:26 EnO_VLD_019FEE73 00006508019B9ACD29
2016-06-01_14:26:01 EnO_VLD_019FEE73 00006608019B9ACD29
2016-06-01_14:26:29 EnO_VLD_019FEE73 00006508019B9ACD29
2016-06-01_14:27:01 EnO_VLD_019FEE73 00006508019B9ACD29
2016-06-01_14:27:32 EnO_VLD_019FEE73 00006508019B9ACD29
2016-06-01_14:28:10 EnO_VLD_019FEE73 00006608019B9ACD29
2016-06-01_14:28:36 EnO_VLD_019FEE73 00006608019B9ACD29
2016-06-01_14:29:17 EnO_VLD_019FEE73 00006608019B9ACD29
2016-06-01_14:30:01 EnO_VLD_019FEE73 00006508019B9ACD29
2016-06-01_14:30:32 EnO_VLD_019FEE73 00006508019B9ACD29
2016-06-01_14:31:10 EnO_VLD_019FEE73 00006508019B9ACD29
2016-06-01_14:31:54 EnO_VLD_019FEE73 00006608019B9ACD29
2016-06-01_14:32:19 EnO_VLD_019FEE73 00006608019B9ACD29
2016-06-01_14:32:41 EnO_VLD_019FEE73 00006608019B9ACD29
2016-06-01_14:33:03 EnO_VLD_019FEE73 00006608019B9ACD29
2016-06-01_14:33:32 EnO_VLD_019FEE73 00006508019B9ACD29
2016-06-01_14:34:04 EnO_VLD_019FEE73 00006608019B9ACD29
2016-06-01_14:34:32 EnO_VLD_019FEE73 00006608019B9ACD29
2016-06-01_14:34:57 EnO_VLD_019FEE73 00006508019B9ACD29
2016-06-01_14:35:29 EnO_VLD_019FEE73 00006508019B9ACD29
2016-06-01_14:35:54 EnO_VLD_019FEE73 00006608019B9ACD29
2016-06-01_14:36:38 EnO_VLD_019FEE73 00006508019B9ACD29
2016-06-01_14:37:09 EnO_VLD_019FEE73 00006508019B9ACD29
2016-06-01_14:41:58 EnO_VLD_019FEE73 00006608019B9ACD29
2016-06-01_14:42:36 EnO_VLD_019FEE73 00006608019B9ACD2D
2016-06-01_14:43:10 EnO_VLD_019FEE73 00006708019B9ACD29
2016-06-01_14:43:32 EnO_VLD_019FEE73 00006708019B9ACD29
2016-06-01_14:43:58 EnO_VLD_019FEE73 00006708019B9ACD29
2016-06-01_14:44:23 EnO_VLD_019FEE73 00006708019B9ACD29
2016-06-01_14:44:49 EnO_VLD_019FEE73 00006708019B9ACD29
2016-06-01_14:45:14 EnO_VLD_019FEE73 00006708019B9ACD29
2016-06-01_14:45:42 EnO_VLD_019FEE73 00006708019B9ACD29
2016-06-01_14:46:07 EnO_VLD_019FEE73 00006808019B9ACD29
2016-06-01_14:46:36 EnO_VLD_019FEE73 00006808019B9ACD29
2016-06-01_14:47:14 EnO_VLD_019FEE73 00006708019B9ACD29
2016-06-01_14:47:55 EnO_VLD_019FEE73 00006808019B9ACD29
2016-06-01_14:48:23 EnO_VLD_019FEE73 00006708019B9ACD29
2016-06-01_14:49:04 EnO_VLD_019FEE73 00006808019B9ACD29
2016-06-01_14:49:42 EnO_VLD_019FEE73 00006708019B9ACD29
2016-06-01_14:50:07 EnO_VLD_019FEE73 00006808019B9ACD29
2016-06-01_14:50:38 EnO_VLD_019FEE73 00006708019B9ACD29
2016-06-01_14:51:00 EnO_VLD_019FEE73 00006708019B9ACD29
2016-06-01_14:51:23 EnO_VLD_019FEE73 00006808019B9ACD29
2016-06-01_14:51:57 EnO_VLD_019FEE73 00006808019B9ACD29
2016-06-01_14:52:35 EnO_VLD_019FEE73 00006808019B9ACD29
2016-06-01_14:53:13 EnO_VLD_019FEE73 00006808019B9ACD29
2016-06-01_14:53:51 EnO_VLD_019FEE73 00006708019B9ACD29
2016-06-01_14:54:13 EnO_VLD_019FEE73 00006808019B9ACD29
2016-06-01_14:54:51 EnO_VLD_019FEE73 00006808019B9ACD29
2016-06-01_14:55:28 EnO_VLD_019FEE73 00006708019B9ACD29
2016-06-01_14:56:12 EnO_VLD_019FEE73 00006708019B9ACD29
2016-06-01_14:56:35 EnO_VLD_019FEE73 00006708019B9ACD29
2016-06-01_14:56:57 EnO_VLD_019FEE73 00006708019B9ACD29
2016-06-01_14:57:19 EnO_VLD_019FEE73 00006808019B9ACD29
2016-06-01_14:57:56 EnO_VLD_019FEE73 00006708019B9ACD29
2016-06-01_14:58:19 EnO_VLD_019FEE73 00006708019B9ACD29
2016-06-01_14:58:43 EnO_VLD_019FEE73 00006608019B9ACD29
2016-06-01_14:59:17 EnO_VLD_019FEE73 00006708019B9ACD29
2016-06-01_14:59:49 EnO_VLD_019FEE73 00006708019B9ACD29
2016-06-01_15:00:14 EnO_VLD_019FEE73 00006608019B9ACD29
2016-06-01_15:00:52 EnO_VLD_019FEE73 00006608019B9ACD29
2016-06-01_15:01:27 EnO_VLD_019FEE73 00006708019B9ACD29
2016-06-01_15:01:49 EnO_VLD_019FEE73 00006708019B9ACD29
2016-06-01_15:02:17 EnO_VLD_019FEE73 00006708019B9ACD29
2016-06-01_15:02:42 EnO_VLD_019FEE73 00006708019B9ACD29
2016-06-01_15:03:06 EnO_VLD_019FEE73 00006708019B9ACD29
2016-06-01_15:03:38 EnO_VLD_019FEE73 00006608019B9ACD29
2016-06-01_15:04:19 EnO_VLD_019FEE73 00006708019B9ACD29
2016-06-01_15:04:50 EnO_VLD_019FEE73 00006608019B9ACD29
2016-06-01_15:05:25 EnO_VLD_019FEE73 00006708019B9ACD29
2016-06-01_15:05:56 EnO_VLD_019FEE73 00006608019B9ACD29
2016-06-01_15:06:34 EnO_VLD_019FEE73 00006708019B9ACD29
2016-06-01_15:07:06 EnO_VLD_019FEE73 00006708019B9ACD29
2016-06-01_15:07:34 EnO_VLD_019FEE73 00006708019B9ACD29
2016-06-01_15:08:03 EnO_VLD_019FEE73 00006708019B9ACD29
2016-06-01_15:08:47 EnO_VLD_019FEE73 00006708019B9ACD29
2016-06-01_15:09:31 EnO_VLD_019FEE73 00006608019B9ACD29
2016-06-01_15:10:09 EnO_VLD_019FEE73 00006708019B9ACD29
2016-06-01_15:10:40 EnO_VLD_019FEE73 00006608019B9ACD29
2016-06-01_15:11:15 EnO_VLD_019FEE73 00006708019B9ACD29
2016-06-01_15:11:37 EnO_VLD_019FEE73 00006608019B9ACD29
2016-06-01_15:12:12 EnO_VLD_019FEE73 00006708019B9ACD29
2016-06-01_15:12:43 EnO_VLD_019FEE73 00006708019B9ACD29
2016-06-01_15:13:11 EnO_VLD_019FEE73 00006708019B9ACD29
2016-06-01_15:13:35 EnO_VLD_019FEE73 00006708019B9ACD29
2016-06-01_15:14:07 EnO_VLD_019FEE73 00006708019B9ACD29
2016-06-01_15:14:29 EnO_VLD_019FEE73 00006708019B9ACD29
2016-06-01_15:14:54 EnO_VLD_019FEE73 00006708019B9ACD29
2016-06-01_15:15:16 EnO_VLD_019FEE73 00006708019B9ACD29
2016-06-01_15:15:46 EnO_VLD_019FEE73 00006608019B9ACD29
2016-06-01_15:16:30 EnO_VLD_019FEE73 00006608019B9ACD29
2016-06-01_15:16:53 EnO_VLD_019FEE73 00006608019B9ACD29
2016-06-01_15:17:26 EnO_VLD_019FEE73 00006508019B9ACD29
2016-06-01_15:18:03 EnO_VLD_019FEE73 00006508019B9ACD29
2016-06-01_15:18:35 EnO_VLD_019FEE73 00006608019B9ACD29
2016-06-01_15:19:07 EnO_VLD_019FEE73 00006508019B9ACD29
2016-06-01_15:19:48 EnO_VLD_019FEE73 00006508019B9ACD29
2016-06-01_15:20:23 EnO_VLD_019FEE73 00006508019B9ACD29
2016-06-01_15:20:54 EnO_VLD_019FEE73 00006508019B9ACD29
2016-06-01_15:21:38 EnO_VLD_019FEE73 00006508019B9ACD29
2016-06-01_15:22:16 EnO_VLD_019FEE73 00006508019B9ACD29
2016-06-01_15:22:45 EnO_VLD_019FEE73 00006508019B9ACD29
2016-06-01_15:23:30 EnO_VLD_019FEE73 00006508019B9ACD29
2016-06-01_15:24:14 EnO_VLD_019FEE73 00006508019B9ACD29
2016-06-01_15:25:08 EnO_VLD_019FEE73 00006408019B9ACD29
2016-06-01_15:25:43 EnO_VLD_019FEE73 00006408019B9ACD29
2016-06-01_15:26:21 EnO_VLD_019FEE73 00006408019B9ACD29
2016-06-01_15:26:55 EnO_VLD_019FEE73 00006408019B9ACD29
2016-06-01_15:27:39 EnO_VLD_019FEE73 00006408019B9ACD29
2016-06-01_15:28:23 EnO_VLD_019FEE73 00006408019B9ACD2D
2016-06-01_15:28:55 EnO_VLD_019FEE73 00006408019B9ACD29
2016-06-01_15:29:39 EnO_VLD_019FEE73 00006308019B9ACD29
2016-06-01_15:30:08 EnO_VLD_019FEE73 00006308019B9ACD29
2016-06-01_15:30:41 EnO_VLD_019FEE73 00006308019B9ACD29
2016-06-01_15:31:12 EnO_VLD_019FEE73 00006308019B9ACD29
2016-06-01_15:31:37 EnO_VLD_019FEE73 00006408019B9ACD29
2016-06-01_15:32:10 EnO_VLD_019FEE73 00006308019B9ACD29
2016-06-01_15:32:39 EnO_VLD_019FEE73 00006308019B9ACD29
2016-06-01_15:33:10 EnO_VLD_019FEE73 00006308019B9ACD29
2016-06-01_15:33:53 EnO_VLD_019FEE73 00006208019B9ACD29
2016-06-01_15:34:21 EnO_VLD_019FEE73 00006308019B9ACD29
2016-06-01_15:34:59 EnO_VLD_019FEE73 00006208019B9ACD29
2016-06-01_15:35:36 EnO_VLD_019FEE73 00006208019B9ACD29
2016-06-01_15:36:11 EnO_VLD_019FEE73 00006208019B9ACD29
2016-06-01_15:36:36 EnO_VLD_019FEE73 00006308019B9ACD29
2016-06-01_15:37:08 EnO_VLD_019FEE73 00006208019B9ACD2D
2016-06-01_15:37:40 EnO_VLD_019FEE73 00006208019B9ACD29
2016-06-01_15:38:02 EnO_VLD_019FEE73 00006308019B9ACD29
2016-06-01_15:38:35 EnO_VLD_019FEE73 00006208019B9ACD29
2016-06-01_15:38:57 EnO_VLD_019FEE73 00006208019B9ACD29
2016-06-01_15:39:42 EnO_VLD_019FEE73 00006308019B9ACD2D
2016-06-01_15:40:13 EnO_VLD_019FEE73 00006308019B9ACD2D
2016-06-01_15:40:51 EnO_VLD_019FEE73 00006208019B9ACD29
2016-06-01_15:41:32 EnO_VLD_019FEE73 00006308019B9ACD29
2016-06-01_15:42:02 EnO_VLD_019FEE73 00006208019B9ACD29
2016-06-01_15:42:43 EnO_VLD_019FEE73 00006208019B9ACD29
2016-06-01_15:43:18 EnO_VLD_019FEE73 00006208019B9ACD2D
2016-06-01_15:43:50 EnO_VLD_019FEE73 00006108019B9ACD2D
2016-06-01_15:44:28 EnO_VLD_019FEE73 00006108019B9ACD2D
2016-06-01_15:45:06 EnO_VLD_019FEE73 00006108019B9ACD2D
2016-06-01_15:45:47 EnO_VLD_019FEE73 00006208019B9ACD2D
2016-06-01_15:46:19 EnO_VLD_019FEE73 00006108019B9ACD2D
2016-06-01_15:46:48 EnO_VLD_019FEE73 00006108019B9ACD2D
2016-06-01_15:47:26 EnO_VLD_019FEE73 00006108019B9ACD2D
2016-06-01_15:48:03 EnO_VLD_019FEE73 00006208019B9ACD2D
2016-06-01_15:48:32 EnO_VLD_019FEE73 00006208019B9ACD2D
2016-06-01_15:49:04 EnO_VLD_019FEE73 00006208019B9ACD2D
2016-06-01_15:49:32 EnO_VLD_019FEE73 00006208019B9ACD2D
2016-06-01_15:50:00 EnO_VLD_019FEE73 00006108019B9ACD2D
2016-06-01_15:50:37 EnO_VLD_019FEE73 00006208019B9ACD2D
2016-06-01_15:51:00 EnO_VLD_019FEE73 00006308019B9ACD2D
2016-06-01_15:51:37 EnO_VLD_019FEE73 00006208019B9ACD2D
2016-06-01_15:52:07 EnO_VLD_019FEE73 00006208019B9ACD2D
2016-06-01_15:52:29 EnO_VLD_019FEE73 00006208019B9ACD2D
2016-06-01_15:53:10 EnO_VLD_019FEE73 00006208019B9ACD2D
2016-06-01_15:53:51 EnO_VLD_019FEE73 00006208019B9ACD2D
2016-06-01_15:54:19 EnO_VLD_019FEE73 00006208019B9ACD2D
2016-06-01_15:54:51 EnO_VLD_019FEE73 00006208019B9ACD2D
2016-06-01_15:55:13 EnO_VLD_019FEE73 00006208019B9ACD2D
2016-06-01_15:55:42 EnO_VLD_019FEE73 00006108019B9ACD2D
2016-06-01_15:56:23 EnO_VLD_019FEE73 00006208019B9ACD2D
2016-06-01_15:56:58 EnO_VLD_019FEE73 00006208019B9ACD2D
2016-06-01_15:57:33 EnO_VLD_019FEE73 00006208019B9ACD29
2016-06-01_15:58:00 EnO_VLD_019FEE73 00006208019B9ACD29
2016-06-01_15:58:22 EnO_VLD_019FEE73 00006208019B9ACD29
2016-06-01_15:58:51 EnO_VLD_019FEE73 00006208019B9ACD29
2016-06-01_15:59:18 EnO_VLD_019FEE73 00006108019B9ACD29
2016-06-01_15:59:59 EnO_VLD_019FEE73 00006108019B9ACD29
2016-06-01_16:00:37 EnO_VLD_019FEE73 00006108019B9ACD29
2016-06-01_16:01:21 EnO_VLD_019FEE73 00006208019B9ACD29
2016-06-01_16:01:50 EnO_VLD_019FEE73 00006208019B9ACD2D
2016-06-01_16:02:20 EnO_VLD_019FEE73 00006208019B9ACD2D
2016-06-01_16:02:48 EnO_VLD_019FEE73 00006208019B9ACD2D
2016-06-01_16:03:10 EnO_VLD_019FEE73 00006208019B9ACD2D
2016-06-01_16:03:41 EnO_VLD_019FEE73 00006208019B9ACD29
2016-06-01_16:04:16 EnO_VLD_019FEE73 00006208019B9ACD2D
2016-06-01_16:04:48 EnO_VLD_019FEE73 00006108019B9ACD2D
2016-06-01_16:05:26 EnO_VLD_019FEE73 00006208019B9ACD2D
2016-06-01_16:05:54 EnO_VLD_019FEE73 00006108019B9ACD2D
2016-06-01_16:06:20 EnO_VLD_019FEE73 00006208019B9ACD2D
2016-06-01_16:06:54 EnO_VLD_019FEE73 00006208019B9ACD2D
2016-06-01_16:07:22 EnO_VLD_019FEE73 00006108019B9ACD2D
2016-06-01_16:07:44 EnO_VLD_019FEE73 00006108019B9ACD2D
2016-06-01_16:08:22 EnO_VLD_019FEE73 00006108019B9ACD2D
2016-06-01_16:09:03 EnO_VLD_019FEE73 00006208019B9ACD2D
2016-06-01_16:09:33 EnO_VLD_019FEE73 00006108019B9ACD2D
2016-06-01_16:10:11 EnO_VLD_019FEE73 00006208019B9ACD2D
2016-06-01_16:10:37 EnO_VLD_019FEE73 00006208019B9ACD2D
2016-06-01_16:11:05 EnO_VLD_019FEE73 00006208019B9ACD2D
2016-06-01_16:11:33 EnO_VLD_019FEE73 00006208019B9ACD2D
2016-06-01_16:12:07 EnO_VLD_019FEE73 00006108019B9ACD2D
2016-06-01_16:12:48 EnO_VLD_019FEE73 00006108019B9ACD2D
2016-06-01_16:13:29 EnO_VLD_019FEE73 00006208019B9ACD2D
2016-06-01_16:13:59 EnO_VLD_019FEE73 00006108019B9ACD2D
2016-06-01_16:14:24 EnO_VLD_019FEE73 00006108019B9ACD2D
2016-06-01_16:15:05 EnO_VLD_019FEE73 00006208019B9ACD2D
2016-06-01_16:15:33 EnO_VLD_019FEE73 00006108019B9ACD2D
2016-06-01_16:15:56 EnO_VLD_019FEE73 00006108019B9ACD2D
2016-06-01_16:16:37 EnO_VLD_019FEE73 00006208019B9ACD2D
2016-06-01_16:17:06 EnO_VLD_019FEE73 00006108019B9ACD2D
2016-06-01_16:17:32 EnO_VLD_019FEE73 00006108019B9ACD2D
2016-06-01_16:17:57 EnO_VLD_019FEE73 00006108019B9ACD2D
2016-06-01_16:18:28 EnO_VLD_019FEE73 00006108019B9ACD2D
2016-06-01_16:18:56 EnO_VLD_019FEE73 00006108019B9ACD2D
2016-06-01_16:19:25 EnO_VLD_019FEE73 00006108019B9ACD2D
2016-06-01_16:19:57 EnO_VLD_019FEE73 00006008019B9ACD29
2016-06-01_16:20:19 EnO_VLD_019FEE73 00006008019B9ACD2D
2016-06-01_16:21:03 EnO_VLD_019FEE73 00006008019B9ACD29
2016-06-01_16:21:32 EnO_VLD_019FEE73 00005F08019B9ACD29
2016-06-01_16:21:57 EnO_VLD_019FEE73 00005F08019B9ACD2D
2016-06-01_16:22:23 EnO_VLD_019FEE73 00006008019B9ACD2D
2016-06-01_16:22:53 EnO_VLD_019FEE73 00005F08019B9ACD29
2016-06-01_16:23:24 EnO_VLD_019FEE73 00006008019B9ACD2D
2016-06-01_16:24:09 EnO_VLD_019FEE73 00006008019B9ACD2D
2016-06-01_16:24:50 EnO_VLD_019FEE73 00005F08019B9ACD2D
2016-06-01_16:25:18 EnO_VLD_019FEE73 00005F08019B9ACD2D
2016-06-01_16:25:53 EnO_VLD_019FEE73 00006008019B9ACD2D
2016-06-01_16:26:31 EnO_VLD_019FEE73 00006008019B9ACD2D
2016-06-01_16:27:09 EnO_VLD_019FEE73 00006008019B9ACD2D
2016-06-01_16:27:38 EnO_VLD_019FEE73 00005F08019B9ACD2D
2016-06-01_16:28:10 EnO_VLD_019FEE73 00005F08019B9ACD2D
2016-06-01_16:28:41 EnO_VLD_019FEE73 00006008019B9ACD2D
2016-06-01_16:29:03 EnO_VLD_019FEE73 00006008019B9ACD29
2016-06-01_16:29:33 EnO_VLD_019FEE73 00006008019B9ACD2D
2016-06-01_16:29:55 EnO_VLD_019FEE73 00006008019B9ACD2D
2016-06-01_16:30:36 EnO_VLD_019FEE73 00006008019B9ACD2D
2016-06-01_16:31:21 EnO_VLD_019FEE73 00005F08019B9ACD2D
2016-06-01_16:31:52 EnO_VLD_019FEE73 00005F08019B9ACD29
2016-06-01_16:31:55 EnO_VLD_019FEE73 00005C08019B9ACD29
2016-06-01_16:32:26 EnO_VLD_019FEE73 00005C08019B9ACD29
2016-06-01_16:33:04 EnO_VLD_019FEE73 00005D08019B9ACD29
2016-06-01_16:33:29 EnO_VLD_019FEE73 00005E08019B9ACD29
2016-06-01_16:34:00 EnO_VLD_019FEE73 00005D08019B9ACD29
2016-06-01_16:34:44 EnO_VLD_019FEE73 00005E08019B9ACD29
2016-06-01_16:35:09 EnO_VLD_019FEE73 00005F08019B9ACD29
2016-06-01_16:35:38 EnO_VLD_019FEE73 00005F08019B9ACD29
2016-06-01_16:36:19 EnO_VLD_019FEE73 00005E08019B9ACD29
2016-06-01_16:36:57 EnO_VLD_019FEE73 00005E08019B9ACD29
2016-06-01_16:37:25 EnO_VLD_019FEE73 00005E08019B9ACD29
2016-06-01_16:38:03 EnO_VLD_019FEE73 00005E08019B9ACD29
2016-06-01_16:38:31 EnO_VLD_019FEE73 00005E08019B9ACD29
2016-06-01_16:39:02 EnO_VLD_019FEE73 00005E08019B9ACD29
2016-06-01_16:39:37 EnO_VLD_019FEE73 00005E08019B9ACD29
2016-06-01_17:04:59 EnO_VLD_019FEE73 00005E08019B9ACD2D
2016-06-01_17:05:33 EnO_VLD_019FEE73 00005F08019B9ACD2D
2016-06-01_17:06:08 EnO_VLD_019FEE73 00005F08019B9ACD2D
2016-06-01_17:06:33 EnO_VLD_019FEE73 00006008019B9ACD2D
2016-06-01_17:07:14 EnO_VLD_019FEE73 00006008019B9ACD2D
2016-06-01_17:07:55 EnO_VLD_019FEE73 00006008019B9ACD2D
2016-06-01_17:08:27 EnO_VLD_019FEE73 00006108019B9ACD2D
2016-06-01_17:08:55 EnO_VLD_019FEE73 00006108019B9ACD2D
2016-06-01_17:09:36 EnO_VLD_019FEE73 00006108019B9ACD2D
2016-06-01_17:10:05 EnO_VLD_019FEE73 00006108019B9ACD2D
2016-06-01_17:10:32 EnO_VLD_019FEE73 00006008019B9ACD2D
2016-06-01_17:11:07 EnO_VLD_019FEE73 00006008019B9ACD2E
2016-06-01_17:11:38 EnO_VLD_019FEE73 00006108019B9ACD36
2016-06-01_17:12:01 EnO_VLD_019FEE73 00006108019B9ACD2E
2016-06-01_17:12:38 EnO_VLD_019FEE73 00006108019B9ACD2D
2016-06-01_17:13:16 EnO_VLD_019FEE73 00006108019B9ACD2D
2016-06-01_17:14:00 EnO_VLD_019FEE73 00006108019B9ACD2D
2016-06-01_17:14:26 EnO_VLD_019FEE73 00006108019B9ACD2D
2016-06-01_17:15:01 EnO_VLD_019FEE73 00006108019B9ACD2D
2016-06-01_17:15:24 EnO_VLD_019FEE73 00006108019B9ACD2D
2016-06-01_17:16:00 EnO_VLD_019FEE73 00006008019B9ACD2D
2016-06-01_17:16:32 EnO_VLD_019FEE73 00006108019B9ACD2D
2016-06-01_17:17:01 EnO_VLD_019FEE73 00006008019B9ACD29
2016-06-01_17:17:18 EnO_VLD_019FEE73 00006008019B9ACD2D
2016-06-02_13:33:51 EnO_VLD_019FEE73 00006108019B9ACD2D
2016-06-02_13:34:13 EnO_VLD_019FEE73 00006308019B9ACD29
2016-06-02_13:34:55 EnO_VLD_019FEE73 00006608019B9ACD29
2016-06-02_13:35:08 EnO_VLD_019FEE73 00006908019B9ACD29
2016-06-02_13:35:30 EnO_VLD_019FEE73 00006B08019B9ACD29
2016-06-02_13:35:55 EnO_VLD_019FEE73 00006C08019B9ACD29
2016-06-02_13:36:20 EnO_VLD_019FEE73 00006D08019B9ACD29
2016-06-02_13:37:04 EnO_VLD_019FEE73 00006F08019B9ACD29
2016-06-02_13:37:48 EnO_VLD_019FEE73 00007008019B9ACD29
2016-06-02_13:38:10 EnO_VLD_019FEE73 00007008019B9ACD29
2016-06-02_13:38:54 EnO_VLD_019FEE73 00007108019B9ACD29
2016-06-02_13:39:19 EnO_VLD_019FEE73 00007108019B9ACD29
2016-06-02_13:39:48 EnO_VLD_019FEE73 00007208019B9ACD29
2016-06-02_13:40:19 EnO_VLD_019FEE73 00007208019B9ACD29
2016-06-02_13:40:54 EnO_VLD_019FEE73 00007108019B9ACD29
2016-06-02_13:41:38 EnO_VLD_019FEE73 00007108019B9ACD29
2016-06-02_13:42:19 EnO_VLD_019FEE73 00007108019B9ACD29
2016-06-02_13:42:57 EnO_VLD_019FEE73 00007208019B9ACD29
2016-06-02_13:43:31 EnO_VLD_019FEE73 00007108019B9ACD29
2016-06-02_13:44:12 EnO_VLD_019FEE73 00007108019B9ACD29
2016-06-02_13:44:21 EnO_VLD_019FEE73 00007008019B9ACD2D
2016-06-02_13:45:02 EnO_VLD_019FEE73 00006408019B9ACD29
2016-06-02_13:45:21 EnO_VLD_019FEE73 00006708019B9ACD29
2016-06-02_13:45:52 EnO_VLD_019FEE73 00006A08019B9ACD29
2016-06-02_13:46:30 EnO_VLD_019FEE73 00006C08019B9ACD29
2016-06-02_13:47:01 EnO_VLD_019FEE73 00006D08019B9ACD29
2016-06-02_13:47:33 EnO_VLD_019FEE73 00006E08019B9ACD29
2016-06-02_13:48:11 EnO_VLD_019FEE73 00006E08019B9ACD29
2016-06-02_13:48:45 EnO_VLD_019FEE73 00006E08019B9ACD29
2016-06-02_13:49:14 EnO_VLD_019FEE73 00006E08019B9ACD29
2016-06-02_13:49:39 EnO_VLD_019FEE73 00006F08019B9ACD29
2016-06-02_13:50:13 EnO_VLD_019FEE73 00006F08019B9ACD29
2016-06-02_13:50:45 EnO_VLD_019FEE73 00006F08019B9ACD29
2016-06-02_13:51:13 EnO_VLD_019FEE73 00007008019B9ACD29
2016-06-02_13:51:35 EnO_VLD_019FEE73 00007008019B9ACD29
2016-06-02_13:52:16 EnO_VLD_019FEE73 00006F08019B9ACD29
2016-06-02_13:52:48 EnO_VLD_019FEE73 00007008019B9ACD29
2016-06-02_13:53:13 EnO_VLD_019FEE73 00007008019B9ACD29
2016-06-02_13:53:57 EnO_VLD_019FEE73 00007008019B9ACD29
2016-06-02_13:54:41 EnO_VLD_019FEE73 00007008019B9ACD29
2016-06-02_13:55:06 EnO_VLD_019FEE73 00006F08019B9ACD29
2016-06-02_13:55:35 EnO_VLD_019FEE73 00007008019B9ACD29
2016-06-02_13:56:19 EnO_VLD_019FEE73 00006F08019B9ACD29
2016-06-02_13:57:03 EnO_VLD_019FEE73 00006F08019B9ACD29
2016-06-02_13:57:34 EnO_VLD_019FEE73 00007008019B9ACD29
2016-06-02_13:57:59 EnO_VLD_019FEE73 00006F08019B9ACD29
2016-06-02_13:58:34 EnO_VLD_019FEE73 00006F08019B9ACD29
2016-06-02_13:59:02 EnO_VLD_019FEE73 00007008019B9ACD29
2016-06-02_13:59:27 EnO_VLD_019FEE73 00007008019B9ACD29
2016-06-02_13:59:50 EnO_VLD_019FEE73 00007008019B9ACD29
2016-06-02_14:00:12 EnO_VLD_019FEE73 00006F08019B9ACD29
2016-06-02_14:00:43 EnO_VLD_019FEE73 00006F08019B9ACD29
2016-06-02_14:01:18 EnO_VLD_019FEE73 00006F08019B9ACD29
2016-06-02_14:01:59 EnO_VLD_019FEE73 00006F08019B9ACD29
2016-06-02_14:02:43 EnO_VLD_019FEE73 00006E08019B9ACD29
2016-06-02_14:03:08 EnO_VLD_019FEE73 00006E08019B9ACD29
2016-06-02_14:03:39 EnO_VLD_019FEE73 00006E08019B9ACD29
2016-06-02_14:04:08 EnO_VLD_019FEE73 00006F08019B9ACD29
2016-06-02_14:04:39 EnO_VLD_019FEE73 00006F08019B9ACD29
2016-06-02_14:05:14 EnO_VLD_019FEE73 00006F08019B9ACD29
2016-06-02_14:05:55 EnO_VLD_019FEE73 00006F08019B9ACD29
2016-06-02_14:06:33 EnO_VLD_019FEE73 00006F08019B9ACD29
2016-06-02_14:07:01 EnO_VLD_019FEE73 00006F08019B9ACD29
2016-06-02_14:07:42 EnO_VLD_019FEE73 00006E08019B9ACD29
2016-06-02_14:08:13 EnO_VLD_019FEE73 00006F08019B9ACD29
2016-06-02_14:08:57 EnO_VLD_019FEE73 00006E08019B9ACD29
2016-06-02_14:09:23 EnO_VLD_019FEE73 00006F08019B9ACD29
2016-06-02_14:10:07 EnO_VLD_019FEE73 00006E08019B9ACD29
2016-06-02_14:10:32 EnO_VLD_019FEE73 00006F08019B9ACD29
2016-06-02_14:11:16 EnO_VLD_019FEE73 00006F08019B9ACD29
2016-06-02_14:12:00 EnO_VLD_019FEE73 00006E08019B9ACD29
2016-06-02_14:12:31 EnO_VLD_019FEE73 00006E08019B9ACD29
2016-06-02_14:13:00 EnO_VLD_019FEE73 00006E08019B9ACD29
2016-06-02_14:13:28 EnO_VLD_019FEE73 00006E08019B9ACD29
2016-06-02_14:14:00 EnO_VLD_019FEE73 00006E08019B9ACD29
2016-06-02_14:14:28 EnO_VLD_019FEE73 00006F08019B9ACD29
2016-06-02_14:15:03 EnO_VLD_019FEE73 00006E08019B9ACD29
2016-06-02_14:15:34 EnO_VLD_019FEE73 00006E08019B9ACD29
2016-06-02_14:16:02 EnO_VLD_019FEE73 00006E08019B9ACD29
2016-06-02_14:16:34 EnO_VLD_019FEE73 00006E08019B9ACD29
2016-06-02_14:17:09 EnO_VLD_019FEE73 00006D08019B9ACD29
2016-06-02_14:17:37 EnO_VLD_019FEE73 00006D08019B9ACD29
2016-06-02_14:18:21 EnO_VLD_019FEE73 00006D08019B9ACD29
2016-06-02_14:19:05 EnO_VLD_019FEE73 00006D08019B9ACD29
2016-06-02_14:19:27 EnO_VLD_019FEE73 00006D08019B9ACD29
2016-06-02_14:20:11 EnO_VLD_019FEE73 00006E08019B9ACD29
2016-06-02_14:20:49 EnO_VLD_019FEE73 00006E08019B9ACD29
2016-06-02_14:21:24 EnO_VLD_019FEE73 00006D08019B9ACD29
2016-06-02_14:21:46 EnO_VLD_019FEE73 00006E08019B9ACD29
2016-06-02_14:22:20 EnO_VLD_019FEE73 00006E08019B9ACD29
2016-06-02_14:23:01 EnO_VLD_019FEE73 00006E08019B9ACD29
2016-06-02_14:23:36 EnO_VLD_019FEE73 00006D08019B9ACD29
2016-06-02_14:24:20 EnO_VLD_019FEE73 00006D08019B9ACD29
2016-06-02_14:24:42 EnO_VLD_019FEE73 00006D08019B9ACD29
2016-06-02_14:25:10 EnO_VLD_019FEE73 00006D08019B9ACD29
2016-06-02_14:25:36 EnO_VLD_019FEE73 00006D08019B9ACD29
2016-06-02_14:26:20 EnO_VLD_019FEE73 00006D08019B9ACD29
2016-06-02_14:27:04 EnO_VLD_019FEE73 00006E08019B9ACD29
2016-06-02_14:27:45 EnO_VLD_019FEE73 00006D08019B9ACD29
2016-06-02_14:28:07 EnO_VLD_019FEE73 00006E08019B9ACD29
2016-06-02_14:28:48 EnO_VLD_019FEE73 00006D08019B9ACD29
2016-06-02_14:29:13 EnO_VLD_019FEE73 00006D08019B9ACD29
2016-06-02_14:29:35 EnO_VLD_019FEE73 00006E08019B9ACD29
2016-06-02_14:30:13 EnO_VLD_019FEE73 00006D08019B9ACD29
2016-06-02_14:30:41 EnO_VLD_019FEE73 00006D08019B9ACD29
2016-06-02_14:31:09 EnO_VLD_019FEE73 00006D08019B9ACD29
2016-06-02_14:31:44 EnO_VLD_019FEE73 00006D08019B9ACD29
2016-06-02_14:32:06 EnO_VLD_019FEE73 00006D08019B9ACD29
2016-06-02_14:32:34 EnO_VLD_019FEE73 00006D08019B9ACD29
2016-06-02_14:32:56 EnO_VLD_019FEE73 00006D08019B9ACD29
2016-06-02_14:33:20 EnO_VLD_019FEE73 00006C08019B9ACD29
2016-06-02_14:34:04 EnO_VLD_019FEE73 00006C08019B9ACD29
2016-06-02_14:34:48 EnO_VLD_019FEE73 00006C08019B9ACD29
2016-06-02_14:35:14 EnO_VLD_019FEE73 00006C08019B9ACD29
2016-06-02_14:35:36 EnO_VLD_019FEE73 00006C08019B9ACD29
2016-06-02_14:36:17 EnO_VLD_019FEE73 00006C08019B9ACD29
2016-06-02_14:36:48 EnO_VLD_019FEE73 00006C08019B9ACD29
2016-06-02_14:37:13 EnO_VLD_019FEE73 00006B08019B9ACD29
2016-06-02_14:37:51 EnO_VLD_019FEE73 00006C08019B9ACD29
2016-06-02_14:38:23 EnO_VLD_019FEE73 00006B08019B9ACD29
2016-06-02_14:38:57 EnO_VLD_019FEE73 00006B08019B9ACD29
2016-06-02_14:39:38 EnO_VLD_019FEE73 00006B08019B9ACD29
2016-06-02_14:40:00 EnO_VLD_019FEE73 00006B08019B9ACD29
2016-06-02_14:40:22 EnO_VLD_019FEE73 00006B08019B9ACD29
2016-06-02_14:41:22 EnO_VLD_019FEE73 00006A08019B9ACD29
2016-06-02_14:42:00 EnO_VLD_019FEE73 00006A08019B9ACD29
2016-06-02_14:42:35 EnO_VLD_019FEE73 00006A08019B9ACD29
2016-06-02_14:43:06 EnO_VLD_019FEE73 00006A08019B9ACD29
2016-06-02_14:43:38 EnO_VLD_019FEE73 00006B08019B9ACD29
2016-06-02_14:44:12 EnO_VLD_019FEE73 00006B08019B9ACD29
2016-06-02_14:44:56 EnO_VLD_019FEE73 00006B08019B9ACD29
2016-06-02_14:45:34 EnO_VLD_019FEE73 00006B08019B9ACD29
2016-06-02_14:46:09 EnO_VLD_019FEE73 00006B08019B9ACD29
2016-06-02_14:46:31 EnO_VLD_019FEE73 00006B08019B9ACD29
2016-06-02_14:47:06 EnO_VLD_019FEE73 00006B08019B9ACD29
2016-06-02_14:47:46 EnO_VLD_019FEE73 00006B08019B9ACD29
2016-06-02_14:48:31 EnO_VLD_019FEE73 00006A08019B9ACD29
2016-06-02_14:49:02 EnO_VLD_019FEE73 00006A08019B9ACD29
2016-06-02_14:49:24 EnO_VLD_019FEE73 00006A08019B9ACD29
2016-06-02_14:49:59 EnO_VLD_019FEE73 00006A08019B9ACD29
2016-06-02_14:50:33 EnO_VLD_019FEE73 00006B08019B9ACD29
2016-06-02_14:50:55 EnO_VLD_019FEE73 00006A08019B9ACD29
2016-06-02_14:51:30 EnO_VLD_019FEE73 00006A08019B9ACD29
2016-06-02_14:52:08 EnO_VLD_019FEE73 00006B08019B9ACD29
2016-06-02_14:52:33 EnO_VLD_019FEE73 00006908019B9ACD29
2016-06-02_14:52:58 EnO_VLD_019FEE73 00006A08019B9ACD29
2016-06-02_14:53:33 EnO_VLD_019FEE73 00006B08019B9ACD29
2016-06-02_14:53:58 EnO_VLD_019FEE73 00006A08019B9ACD29
2016-06-02_15:07:34 EnO_VLD_019FEE73 00006808019B9ACD29
2016-06-02_15:08:06 EnO_VLD_019FEE73 00006808019B9ACD29
2016-06-02_15:08:41 EnO_VLD_019FEE73 00006808019B9ACD29
2016-06-02_15:09:18 EnO_VLD_019FEE73 00006808019B9ACD29
2016-06-02_15:09:56 EnO_VLD_019FEE73 00006808019B9ACD29
2016-06-02_15:10:28 EnO_VLD_019FEE73 00006808019B9ACD29
2016-06-02_15:11:06 EnO_VLD_019FEE73 00006808019B9ACD29
2016-06-02_15:11:40 EnO_VLD_019FEE73 00006808019B9ACD29
2016-06-02_15:12:15 EnO_VLD_019FEE73 00006708019B9ACD29
2016-06-02_15:12:56 EnO_VLD_019FEE73 00006708019B9ACD29
2016-06-02_15:13:18 EnO_VLD_019FEE73 00006808019B9ACD29
2016-06-02_15:13:46 EnO_VLD_019FEE73 00006808019B9ACD29
2016-06-02_15:14:24 EnO_VLD_019FEE73 00006808019B9ACD29
2016-06-02_15:14:56 EnO_VLD_019FEE73 00006808019B9ACD29
2016-06-02_15:15:24 EnO_VLD_019FEE73 00006808019B9ACD29
2016-06-02_15:15:46 EnO_VLD_019FEE73 00006808019B9ACD29
2016-06-02_15:16:30 EnO_VLD_019FEE73 00006808019B9ACD29
2016-06-02_15:17:02 EnO_VLD_019FEE73 00006808019B9ACD29
2016-06-02_15:17:24 EnO_VLD_019FEE73 00006908019B9ACD29
2016-06-02_15:18:02 EnO_VLD_019FEE73 00006808019B9ACD29
2016-06-02_15:18:27 EnO_VLD_019FEE73 00006808019B9ACD29
2016-06-02_15:18:55 EnO_VLD_019FEE73 00006808019B9ACD29
2016-06-02_15:19:20 EnO_VLD_019FEE73 00006808019B9ACD29
2016-06-02_15:19:46 EnO_VLD_019FEE73 00006808019B9ACD29
2016-06-02_15:20:08 EnO_VLD_019FEE73 00006808019B9ACD29
2016-06-02_15:20:32 EnO_VLD_019FEE73 00006808019B9ACD29
2016-06-02_15:21:07 EnO_VLD_019FEE73 00006808019B9ACD29
2016-06-02_15:21:41 EnO_VLD_019FEE73 00006808019B9ACD29
2016-06-02_15:22:10 EnO_VLD_019FEE73 00006808019B9ACD29
2016-06-02_15:22:35 EnO_VLD_019FEE73 00006808019B9ACD29
2016-06-02_15:23:00 EnO_VLD_019FEE73 00006808019B9ACD29
2016-06-02_15:23:25 EnO_VLD_019FEE73 00006808019B9ACD29
2016-06-02_15:23:47 EnO_VLD_019FEE73 00006908019B9ACD29
2016-06-02_15:24:28 EnO_VLD_019FEE73 00006808019B9ACD29
2016-06-02_15:24:50 EnO_VLD_019FEE73 00006908019B9ACD29
2016-06-02_15:25:28 EnO_VLD_019FEE73 00006908019B9ACD29
2016-06-02_15:26:03 EnO_VLD_019FEE73 00006908019B9ACD29
2016-06-02_15:26:44 EnO_VLD_019FEE73 00006808019B9ACD29
2016-06-02_15:27:06 EnO_VLD_019FEE73 00006808019B9ACD29
2016-06-02_15:27:34 EnO_VLD_019FEE73 00006708019B9ACD29
2016-06-02_15:27:56 EnO_VLD_019FEE73 00006708019B9ACD29
2016-06-02_15:28:21 EnO_VLD_019FEE73 00006708019B9ACD29
2016-06-02_15:28:50 EnO_VLD_019FEE73 00006708019B9ACD29
2016-06-02_15:29:12 EnO_VLD_019FEE73 00006708019B9ACD29
2016-06-02_15:29:56 EnO_VLD_019FEE73 00006708019B9ACD29
2016-06-02_15:30:28 EnO_VLD_019FEE73 00006608019B9ACD29
2016-06-02_15:31:02 EnO_VLD_019FEE73 00006708019B9ACD29
2016-06-02_15:31:24 EnO_VLD_019FEE73 00006608019B9ACD29
2016-06-02_15:32:02 EnO_VLD_019FEE73 00006608019B9ACD29
2016-06-02_15:32:43 EnO_VLD_019FEE73 00006608019B9ACD29
2016-06-02_15:33:24 EnO_VLD_019FEE73 00006508019B9ACD29
2016-06-02_15:34:05 EnO_VLD_019FEE73 00006508019B9ACD29
2016-06-02_15:34:40 EnO_VLD_019FEE73 00006608019B9ACD29
2016-06-02_15:35:21 EnO_VLD_019FEE73 00006608019B9ACD29
2016-06-02_15:35:59 EnO_VLD_019FEE73 00006608019B9ACD29
2016-06-02_15:36:33 EnO_VLD_019FEE73 00006608019B9ACD29
2016-06-02_15:37:08 EnO_VLD_019FEE73 00006708019B9ACD29
2016-06-02_15:37:33 EnO_VLD_019FEE73 00006708019B9ACD29
2016-06-02_15:38:01 EnO_VLD_019FEE73 00006608019B9ACD29
2016-06-02_15:38:39 EnO_VLD_019FEE73 00006708019B9ACD29
2016-06-02_15:39:08 EnO_VLD_019FEE73 00006708019B9ACD29
2016-06-02_15:39:30 EnO_VLD_019FEE73 00006808019B9ACD29
2016-06-02_15:40:04 EnO_VLD_019FEE73 00006808019B9ACD29
2016-06-02_15:40:36 EnO_VLD_019FEE73 00006808019B9ACD29
2016-06-02_15:41:07 EnO_VLD_019FEE73 00006808019B9ACD29
2016-06-02_15:41:39 EnO_VLD_019FEE73 00006808019B9ACD29
2016-06-02_15:42:10 EnO_VLD_019FEE73 00006808019B9ACD29
2016-06-02_15:42:39 EnO_VLD_019FEE73 00006808019B9ACD29
2016-06-02_15:43:07 EnO_VLD_019FEE73 00006808019B9ACD29
2016-06-02_15:43:36 EnO_VLD_019FEE73 00006808019B9ACD29
2016-06-02_15:44:13 EnO_VLD_019FEE73 00006808019B9ACD29
2016-06-02_15:44:45 EnO_VLD_019FEE73 00006808019B9ACD29
2016-06-02_15:45:07 EnO_VLD_019FEE73 00006808019B9ACD29
2016-06-02_15:45:38 EnO_VLD_019FEE73 00006808019B9ACD29
2016-06-02_15:46:01 EnO_VLD_019FEE73 00006908019B9ACD29
2016-06-02_15:46:41 EnO_VLD_019FEE73 00006808019B9ACD29
2016-06-02_15:47:07 EnO_VLD_019FEE73 00006808019B9ACD29
2016-06-02_15:47:35 EnO_VLD_019FEE73 00006808019B9ACD29
2016-06-02_15:48:10 EnO_VLD_019FEE73 00006808019B9ACD29
2016-06-02_15:48:35 EnO_VLD_019FEE73 00006808019B9ACD29
2016-06-02_15:48:57 EnO_VLD_019FEE73 00006808019B9ACD29
2016-06-02_15:49:41 EnO_VLD_019FEE73 00006808019B9ACD29
2016-06-02_15:50:09 EnO_VLD_019FEE73 00006808019B9ACD29
2016-06-02_15:50:38 EnO_VLD_019FEE73 00006808019B9ACD29
2016-06-02_15:51:06 EnO_VLD_019FEE73 00006808019B9ACD29
2016-06-02_15:51:28 EnO_VLD_019FEE73 00006808019B9ACD29
2016-06-02_15:51:53 EnO_VLD_019FEE73 00006808019B9ACD29
2016-06-02_15:52:19 EnO_VLD_019FEE73 00006908019B9ACD29
2016-06-02_15:52:56 EnO_VLD_019FEE73 00006808019B9ACD29
2016-06-02_15:53:28 EnO_VLD_019FEE73 00006808019B9ACD29
2016-06-02_15:54:12 EnO_VLD_019FEE73 00006708019B9ACD29
2016-06-02_15:54:56 EnO_VLD_019FEE73 00006808019B9ACD29
2016-06-02_15:55:34 EnO_VLD_019FEE73 00006808019B9ACD29
2016-06-02_15:56:06 EnO_VLD_019FEE73 00006808019B9ACD29
2016-06-02_15:56:31 EnO_VLD_019FEE73 00006808019B9ACD29
2016-06-02_15:57:02 EnO_VLD_019FEE73 00006808019B9ACD29
2016-06-02_15:57:31 EnO_VLD_019FEE73 00006808019B9ACD29
2016-06-02_15:57:59 EnO_VLD_019FEE73 00006808019B9ACD29
2016-06-02_15:58:31 EnO_VLD_019FEE73 00006808019B9ACD29
2016-06-02_15:59:02 EnO_VLD_019FEE73 00006708019B9ACD29
2016-06-02_15:59:43 EnO_VLD_019FEE73 00006808019B9ACD29
2016-06-02_16:00:21 EnO_VLD_019FEE73 00006708019B9ACD29
2016-06-02_16:01:02 EnO_VLD_019FEE73 00006708019B9ACD29
2016-06-02_16:01:43 EnO_VLD_019FEE73 00006808019B9ACD29
2016-06-02_16:02:17 EnO_VLD_019FEE73 00006808019B9ACD29
2016-06-02_16:02:55 EnO_VLD_019FEE73 00006708019B9ACD29
2016-06-02_16:03:36 EnO_VLD_019FEE73 00006808019B9ACD29
2016-06-02_16:04:14 EnO_VLD_019FEE73 00006808019B9ACD29
2016-06-02_16:04:52 EnO_VLD_019FEE73 00006708019B9ACD29
2016-06-02_16:05:33 EnO_VLD_019FEE73 00006808019B9ACD29
2016-06-02_16:06:08 EnO_VLD_019FEE73 00006708019B9ACD29
2016-06-02_16:06:48 EnO_VLD_019FEE73 00006708019B9ACD29
2016-06-02_16:07:33 EnO_VLD_019FEE73 00006708019B9ACD29
2016-06-02_16:08:14 EnO_VLD_019FEE73 00006708019B9ACD29
2016-06-02_16:08:36 EnO_VLD_019FEE73 00006708019B9ACD29
2016-06-02_16:08:58 EnO_VLD_019FEE73 00006808019B9ACD29
2016-06-02_16:09:36 EnO_VLD_019FEE73 00006808019B9ACD29
2016-06-02_16:10:13 EnO_VLD_019FEE73 00006708019B9ACD29
2016-06-02_16:10:35 EnO_VLD_019FEE73 00006708019B9ACD29
2016-06-02_16:11:20 EnO_VLD_019FEE73 00006708019B9ACD29
2016-06-02_16:12:04 EnO_VLD_019FEE73 00006708019B9ACD29
2016-06-02_16:12:32 EnO_VLD_019FEE73 00006708019B9ACD29
2016-06-02_16:13:00 EnO_VLD_019FEE73 00006708019B9ACD29
2016-06-02_16:13:29 EnO_VLD_019FEE73 00006708019B9ACD29
2016-06-02_16:14:00 EnO_VLD_019FEE73 00006708019B9ACD29
2016-06-02_16:14:44 EnO_VLD_019FEE73 00006708019B9ACD29
2016-06-02_16:15:25 EnO_VLD_019FEE73 00006708019B9ACD29
2016-06-02_16:15:51 EnO_VLD_019FEE73 00006808019B9ACD29
2016-06-02_16:16:28 EnO_VLD_019FEE73 00006708019B9ACD29
2016-06-02_16:17:13 EnO_VLD_019FEE73 00006708019B9ACD29
2016-06-02_16:17:57 EnO_VLD_019FEE73 00006708019B9ACD29
2016-06-02_16:18:38 EnO_VLD_019FEE73 00006708019B9ACD29
2016-06-02_16:19:00 EnO_VLD_019FEE73 00006808019B9ACD29
2016-06-02_16:19:37 EnO_VLD_019FEE73 00006708019B9ACD29
2016-06-02_16:20:18 EnO_VLD_019FEE73 00006708019B9ACD29
2016-06-02_16:21:03 EnO_VLD_019FEE73 00006608019B9ACD29
2016-06-02_16:21:37 EnO_VLD_019FEE73 00006708019B9ACD29
2016-06-02_16:22:06 EnO_VLD_019FEE73 00006708019B9ACD29
2016-06-02_16:22:47 EnO_VLD_019FEE73 00006708019B9ACD29
2016-06-02_16:23:18 EnO_VLD_019FEE73 00006708019B9ACD29
2016-06-02_16:23:40 EnO_VLD_019FEE73 00006708019B9ACD29
2016-06-02_16:24:12 EnO_VLD_019FEE73 00006708019B9ACD29
2016-06-02_16:24:37 EnO_VLD_019FEE73 00006708019B9ACD29
2016-06-02_16:25:02 EnO_VLD_019FEE73 00006708019B9ACD29
2016-06-02_16:25:27 EnO_VLD_019FEE73 00006708019B9ACD29
2016-06-02_16:25:53 EnO_VLD_019FEE73 00006708019B9ACD29
2016-06-02_16:26:20 EnO_VLD_019FEE73 00006608019B9ACD29
2016-06-02_16:27:01 EnO_VLD_019FEE73 00006608019B9ACD29
2016-06-02_16:27:30 EnO_VLD_019FEE73 00006608019B9ACD29
2016-06-02_16:28:04 EnO_VLD_019FEE73 00006708019B9ACD29
2016-06-02_16:28:38 EnO_VLD_019FEE73 00006608019B9ACD29
2016-06-02_16:29:07 EnO_VLD_019FEE73 00006508019B9ACD29
2016-06-02_16:29:42 EnO_VLD_019FEE73 00006608019B9ACD29
2016-06-02_16:30:11 EnO_VLD_019FEE73 00006608019B9ACD29
2016-06-02_16:30:39 EnO_VLD_019FEE73 00006508019B9ACD29
2016-06-02_16:31:20 EnO_VLD_019FEE73 00006508019B9ACD29
2016-06-02_16:32:04 EnO_VLD_019FEE73 00006508019B9ACD29
2016-06-02_16:32:39 EnO_VLD_019FEE73 00006608019B9ACD29
2016-06-02_16:33:08 EnO_VLD_019FEE73 00006508019B9ACD29
2016-06-02_16:33:32 EnO_VLD_019FEE73 00006508019B9ACD29
2016-06-02_16:34:07 EnO_VLD_019FEE73 00006608019B9ACD29
2016-06-02_16:34:29 EnO_VLD_019FEE73 00006608019B9ACD29
2016-06-02_16:34:57 EnO_VLD_019FEE73 00006608019B9ACD29
2016-06-02_16:35:23 EnO_VLD_019FEE73 00006608019B9ACD29
2016-06-02_16:36:04 EnO_VLD_019FEE73 00006608019B9ACD29
2016-06-02_16:36:26 EnO_VLD_019FEE73 00006608019B9ACD29
2016-06-02_16:37:03 EnO_VLD_019FEE73 00006608019B9ACD29
2016-06-02_16:37:48 EnO_VLD_019FEE73 00006608019B9ACD29
2016-06-02_16:38:16 EnO_VLD_019FEE73 00006608019B9ACD29
2016-06-02_16:38:54 EnO_VLD_019FEE73 00006608019B9ACD29
2016-06-02_16:39:16 EnO_VLD_019FEE73 00006608019B9ACD29
2016-06-02_16:39:38 EnO_VLD_019FEE73 00006608019B9ACD29
2016-06-02_16:40:00 EnO_VLD_019FEE73 00006608019B9ACD29
2016-06-02_16:40:38 EnO_VLD_019FEE73 00006608019B9ACD29
2016-06-02_16:41:12 EnO_VLD_019FEE73 00006708019B9ACD29
2016-06-02_16:41:44 EnO_VLD_019FEE73 00006608019B9ACD29
2016-06-14_18:41:44 EnO_VLD_019FEE73 00006608019B9ACD29
2016-06-14_18:41:44 EnO_VLD_019FEE73 00006608019B9ACD29
2016-06-14_18:41:44 EnO_VLD_019FEE73 0000660808FFFFFF29
2016-06-14_18:41:44 EnO_VLD_019FEE73 0000660808FFFFFF29