2016-05-25_13:21:53 EnO_switch_01A0A8CB buttons: pressed
2016-05-25_13:21:53 EnO_switch_01A0A8CB pressed
2016-05-25_13:22:08 EnO_switch_01A0A8CB buttons: released
2016-05-25_13:22:08 EnO_switch_01A0A8CB buttons: released
2016-05-25_13:22:09 EnO_switch_01A0A8CB buttons: pressed
2016-05-25_13:22:09 EnO_switch_01A0A8CB pressed
2016-05-25_13:22:10 EnO_switch_01A0A8CB buttons: released
2016-05-25_13:22:10 EnO_switch_01A0A8CB buttons: released
2016-05-25_13:22:11 EnO_switch_01A0A8CB buttons: pressed
2016-05-25_13:22:11 EnO_switch_01A0A8CB pressed
2016-05-25_13:22:12 EnO_switch_01A0A8CB buttons: released
2016-05-25_13:22:12 EnO_switch_01A0A8CB buttons: released
2016-05-25_13:22:13 EnO_switch_01A0A8CB buttons: pressed
2016-05-25_13:22:13 EnO_switch_01A0A8CB pressed
2016-05-25_13:22:15 EnO_switch_01A0A8CB buttons: released
2016-05-25_13:22:15 EnO_switch_01A0A8CB buttons: released
2016-05-25_13:22:15 EnO_switch_01A0A8CB buttons: pressed
2016-05-25_13:22:15 EnO_switch_01A0A8CB pressed
2016-05-25_13:28:52 EnO_switch_01A0A8CB buttons: released
2016-05-25_13:28:52 EnO_switch_01A0A8CB buttons: released
2016-05-25_13:28:53 EnO_switch_01A0A8CB buttons: pressed
2016-05-25_13:28:53 EnO_switch_01A0A8CB pressed
2016-05-25_13:28:58 EnO_switch_01A0A8CB buttons: released
2016-05-25_13:28:58 EnO_switch_01A0A8CB buttons: released
2016-05-25_13:28:59 EnO_switch_01A0A8CB buttons: pressed
2016-05-25_13:28:59 EnO_switch_01A0A8CB pressed
2016-05-25_13:29:00 EnO_switch_01A0A8CB buttons: released
2016-05-25_13:29:00 EnO_switch_01A0A8CB buttons: released
2016-05-25_13:29:01 EnO_switch_01A0A8CB buttons: pressed
2016-05-25_13:29:01 EnO_switch_01A0A8CB pressed
2016-05-25_13:29:01 EnO_switch_01A0A8CB buttons: released
2016-05-25_13:29:01 EnO_switch_01A0A8CB buttons: released
2016-05-25_13:29:02 EnO_switch_01A0A8CB buttons: pressed
2016-05-25_13:29:02 EnO_switch_01A0A8CB pressed
2016-05-25_13:29:11 EnO_switch_01A0A8CB buttons: released
2016-05-25_13:29:11 EnO_switch_01A0A8CB buttons: released
2016-05-25_13:29:12 EnO_switch_01A0A8CB buttons: pressed
2016-05-25_13:29:12 EnO_switch_01A0A8CB pressed
2016-05-25_13:29:13 EnO_switch_01A0A8CB buttons: released
2016-05-25_13:29:13 EnO_switch_01A0A8CB buttons: released
2016-05-25_14:10:57 EnO_switch_01A0A8CB buttons: pressed
2016-05-25_14:10:57 EnO_switch_01A0A8CB pressed
2016-05-25_14:10:58 EnO_switch_01A0A8CB buttons: released
2016-05-25_14:10:58 EnO_switch_01A0A8CB buttons: released
2016-05-25_14:10:59 EnO_switch_01A0A8CB buttons: pressed
2016-05-25_14:10:59 EnO_switch_01A0A8CB pressed
2016-05-25_14:11:00 EnO_switch_01A0A8CB buttons: released
2016-05-25_14:11:00 EnO_switch_01A0A8CB buttons: released
2016-05-25_14:11:12 EnO_switch_01A0A8CB buttons: pressed
2016-05-25_14:11:12 EnO_switch_01A0A8CB pressed
2016-05-25_14:11:13 EnO_switch_01A0A8CB buttons: released
2016-05-25_14:11:13 EnO_switch_01A0A8CB buttons: released
2016-05-25_14:11:27 EnO_switch_01A0A8CB buttons: pressed
2016-05-25_14:11:27 EnO_switch_01A0A8CB pressed
2016-05-25_14:11:28 EnO_switch_01A0A8CB buttons: released
2016-05-25_14:11:28 EnO_switch_01A0A8CB buttons: released
2016-05-25_14:11:29 EnO_switch_01A0A8CB buttons: pressed
2016-05-25_14:11:29 EnO_switch_01A0A8CB pressed
2016-05-25_14:11:31 EnO_switch_01A0A8CB buttons: released
2016-05-25_14:11:31 EnO_switch_01A0A8CB buttons: released
2016-05-25_14:11:33 EnO_switch_01A0A8CB buttons: pressed
2016-05-25_14:11:33 EnO_switch_01A0A8CB pressed
2016-05-25_14:11:34 EnO_switch_01A0A8CB buttons: released
2016-05-25_14:11:34 EnO_switch_01A0A8CB buttons: released
2016-05-25_14:11:44 EnO_switch_01A0A8CB buttons: pressed
2016-05-25_14:11:44 EnO_switch_01A0A8CB pressed
2016-05-25_14:11:46 EnO_switch_01A0A8CB buttons: released
2016-05-25_14:11:46 EnO_switch_01A0A8CB buttons: released
2016-05-25_14:11:48 EnO_switch_01A0A8CB buttons: pressed
2016-05-25_14:11:48 EnO_switch_01A0A8CB pressed
2016-05-25_14:11:49 EnO_switch_01A0A8CB buttons: released
2016-05-25_14:11:49 EnO_switch_01A0A8CB buttons: released
2016-05-25_14:11:50 EnO_switch_01A0A8CB buttons: pressed
2016-05-25_14:11:50 EnO_switch_01A0A8CB pressed
2016-05-25_14:11:54 EnO_switch_01A0A8CB buttons: released
2016-05-25_14:11:54 EnO_switch_01A0A8CB buttons: released
2016-05-25_14:12:32 EnO_switch_01A0A8CB buttons: pressed
2016-05-25_14:12:32 EnO_switch_01A0A8CB channelA: A0
2016-05-25_14:12:32 EnO_switch_01A0A8CB A0
2016-05-25_14:12:33 EnO_switch_01A0A8CB buttons: released
2016-05-25_14:12:33 EnO_switch_01A0A8CB buttons: released
2016-05-25_14:12:36 EnO_switch_01A0A8CB buttons: pressed
2016-05-25_14:12:36 EnO_switch_01A0A8CB channelA: A0
2016-05-25_14:12:36 EnO_switch_01A0A8CB A0
2016-05-25_14:12:52 EnO_switch_01A0A8CB buttons: released
2016-05-25_14:12:52 EnO_switch_01A0A8CB buttons: released
2016-05-25_14:12:53 EnO_switch_01A0A8CB buttons: pressed
2016-05-25_14:12:53 EnO_switch_01A0A8CB pressed
2016-05-25_14:12:57 EnO_switch_01A0A8CB buttons: released
2016-05-25_14:12:57 EnO_switch_01A0A8CB buttons: released
2016-05-25_14:12:59 EnO_switch_01A0A8CB buttons: pressed
2016-05-25_14:12:59 EnO_switch_01A0A8CB pressed
2016-05-25_14:13:01 EnO_switch_01A0A8CB buttons: released
2016-05-25_14:13:01 EnO_switch_01A0A8CB buttons: released
2016-05-25_14:13:02 EnO_switch_01A0A8CB buttons: pressed
2016-05-25_14:13:02 EnO_switch_01A0A8CB pressed
2016-05-25_14:13:03 EnO_switch_01A0A8CB buttons: released
2016-05-25_14:13:03 EnO_switch_01A0A8CB buttons: released
2016-05-25_14:13:04 EnO_switch_01A0A8CB buttons: pressed
2016-05-25_14:13:04 EnO_switch_01A0A8CB pressed
2016-05-25_14:13:05 EnO_switch_01A0A8CB buttons: released
2016-05-25_14:13:05 EnO_switch_01A0A8CB buttons: released
2016-05-25_14:13:06 EnO_switch_01A0A8CB buttons: pressed
2016-05-25_14:13:06 EnO_switch_01A0A8CB pressed
2016-05-25_14:13:08 EnO_switch_01A0A8CB buttons: released
2016-05-25_14:13:08 EnO_switch_01A0A8CB buttons: released
2016-05-25_14:13:09 EnO_switch_01A0A8CB buttons: pressed
2016-05-25_14:13:09 EnO_switch_01A0A8CB pressed
2016-05-25_14:13:10 EnO_switch_01A0A8CB buttons: released
2016-05-25_14:13:10 EnO_switch_01A0A8CB buttons: released
2016-05-25_14:13:54 EnO_switch_01A0A8CB buttons: pressed
2016-05-25_14:13:54 EnO_switch_01A0A8CB pressed
2016-05-25_14:13:55 EnO_switch_01A0A8CB buttons: released
2016-05-25_14:13:55 EnO_switch_01A0A8CB buttons: released
2016-05-25_14:13:55 EnO_switch_01A0A8CB buttons: pressed
2016-05-25_14:13:55 EnO_switch_01A0A8CB pressed
2016-05-25_14:13:56 EnO_switch_01A0A8CB buttons: released
2016-05-25_14:13:56 EnO_switch_01A0A8CB buttons: released
2016-05-25_14:13:56 EnO_switch_01A0A8CB buttons: pressed
2016-05-25_14:13:56 EnO_switch_01A0A8CB pressed
2016-05-25_14:13:56 EnO_switch_01A0A8CB buttons: released
2016-05-25_14:13:56 EnO_switch_01A0A8CB buttons: released
2016-05-25_14:13:57 EnO_switch_01A0A8CB buttons: pressed
2016-05-25_14:13:57 EnO_switch_01A0A8CB pressed
2016-05-25_14:13:57 EnO_switch_01A0A8CB buttons: released
2016-05-25_14:13:57 EnO_switch_01A0A8CB buttons: released
2016-05-25_14:13:58 EnO_switch_01A0A8CB buttons: pressed
2016-05-25_14:13:58 EnO_switch_01A0A8CB pressed
2016-05-25_14:14:05 EnO_switch_01A0A8CB buttons: released
2016-05-25_14:14:05 EnO_switch_01A0A8CB buttons: released
2016-05-25_14:14:06 EnO_switch_01A0A8CB buttons: pressed
2016-05-25_14:14:06 EnO_switch_01A0A8CB pressed
2016-05-25_14:14:14 EnO_switch_01A0A8CB buttons: released
2016-05-25_14:14:14 EnO_switch_01A0A8CB buttons: released
2016-05-25_14:14:15 EnO_switch_01A0A8CB buttons: pressed
2016-05-25_14:14:15 EnO_switch_01A0A8CB pressed
2016-05-25_14:14:17 EnO_switch_01A0A8CB buttons: released
2016-05-25_14:14:17 EnO_switch_01A0A8CB buttons: released
2016-05-26_13:35:58 EnO_switch_01A0A8CB buttons: pressed
2016-05-26_13:35:58 EnO_switch_01A0A8CB keycard inserted
2016-05-26_13:36:02 EnO_switch_01A0A8CB buttons: pressed
2016-05-26_13:36:02 EnO_switch_01A0A8CB pressed
2016-05-26_13:36:03 EnO_switch_01A0A8CB buttons: released
2016-05-26_13:36:03 EnO_switch_01A0A8CB buttons: AI released
2016-05-26_13:36:04 EnO_switch_01A0A8CB buttons: pressed
2016-05-26_13:36:04 EnO_switch_01A0A8CB pressed
2016-05-26_13:36:05 EnO_switch_01A0A8CB buttons: released
2016-05-26_13:36:05 EnO_switch_01A0A8CB buttons: AI released
