2016-06-07_19:10:14 EnO_VLD_019FE089 FB12AD0086FAA89B98
2016-06-07_19:10:14 EnO_VLD_019FE089 00005308019B8C5133
2016-06-07_19:10:14 EnO_VLD_019FE089 FB005308019B8C5133
2016-06-07_19:10:18 EnO_VLD_019FE089 FB005308019B8C5133
2016-06-07_19:10:19 EnO_VLD_019FE089 FB005308019B8C5133
2016-06-07_19:10:19 EnO_VLD_019FE089 FB005308019B8C5133
2016-06-07_19:10:19 EnO_VLD_019FE089 FB005308019B8C5133
2016-06-07_19:10:45 EnO_VLD_019FE089 FB12AD0586FAA09B18
2016-06-07_19:10:45 EnO_VLD_019FE089 FB12AD0586FAA09B18
2016-06-07_19:16:08 EnO_VLD_019FE089 00005208019B9ACD2D
2016-06-07_19:16:20 EnO_VLD_019FE089 FBFFFFFFFFFFFFFFFF
2016-06-07_19:16:21 EnO_VLD_019FE089 FBFFFFFFFFFFFFFFFF
2016-06-07_19:16:27 EnO_VLD_019FE089 4DFFFFFFFFFFFFFFFF
2016-06-07_19:16:30 EnO_VLD_019FE089 0BFFFFFFFFFFFFFFFF
2016-06-07_19:17:02 EnO_VLD_019FE089 0BFFFFFFFFFFFFFFFF
2016-06-07_19:17:02 EnO_VLD_019FE089 0BFFFFFFFFFFFFFFFF
2016-06-07_19:17:37 EnO_VLD_019FE089 49FFFFFFFFFFFFFFFF
2016-06-07_19:17:37 EnO_VLD_019FE089 4AFFFFFFFFFFFFFFFF
2016-06-07_19:18:08 EnO_VLD_019FE089 A5000052FFFFFFFFFF
2016-06-07_19:18:14 EnO_VLD_019FE089 A508280BFFFFFFFFFF
2016-06-07_19:18:25 EnO_VLD_019FE089 A500004FFFFFFFFFFF
2016-06-07_19:18:40 EnO_VLD_019FE089 A5000055FFFFFFFFFF
2016-06-07_19:19:12 EnO_VLD_019FE089 A500005AFFFFFFFFFF
2016-06-07_19:20:46 EnO_VLD_019FE089 A500005DFFFFFFFFFF
2016-06-07_19:21:26 EnO_VLD_019FE089 F650FEFBFFFFFFFEFF
2016-06-07_19:21:26 EnO_VLD_019FE089 F600FEFBFFFFFFFEFF
2016-06-07_19:21:39 EnO_VLD_019FE089 A508280BFFFFFF80FF
2016-06-07_19:22:15 EnO_VLD_019FE089 F650FEFBFFFFFFFEFF
2016-06-07_19:22:15 EnO_VLD_019FE089 F600FEFBFFFFFFFEFF
2016-06-07_19:22:21 EnO_VLD_019FE089 A5000060FFFFFF08FF
2016-06-07_19:22:23 EnO_VLD_019FE089 A508280BFFFFFF80FF
2016-06-07_19:22:59 EnO_VLD_019FE089 F650FEFBFFFFFFFEFF
2016-06-07_19:22:59 EnO_VLD_019FE089 F600FEFBFFFFFFFEFF
2016-06-07_19:37:16 EnO_VLD_019FE089 A500004F08FFFFFFFF
2016-06-07_19:37:47 EnO_VLD_019FE089 A500005508FFFFFFFF
2016-06-07_19:38:19 EnO_VLD_019FE089 A500005908FFFFFFFF
2016-06-07_19:38:51 EnO_VLD_019FE089 A500005C08FFFFFFFF
2016-06-07_19:39:54 EnO_VLD_019FE089 A500005F08FFFFFFFF
2016-06-07_19:41:59 EnO_VLD_019FE089 A500006308FFFFFFFF
2016-06-07_19:41:59 EnO_VLD_019FE089 A500006308FFFFFFFF
2016-06-07_19:42:00 EnO_VLD_019FE089 A500006208FFFFFFFF
2016-06-07_19:42:00 EnO_VLD_019FE089 A500006208FFFFFFFF
2016-06-07_19:42:00 EnO_VLD_019FE089 A500006208FFFFFFFF
2016-06-07_19:42:01 EnO_VLD_019FE089 A500005B08FFFFFFFF
2016-06-07_19:42:02 EnO_VLD_019FE089 A500005B08FFFFFFFF
2016-06-07_19:42:02 EnO_VLD_019FE089 A508280B80FFFFFFFF
2016-06-07_19:42:04 EnO_VLD_019FE089 A500005E08FFFFFFFF
2016-06-07_19:42:05 EnO_VLD_019FE089 A500005C08FFFFFFFF
2016-06-07_19:42:05 EnO_VLD_019FE089 A500005B08FFFFFFFF
2016-06-07_19:42:07 EnO_VLD_019FE089 A508280B80FFFFFFFF
2016-06-07_19:48:03 EnO_VLD_019FE089 A500005108FFFFFFFF
2016-06-07_19:48:11 EnO_VLD_019FE089 A500005808FFFFFFFF
2016-06-07_19:51:42 EnO_VLD_019FE089 A500005808FFFFFFFF
2016-06-07_19:53:23 EnO_VLD_019FE089 A500005108FFFFFFFF
2016-06-07_19:55:34 EnO_VLD_019FE089 A500005808FFFFFFFF
2016-06-07_19:57:29 EnO_VLD_019FE089 A500005508FFFFFFFF
2016-06-07_19:57:29 EnO_VLD_019FE089 A500005608FFFFFFFF
2016-06-07_19:57:29 EnO_VLD_019FE089 A500005508FFFFFFFF
2016-06-07_19:57:30 EnO_VLD_019FE089 A500005508FFFFFFFF
2016-06-07_19:57:32 EnO_VLD_019FE089 A500005508FFFFFFFF
2016-06-07_19:57:32 EnO_VLD_019FE089 A500005608FFFFFFFF
2016-06-07_19:57:32 EnO_VLD_019FE089 A500005508FFFFFFFF
2016-06-07_19:57:32 EnO_VLD_019FE089 A500005608FFFFFFFF
2016-06-07_19:57:33 EnO_VLD_019FE089 A500005708FFFFFFFF
2016-06-07_19:58:44 EnO_VLD_019FE089 A500005808FFFFFFFF
2016-06-07_19:58:58 EnO_VLD_019FE089 A500005308FFFFFFFF
2016-06-07_19:59:28 EnO_VLD_019FE089 F650FEFBFDFFFFFFFF
2016-06-07_19:59:28 EnO_VLD_019FE089 F600FEFBFDFFFFFFFF
2016-06-07_19:59:29 EnO_VLD_019FE089 F670FEFBFDFFFFFFFF
2016-06-07_19:59:29 EnO_VLD_019FE089 F600FEFBFDFFFFFFFF
2016-06-07_20:02:36 EnO_VLD_019FE089 A500005808FFFFFFFF
2016-06-07_20:16:32 EnO_VLD_019FE089 A500004E08FFFFFFFF
2016-06-07_20:17:02 EnO_VLD_019FE089 A500005508FFFFFFFF
2016-06-07_20:19:11 EnO_VLD_019FE089 A500005108FFFFFFFF
2016-06-07_20:21:58 EnO_VLD_019FE089 A500005408FFFFFFFF
2016-06-07_20:22:21 EnO_VLD_019FE089 A500005408FFFFFFFF
2016-06-07_20:25:08 EnO_VLD_019FE089 A500005508FFFFFFFF
2016-06-07_20:27:37 EnO_VLD_019FE089 A500005008FFFFFFFF
2016-06-07_20:28:09 EnO_VLD_019FE089 A500004908FFFFFFFF
2016-06-07_20:28:40 EnO_VLD_019FE089 A500004608FFFFFFFF
2016-06-13_12:19:13 EnO_VLD_019FE089 977DFF0901897A3030
2016-06-13_12:20:31 EnO_VLD_019FE089 00005D08019B8C512D
2016-06-13_12:21:15 EnO_VLD_019FE089 987DFF0901897A3034
2016-06-13_12:23:26 EnO_VLD_019FE089 997DFF0901897A3030
2016-06-13_12:24:07 EnO_VLD_019FE089 70FFFFFFFEFBFE0330
2016-06-13_12:24:07 EnO_VLD_019FE089 00FFFFFFFEFBFE0331
2016-06-13_12:24:08 EnO_VLD_019FE089 50FFFFFFFEFBFE032D
2016-06-13_12:24:08 EnO_VLD_019FE089 00FFFFFFFEFBFE0330
2016-06-13_12:25:28 EnO_VLD_019FE089 997DFF0901897A3031
2016-06-13_12:26:19 EnO_VLD_019FE089 00005C08019B8C512D
2016-06-13_12:27:29 EnO_VLD_019FE089 9A7DFF0901897A3030
2016-06-13_12:28:30 EnO_VLD_019FE089 9A7DFF0901897A3040
2016-06-13_12:28:31 EnO_VLD_019FE089 9A7DFF0901897A3041
2016-06-13_12:28:36 EnO_VLD_019FE089 9A7DFF0901897A3037
2016-06-13_12:28:42 EnO_VLD_019FE089 9A7DFF0901897A303D
2016-06-13_12:28:42 EnO_VLD_019FE089 997DFF0901897A303C
2016-06-13_12:28:48 EnO_VLD_019FE089 1C080B8701897A302E
2016-06-13_12:28:52 EnO_VLD_019FE089 997DFF0901897A3034
2016-06-13_12:29:20 EnO_VLD_019FE089 9A7DFF0901897A303C
2016-06-13_12:31:21 EnO_VLD_019FE089 9B7DFF0901897A3033
2016-06-13_12:32:38 EnO_VLD_019FE089 00005D08019B8C512D
2016-06-13_12:33:26 EnO_VLD_019FE089 9C7DFF0901897A3033
2016-06-13_12:35:55 EnO_VLD_019FE089 9D7DFF0901897A3031
2016-06-13_12:37:59 EnO_VLD_019FE089 9D7DFF0901897A303A
2016-06-13_12:39:29 EnO_VLD_019FE089 00005E08019B8C512D
2016-06-13_12:40:18 EnO_VLD_019FE089 9D7DFF0901897A3036
2016-06-13_12:43:26 EnO_VLD_019FE089 9F7DFF0901897A3037
2016-06-13_12:45:27 EnO_VLD_019FE089 9F7DFF0901897A303D
2016-06-13_12:48:01 EnO_VLD_019FE089 A07DFF0901897A3034
2016-06-13_12:48:26 EnO_VLD_019FE089 00005E08019B8C512D
2016-06-13_12:50:17 EnO_VLD_019FE089 A17DFF0901897A3030
2016-06-13_12:52:19 EnO_VLD_019FE089 A17DFF0901897A302E
2016-06-13_12:52:39 EnO_VLD_019FE089 00005E08019B8C512D
2016-06-13_12:54:21 EnO_VLD_019FE089 A27DFF0901897A3030
2016-06-13_12:56:24 EnO_VLD_019FE089 A37DFF0901897A302D
2016-06-13_12:57:23 EnO_VLD_019FE089 00005D08019B8C512D
2016-06-13_12:58:28 EnO_VLD_019FE089 A37DFF0901897A302E
2016-06-13_13:00:29 EnO_VLD_019FE089 A47DFF0901897A3034
2016-06-13_13:01:36 EnO_VLD_019FE089 00005D08019B8C5129
2016-06-13_14:05:27 EnO_VLD_019FE089 AD7DFF0901897A303D
2016-06-13_14:05:48 EnO_VLD_019FE089 AE7DFF0901897A3034
2016-06-13_14:05:48 EnO_VLD_019FE089 AC7DFF0901897A3034
2016-06-13_14:05:49 EnO_VLD_019FE089 AB7DFF0901897A3036
2016-06-13_14:06:02 EnO_VLD_019FE089 AD7DFF0901897A3040
2016-06-13_14:06:03 EnO_VLD_019FE089 AC7DFF0901897A3044
2016-06-13_14:06:03 EnO_VLD_019FE089 A97DFF0901897A3041
2016-06-13_14:06:04 EnO_VLD_019FE089 A87DFF0901897A3043
2016-06-13_14:07:03 EnO_VLD_019FE089 00004608019B8C512E
2016-06-13_14:08:05 EnO_VLD_019FE089 AE7DFF0901897A3036
2016-06-13_14:10:06 EnO_VLD_019FE089 AE7DFF0901897A3036
2016-06-13_14:11:49 EnO_VLD_019FE089 00004508019B8C512D
2016-06-13_14:12:21 EnO_VLD_019FE089 AF7DFF0901897A3033
2016-06-13_14:13:15 EnO_VLD_019FE089 FFFFFF0F0180831956
2016-06-13_14:14:45 EnO_VLD_019FE089 AF7DFF0901897A3033
2016-06-13_14:16:47 EnO_VLD_019FE089 B07DFF0901897A3033
2016-06-13_14:17:06 EnO_VLD_019FE089 00004408019B8C512D
2016-06-13_14:18:50 EnO_VLD_019FE089 B07DFF0901897A3034
2016-06-13_14:20:53 EnO_VLD_019FE089 B17DFF0901897A3033
2016-06-13_14:21:54 EnO_VLD_019FE089 FFFFFF0F0180831929
2016-06-13_14:21:55 EnO_VLD_019FE089 FFFFFF0F018083192D
2016-06-13_14:22:55 EnO_VLD_019FE089 B17DFF0901897A3034
2016-06-13_14:31:49 EnO_VLD_019FE089 00004F08019B8C5130
2016-06-13_14:31:49 EnO_VLD_019FE089 00FFFFFFFFFFFF0031
2016-06-13_14:31:49 EnO_VLD_019FE089 00FFFFFF004F080131
2016-06-13_14:31:49 EnO_VLD_019FE089 00FFFFFFFFFFFFFF33
2016-06-14_15:46:23 EnO_VLD_019FE089 8D7DFF0901897A3044
2016-06-14_15:46:27 EnO_VLD_019FE089 8D7D000901897A3037
2016-06-14_15:46:32 EnO_VLD_019FE089 8D7DFF0901897A3041
2016-06-14_15:46:32 EnO_VLD_019FE089 50FFFFFFFEFBFE0341
2016-06-14_15:46:32 EnO_VLD_019FE089 00FFFFFFFEFBFE0344
2016-06-14_15:46:32 EnO_VLD_019FE089 50FFFFFFFEFBFE0344
2016-06-14_15:46:32 EnO_VLD_019FE089 00FFFFFFFEFBFE033A
2016-06-14_15:46:33 EnO_VLD_019FE089 70FFFFFFFEFBFE033C
2016-06-14_15:46:33 EnO_VLD_019FE089 00FFFFFFFEFBFE0340
2016-06-14_15:46:34 EnO_VLD_019FE089 8D7D000901897A303D
2016-06-14_15:46:34 EnO_VLD_019FE089 8D7DFF0901897A303D
2016-06-14_15:46:50 EnO_VLD_019FE089 8D7D000901897A3047
2016-06-14_15:46:50 EnO_VLD_019FE089 8D7DFF0901897A3044
2016-06-14_15:46:55 EnO_VLD_019FE089 8D7D000901897A303C
2016-06-14_15:46:57 EnO_VLD_019FE089 8D7DFF0901897A3041
2016-06-14_15:47:05 EnO_VLD_019FE089 8D7D000901897A3041
2016-06-14_15:47:17 EnO_VLD_019FE089 50FFFFFFFEFBFE032D
2016-06-14_15:47:17 EnO_VLD_019FE089 00FFFFFFFEFBFE032D
2016-06-14_15:47:18 EnO_VLD_019FE089 70FFFFFFFEFBFE032D
2016-06-14_15:47:18 EnO_VLD_019FE089 00FFFFFFFEFBFE032D
2016-06-14_15:47:22 EnO_VLD_019FE089 8D7D000901897A303A
2016-06-14_15:47:22 EnO_VLD_019FE089 50FFFFFFFEFBFE032E
2016-06-14_15:47:22 EnO_VLD_019FE089 00FFFFFFFEFBFE0334
2016-06-14_15:47:22 EnO_VLD_019FE089 8D7DFF0901897A3039
2016-06-14_15:47:23 EnO_VLD_019FE089 70FFFFFFFEFBFE032D
2016-06-14_15:47:23 EnO_VLD_019FE089 00FFFFFFFEFBFE032D
2016-06-14_15:47:30 EnO_VLD_019FE089 8D7D000901897A303D
2016-06-14_15:47:32 EnO_VLD_019FE089 8D7DFF0901897A3044
2016-06-14_15:47:37 EnO_VLD_019FE089 8D7D000901897A303A
2016-06-14_15:47:37 EnO_VLD_019FE089 8D7DFF0901897A303A
2016-06-14_15:47:40 EnO_VLD_019FE089 8D7D000901897A303A
2016-06-14_15:47:41 EnO_VLD_019FE089 8D7DFF0901897A303A
2016-06-14_15:47:44 EnO_VLD_019FE089 8D7D000901897A303A
2016-06-14_15:47:49 EnO_VLD_019FE089 8D7DFF0901897A3037
2016-06-14_15:47:53 EnO_VLD_019FE089 8D7D000901897A303A
2016-06-14_15:47:53 EnO_VLD_019FE089 8D7DFF0901897A303A
2016-06-14_15:47:58 EnO_VLD_019FE089 70FFFFFFFEFBFE032D
2016-06-14_15:47:58 EnO_VLD_019FE089 00FFFFFFFEFBFE032D
2016-06-14_15:47:59 EnO_VLD_019FE089 8D7D000901897A3039
2016-06-14_15:47:59 EnO_VLD_019FE089 8D7DFF0901897A303A
2016-06-14_15:48:06 EnO_VLD_019FE089 8D7D000901897A3037
2016-06-14_15:48:07 EnO_VLD_019FE089 70FFFFFFFEFBFE032D
2016-06-14_15:48:07 EnO_VLD_019FE089 00FFFFFFFEFBFE032D
2016-06-14_15:48:08 EnO_VLD_019FE089 50FFFFFFFEFBFE032D
2016-06-14_15:48:08 EnO_VLD_019FE089 00FFFFFFFEFBFE032D
2016-06-14_15:48:13 EnO_VLD_019FE089 8D7DFF0901897A303C
2016-06-14_15:48:16 EnO_VLD_019FE089 8D7D000901897A3039
2016-06-14_15:48:16 EnO_VLD_019FE089 8D7DFF0901897A3039
2016-06-14_15:48:19 EnO_VLD_019FE089 8D7D000901897A3039
2016-06-14_15:48:20 EnO_VLD_019FE089 8D7DFF0901897A3037
2016-06-14_15:48:22 EnO_VLD_019FE089 8D7D000901897A3039
2016-06-14_15:48:24 EnO_VLD_019FE089 8D7DFF0901897A303D
2016-06-14_15:48:31 EnO_VLD_019FE089 8D7D000901897A3036
2016-06-14_15:48:36 EnO_VLD_019FE089 8D7DFF0901897A303D
2016-06-14_15:48:41 EnO_VLD_019FE089 8D7D000901897A303A
2016-06-14_15:48:41 EnO_VLD_019FE089 8D7DFF0901897A303C
2016-06-14_15:48:46 EnO_VLD_019FE089 8D7D000901897A303C
2016-06-14_15:48:48 EnO_VLD_019FE089 8D7DFF0901897A3039
2016-06-14_15:48:55 EnO_VLD_019FE089 8D7D000901897A3039
2016-06-14_15:48:57 EnO_VLD_019FE089 8D7DFF0901897A3037
2016-06-14_15:49:07 EnO_VLD_019FE089 8D7D000901897A3039
2016-06-14_15:49:08 EnO_VLD_019FE089 8D7DFF0901897A303C
2016-06-14_15:50:04 EnO_VLD_019FE089 00005608019B8C513A
2016-06-14_15:55:54 EnO_VLD_019FE089 8D7DFF0901897A3043
